#
# There is insufficient memory for the Java Runtime Environment to continue.
# Native memory allocation (malloc) failed to allocate 370624 bytes for Chunk::new
# Possible reasons:
#   The system is out of physical RAM or swap space
#   The process is running with CompressedOops enabled, and the Java Heap may be blocking the growth of the native heap
# Possible solutions:
#   Reduce memory load on the system
#   Increase physical memory or swap space
#   Check if swap backing store is full
#   Decrease Java heap size (-Xmx/-Xms)
#   Decrease number of Java threads
#   Decrease Java thread stack sizes (-Xss)
#   Set larger code cache with -XX:ReservedCodeCacheSize=
#   JVM is running with Zero Based Compressed Oops mode in which the Java heap is
#     placed in the first 32GB address space. The Java Heap base address is the
#     maximum limit for the native heap growth. Please use -XX:HeapBaseMinAddress
#     to set the Java Heap base and to place the Java Heap above 32GB virtual address.
# This output file may be truncated or incomplete.
#
#  Out of Memory Error (t:/workspace/open/src/hotspot/share/memory/arena.cpp:196), pid=13836, tid=16380
#
# JRE version: Java(TM) SE Runtime Environment (13.0.1+9) (build 13.0.1+9)
# Java VM: Java HotSpot(TM) 64-Bit Server VM (13.0.1+9, mixed mode, sharing, tiered, compressed oops, g1 gc, windows-amd64)
# No core dump will be written. Minidumps are not enabled by default on client versions of Windows
#

---------------  S U M M A R Y ------------

Command Line: -Dmaven.home=EMBEDDED -Dclassworlds.conf=D:\Jorge\Eclipse\workspace\.metadata\.plugins\org.eclipse.m2e.launching\launches\m2conf10814056629891245079.tmp -Dmaven.multiModuleProjectDirectory=D:\Jorge\Eclipse\workspace\Back-End-ECommerce-Social-Networks -Dfile.encoding=Cp1252 org.codehaus.plexus.classworlds.launcher.Launcher -B install

Host: Intel(R) Core(TM) i5-8265U CPU @ 1.60GHz, 8 cores, 15G,  Windows 10 , 64 bit Build 18362 (10.0.18362.1500)
Time: Mon Apr 18 18:30:53 2022 Hora estándar, América Central elapsed time: 4 seconds (0d 0h 0m 4s)

---------------  T H R E A D  ---------------

Current thread (0x00000210c17a9000):  JavaThread "C2 CompilerThread0" daemon [_thread_in_native, id=16380, stack(0x00000019e8100000,0x00000019e8200000)]


Current CompileTask:
C2:   4037 4333       4       org.codehaus.plexus.classworlds.realm.Entry::matches (282 bytes)

Stack: [0x00000019e8100000,0x00000019e8200000]
Native frames: (J=compiled Java code, j=interpreted, Vv=VM code, C=native code)
V  [jvm.dll+0x626eca]
V  [jvm.dll+0x772c6a]
V  [jvm.dll+0x77441f]
V  [jvm.dll+0x774a23]
V  [jvm.dll+0x24da58]
V  [jvm.dll+0xc3ae7]
V  [jvm.dll+0xc406c]
V  [jvm.dll+0x35de75]
V  [jvm.dll+0x329593]
V  [jvm.dll+0x32896a]
V  [jvm.dll+0x2078c7]
V  [jvm.dll+0x206adf]
V  [jvm.dll+0x18b94c]
V  [jvm.dll+0x2159bd]
V  [jvm.dll+0x213e6b]
V  [jvm.dll+0x738b16]
V  [jvm.dll+0x731c0a]
V  [jvm.dll+0x6260c6]
C  [ucrtbase.dll+0x210b2]
C  [KERNEL32.DLL+0x17c24]
C  [ntdll.dll+0x6d721]


---------------  P R O C E S S  ---------------

Threads class SMR info:
_java_thread_list=0x00000210c1940fc0, length=22, elements={
0x000002109d30d000, 0x00000210c0f05000, 0x00000210c0f07800, 0x00000210c17a4800,
0x00000210c17a7800, 0x00000210c17a9000, 0x00000210c17b0800, 0x00000210c17b4000,
0x00000210c18e8000, 0x00000210c18e4000, 0x00000210c18e5800, 0x00000210c18e8800,
0x00000210c18e7000, 0x00000210c18e6000, 0x00000210c18e3000, 0x00000210c18e4800,
0x00000210c18e9800, 0x00000210c4073000, 0x00000210c4075000, 0x00000210c4072000,
0x00000210c4073800, 0x00000210c23e9800
}

Java Threads: ( => current thread )
  0x000002109d30d000 JavaThread "main" [_thread_in_native, id=20248, stack(0x00000019e7600000,0x00000019e7700000)]
  0x00000210c0f05000 JavaThread "Reference Handler" daemon [_thread_blocked, id=23104, stack(0x00000019e7d00000,0x00000019e7e00000)]
  0x00000210c0f07800 JavaThread "Finalizer" daemon [_thread_blocked, id=27280, stack(0x00000019e7e00000,0x00000019e7f00000)]
  0x00000210c17a4800 JavaThread "Signal Dispatcher" daemon [_thread_blocked, id=6920, stack(0x00000019e7f00000,0x00000019e8000000)]
  0x00000210c17a7800 JavaThread "Attach Listener" daemon [_thread_blocked, id=23256, stack(0x00000019e8000000,0x00000019e8100000)]
=>0x00000210c17a9000 JavaThread "C2 CompilerThread0" daemon [_thread_in_native, id=16380, stack(0x00000019e8100000,0x00000019e8200000)]
  0x00000210c17b0800 JavaThread "C1 CompilerThread0" daemon [_thread_blocked, id=16684, stack(0x00000019e8200000,0x00000019e8300000)]
  0x00000210c17b4000 JavaThread "Sweeper thread" daemon [_thread_blocked, id=8296, stack(0x00000019e8300000,0x00000019e8400000)]
  0x00000210c18e8000 JavaThread "Service Thread" daemon [_thread_blocked, id=1448, stack(0x00000019e8400000,0x00000019e8500000)]
  0x00000210c18e4000 JavaThread "Common-Cleaner" daemon [_thread_blocked, id=12280, stack(0x00000019e8600000,0x00000019e8700000)]
  0x00000210c18e5800 JavaThread "resolver-1" daemon [_thread_blocked, id=10276, stack(0x00000019e8e00000,0x00000019e8f00000)]
  0x00000210c18e8800 JavaThread "resolver-2" daemon [_thread_blocked, id=18392, stack(0x00000019e8f00000,0x00000019e9000000)]
  0x00000210c18e7000 JavaThread "resolver-3" daemon [_thread_blocked, id=21948, stack(0x00000019e9000000,0x00000019e9100000)]
  0x00000210c18e6000 JavaThread "resolver-4" daemon [_thread_blocked, id=25452, stack(0x00000019e9100000,0x00000019e9200000)]
  0x00000210c18e3000 JavaThread "resolver-5" daemon [_thread_blocked, id=13364, stack(0x00000019e9200000,0x00000019e9300000)]
  0x00000210c18e4800 JavaThread "timeout-check-timer" daemon [_thread_blocked, id=11956, stack(0x00000019e9300000,0x00000019e9400000)]
  0x00000210c18e9800 JavaThread "ping-timer-10s" daemon [_thread_blocked, id=10328, stack(0x00000019e9400000,0x00000019e9500000)]
  0x00000210c4073000 JavaThread "ThreadedStreamConsumer" daemon [_thread_blocked, id=23516, stack(0x00000019e9500000,0x00000019e9600000)]
  0x00000210c4075000 JavaThread "Thread-2" [_thread_blocked, id=27080, stack(0x00000019e9600000,0x00000019e9700000)]
  0x00000210c4072000 JavaThread "Thread-3" [_thread_in_native, id=11024, stack(0x00000019e9700000,0x00000019e9800000)]
  0x00000210c4073800 JavaThread "Thread-4" [_thread_in_native, id=22556, stack(0x00000019e9800000,0x00000019e9900000)]
  0x00000210c23e9800 JavaThread "C2 CompilerThread1" daemon [_thread_in_native, id=18824, stack(0x00000019e8700000,0x00000019e8800000)]

Other Threads:
  0x00000210c0f00800 VMThread "VM Thread" [stack: 0x00000019e7c00000,0x00000019e7d00000] [id=1468]
  0x00000210c191a000 WatcherThread [stack: 0x00000019e8500000,0x00000019e8600000] [id=25276]
  0x000002109d377800 GCTaskThread "GC Thread#0" [stack: 0x00000019e7700000,0x00000019e7800000] [id=23144]
  0x00000210c222d000 GCTaskThread "GC Thread#1" [stack: 0x00000019e8900000,0x00000019e8a00000] [id=13600]
  0x00000210c28cd000 GCTaskThread "GC Thread#2" [stack: 0x00000019e8a00000,0x00000019e8b00000] [id=20452]
  0x00000210c2908800 GCTaskThread "GC Thread#3" [stack: 0x00000019e8b00000,0x00000019e8c00000] [id=22264]
  0x00000210c2784800 GCTaskThread "GC Thread#4" [stack: 0x00000019e8c00000,0x00000019e8d00000] [id=11172]
  0x00000210c295c000 GCTaskThread "GC Thread#5" [stack: 0x00000019e8d00000,0x00000019e8e00000] [id=15080]
  0x000002109d399000 ConcurrentGCThread "G1 Main Marker" [stack: 0x00000019e7800000,0x00000019e7900000] [id=22628]
  0x000002109d39b000 ConcurrentGCThread "G1 Conc#0" [stack: 0x00000019e7900000,0x00000019e7a00000] [id=12268]
  0x00000210c0dfb000 ConcurrentGCThread "G1 Refine#0" [stack: 0x00000019e7a00000,0x00000019e7b00000] [id=10044]
  0x00000210c0e00000 ConcurrentGCThread "G1 Young RemSet Sampling" [stack: 0x00000019e7b00000,0x00000019e7c00000] [id=26696]

Threads with active compile tasks:
C2 CompilerThread0     4046 4333       4       org.codehaus.plexus.classworlds.realm.Entry::matches (282 bytes)
C2 CompilerThread1     4046 4345  s    4       org.fusesource.jansi.AnsiPrintStream::filter (948 bytes)

VM state:not at safepoint (normal execution)

VM Mutex/Monitor currently owned by a thread: None

Heap address: 0x0000000701e00000, size: 4066 MB, Compressed Oops mode: Zero based, Oop shift amount: 3
Narrow klass base: 0x0000000800000000, Narrow klass shift: 3
Compressed class space size: 1073741824 Address: 0x0000000800b40000

Heap:
 garbage-first heap   total 262144K, used 87163K [0x0000000701e00000, 0x0000000800000000)
  region size 1024K, 86 young (88064K), 17 survivors (17408K)
 Metaspace       used 17657K, capacity 18272K, committed 18560K, reserved 1064960K
  class space    used 1857K, capacity 2052K, committed 2176K, reserved 1048576K
Heap Regions: E=young(eden), S=young(survivor), O=old, HS=humongous(starts), HC=humongous(continues), CS=collection set, F=free, A=archive, TAMS=top-at-mark-start (previous, next)
|   0|0x0000000701e00000, 0x0000000701e4c000, 0x0000000701f00000| 29%| O|  |TAMS 0x0000000701e00000, 0x0000000701e00000| Untracked 
|   1|0x0000000701f00000, 0x0000000701f00000, 0x0000000702000000|  0%| F|  |TAMS 0x0000000701f00000, 0x0000000701f00000| Untracked 
|   2|0x0000000702000000, 0x0000000702000000, 0x0000000702100000|  0%| F|  |TAMS 0x0000000702000000, 0x0000000702000000| Untracked 
|   3|0x0000000702100000, 0x0000000702100000, 0x0000000702200000|  0%| F|  |TAMS 0x0000000702100000, 0x0000000702100000| Untracked 
|   4|0x0000000702200000, 0x0000000702200000, 0x0000000702300000|  0%| F|  |TAMS 0x0000000702200000, 0x0000000702200000| Untracked 
|   5|0x0000000702300000, 0x0000000702300000, 0x0000000702400000|  0%| F|  |TAMS 0x0000000702300000, 0x0000000702300000| Untracked 
|   6|0x0000000702400000, 0x0000000702400000, 0x0000000702500000|  0%| F|  |TAMS 0x0000000702400000, 0x0000000702400000| Untracked 
|   7|0x0000000702500000, 0x0000000702500000, 0x0000000702600000|  0%| F|  |TAMS 0x0000000702500000, 0x0000000702500000| Untracked 
|   8|0x0000000702600000, 0x0000000702600000, 0x0000000702700000|  0%| F|  |TAMS 0x0000000702600000, 0x0000000702600000| Untracked 
|   9|0x0000000702700000, 0x0000000702700000, 0x0000000702800000|  0%| F|  |TAMS 0x0000000702700000, 0x0000000702700000| Untracked 
|  10|0x0000000702800000, 0x0000000702800000, 0x0000000702900000|  0%| F|  |TAMS 0x0000000702800000, 0x0000000702800000| Untracked 
|  11|0x0000000702900000, 0x0000000702900000, 0x0000000702a00000|  0%| F|  |TAMS 0x0000000702900000, 0x0000000702900000| Untracked 
|  12|0x0000000702a00000, 0x0000000702a00000, 0x0000000702b00000|  0%| F|  |TAMS 0x0000000702a00000, 0x0000000702a00000| Untracked 
|  13|0x0000000702b00000, 0x0000000702b00000, 0x0000000702c00000|  0%| F|  |TAMS 0x0000000702b00000, 0x0000000702b00000| Untracked 
|  14|0x0000000702c00000, 0x0000000702c00000, 0x0000000702d00000|  0%| F|  |TAMS 0x0000000702c00000, 0x0000000702c00000| Untracked 
|  15|0x0000000702d00000, 0x0000000702d00000, 0x0000000702e00000|  0%| F|  |TAMS 0x0000000702d00000, 0x0000000702d00000| Untracked 
|  16|0x0000000702e00000, 0x0000000702e00000, 0x0000000702f00000|  0%| F|  |TAMS 0x0000000702e00000, 0x0000000702e00000| Untracked 
|  17|0x0000000702f00000, 0x0000000702f00000, 0x0000000703000000|  0%| F|  |TAMS 0x0000000702f00000, 0x0000000702f00000| Untracked 
|  18|0x0000000703000000, 0x0000000703000000, 0x0000000703100000|  0%| F|  |TAMS 0x0000000703000000, 0x0000000703000000| Untracked 
|  19|0x0000000703100000, 0x0000000703100000, 0x0000000703200000|  0%| F|  |TAMS 0x0000000703100000, 0x0000000703100000| Untracked 
|  20|0x0000000703200000, 0x0000000703200000, 0x0000000703300000|  0%| F|  |TAMS 0x0000000703200000, 0x0000000703200000| Untracked 
|  21|0x0000000703300000, 0x0000000703300000, 0x0000000703400000|  0%| F|  |TAMS 0x0000000703300000, 0x0000000703300000| Untracked 
|  22|0x0000000703400000, 0x0000000703400000, 0x0000000703500000|  0%| F|  |TAMS 0x0000000703400000, 0x0000000703400000| Untracked 
|  23|0x0000000703500000, 0x0000000703500000, 0x0000000703600000|  0%| F|  |TAMS 0x0000000703500000, 0x0000000703500000| Untracked 
|  24|0x0000000703600000, 0x0000000703600000, 0x0000000703700000|  0%| F|  |TAMS 0x0000000703600000, 0x0000000703600000| Untracked 
|  25|0x0000000703700000, 0x0000000703700000, 0x0000000703800000|  0%| F|  |TAMS 0x0000000703700000, 0x0000000703700000| Untracked 
|  26|0x0000000703800000, 0x0000000703800000, 0x0000000703900000|  0%| F|  |TAMS 0x0000000703800000, 0x0000000703800000| Untracked 
|  27|0x0000000703900000, 0x0000000703900000, 0x0000000703a00000|  0%| F|  |TAMS 0x0000000703900000, 0x0000000703900000| Untracked 
|  28|0x0000000703a00000, 0x0000000703a00000, 0x0000000703b00000|  0%| F|  |TAMS 0x0000000703a00000, 0x0000000703a00000| Untracked 
|  29|0x0000000703b00000, 0x0000000703b00000, 0x0000000703c00000|  0%| F|  |TAMS 0x0000000703b00000, 0x0000000703b00000| Untracked 
|  30|0x0000000703c00000, 0x0000000703c00000, 0x0000000703d00000|  0%| F|  |TAMS 0x0000000703c00000, 0x0000000703c00000| Untracked 
|  31|0x0000000703d00000, 0x0000000703d00000, 0x0000000703e00000|  0%| F|  |TAMS 0x0000000703d00000, 0x0000000703d00000| Untracked 
|  32|0x0000000703e00000, 0x0000000703e00000, 0x0000000703f00000|  0%| F|  |TAMS 0x0000000703e00000, 0x0000000703e00000| Untracked 
|  33|0x0000000703f00000, 0x0000000703f00000, 0x0000000704000000|  0%| F|  |TAMS 0x0000000703f00000, 0x0000000703f00000| Untracked 
|  34|0x0000000704000000, 0x0000000704000000, 0x0000000704100000|  0%| F|  |TAMS 0x0000000704000000, 0x0000000704000000| Untracked 
|  35|0x0000000704100000, 0x0000000704100000, 0x0000000704200000|  0%| F|  |TAMS 0x0000000704100000, 0x0000000704100000| Untracked 
|  36|0x0000000704200000, 0x0000000704200000, 0x0000000704300000|  0%| F|  |TAMS 0x0000000704200000, 0x0000000704200000| Untracked 
|  37|0x0000000704300000, 0x0000000704300000, 0x0000000704400000|  0%| F|  |TAMS 0x0000000704300000, 0x0000000704300000| Untracked 
|  38|0x0000000704400000, 0x0000000704400000, 0x0000000704500000|  0%| F|  |TAMS 0x0000000704400000, 0x0000000704400000| Untracked 
|  39|0x0000000704500000, 0x0000000704500000, 0x0000000704600000|  0%| F|  |TAMS 0x0000000704500000, 0x0000000704500000| Untracked 
|  40|0x0000000704600000, 0x0000000704600000, 0x0000000704700000|  0%| F|  |TAMS 0x0000000704600000, 0x0000000704600000| Untracked 
|  41|0x0000000704700000, 0x0000000704700000, 0x0000000704800000|  0%| F|  |TAMS 0x0000000704700000, 0x0000000704700000| Untracked 
|  42|0x0000000704800000, 0x0000000704800000, 0x0000000704900000|  0%| F|  |TAMS 0x0000000704800000, 0x0000000704800000| Untracked 
|  43|0x0000000704900000, 0x0000000704900000, 0x0000000704a00000|  0%| F|  |TAMS 0x0000000704900000, 0x0000000704900000| Untracked 
|  44|0x0000000704a00000, 0x0000000704a00000, 0x0000000704b00000|  0%| F|  |TAMS 0x0000000704a00000, 0x0000000704a00000| Untracked 
|  45|0x0000000704b00000, 0x0000000704b00000, 0x0000000704c00000|  0%| F|  |TAMS 0x0000000704b00000, 0x0000000704b00000| Untracked 
|  46|0x0000000704c00000, 0x0000000704c00000, 0x0000000704d00000|  0%| F|  |TAMS 0x0000000704c00000, 0x0000000704c00000| Untracked 
|  47|0x0000000704d00000, 0x0000000704d00000, 0x0000000704e00000|  0%| F|  |TAMS 0x0000000704d00000, 0x0000000704d00000| Untracked 
|  48|0x0000000704e00000, 0x0000000704e00000, 0x0000000704f00000|  0%| F|  |TAMS 0x0000000704e00000, 0x0000000704e00000| Untracked 
|  49|0x0000000704f00000, 0x0000000704f00000, 0x0000000705000000|  0%| F|  |TAMS 0x0000000704f00000, 0x0000000704f00000| Untracked 
|  50|0x0000000705000000, 0x0000000705000000, 0x0000000705100000|  0%| F|  |TAMS 0x0000000705000000, 0x0000000705000000| Untracked 
|  51|0x0000000705100000, 0x0000000705100000, 0x0000000705200000|  0%| F|  |TAMS 0x0000000705100000, 0x0000000705100000| Untracked 
|  52|0x0000000705200000, 0x0000000705200000, 0x0000000705300000|  0%| F|  |TAMS 0x0000000705200000, 0x0000000705200000| Untracked 
|  53|0x0000000705300000, 0x0000000705300000, 0x0000000705400000|  0%| F|  |TAMS 0x0000000705300000, 0x0000000705300000| Untracked 
|  54|0x0000000705400000, 0x0000000705400000, 0x0000000705500000|  0%| F|  |TAMS 0x0000000705400000, 0x0000000705400000| Untracked 
|  55|0x0000000705500000, 0x0000000705500000, 0x0000000705600000|  0%| F|  |TAMS 0x0000000705500000, 0x0000000705500000| Untracked 
|  56|0x0000000705600000, 0x0000000705600000, 0x0000000705700000|  0%| F|  |TAMS 0x0000000705600000, 0x0000000705600000| Untracked 
|  57|0x0000000705700000, 0x0000000705700000, 0x0000000705800000|  0%| F|  |TAMS 0x0000000705700000, 0x0000000705700000| Untracked 
|  58|0x0000000705800000, 0x0000000705800000, 0x0000000705900000|  0%| F|  |TAMS 0x0000000705800000, 0x0000000705800000| Untracked 
|  59|0x0000000705900000, 0x0000000705900000, 0x0000000705a00000|  0%| F|  |TAMS 0x0000000705900000, 0x0000000705900000| Untracked 
|  60|0x0000000705a00000, 0x0000000705a00000, 0x0000000705b00000|  0%| F|  |TAMS 0x0000000705a00000, 0x0000000705a00000| Untracked 
|  61|0x0000000705b00000, 0x0000000705b00000, 0x0000000705c00000|  0%| F|  |TAMS 0x0000000705b00000, 0x0000000705b00000| Untracked 
|  62|0x0000000705c00000, 0x0000000705c00000, 0x0000000705d00000|  0%| F|  |TAMS 0x0000000705c00000, 0x0000000705c00000| Untracked 
|  63|0x0000000705d00000, 0x0000000705d00000, 0x0000000705e00000|  0%| F|  |TAMS 0x0000000705d00000, 0x0000000705d00000| Untracked 
|  64|0x0000000705e00000, 0x0000000705e00000, 0x0000000705f00000|  0%| F|  |TAMS 0x0000000705e00000, 0x0000000705e00000| Untracked 
|  65|0x0000000705f00000, 0x0000000705f00000, 0x0000000706000000|  0%| F|  |TAMS 0x0000000705f00000, 0x0000000705f00000| Untracked 
|  66|0x0000000706000000, 0x0000000706000000, 0x0000000706100000|  0%| F|  |TAMS 0x0000000706000000, 0x0000000706000000| Untracked 
|  67|0x0000000706100000, 0x0000000706100000, 0x0000000706200000|  0%| F|  |TAMS 0x0000000706100000, 0x0000000706100000| Untracked 
|  68|0x0000000706200000, 0x0000000706200000, 0x0000000706300000|  0%| F|  |TAMS 0x0000000706200000, 0x0000000706200000| Untracked 
|  69|0x0000000706300000, 0x0000000706300000, 0x0000000706400000|  0%| F|  |TAMS 0x0000000706300000, 0x0000000706300000| Untracked 
|  70|0x0000000706400000, 0x0000000706400000, 0x0000000706500000|  0%| F|  |TAMS 0x0000000706400000, 0x0000000706400000| Untracked 
|  71|0x0000000706500000, 0x0000000706500000, 0x0000000706600000|  0%| F|  |TAMS 0x0000000706500000, 0x0000000706500000| Untracked 
|  72|0x0000000706600000, 0x0000000706600000, 0x0000000706700000|  0%| F|  |TAMS 0x0000000706600000, 0x0000000706600000| Untracked 
|  73|0x0000000706700000, 0x0000000706700000, 0x0000000706800000|  0%| F|  |TAMS 0x0000000706700000, 0x0000000706700000| Untracked 
|  74|0x0000000706800000, 0x0000000706800000, 0x0000000706900000|  0%| F|  |TAMS 0x0000000706800000, 0x0000000706800000| Untracked 
|  75|0x0000000706900000, 0x0000000706900000, 0x0000000706a00000|  0%| F|  |TAMS 0x0000000706900000, 0x0000000706900000| Untracked 
|  76|0x0000000706a00000, 0x0000000706a00000, 0x0000000706b00000|  0%| F|  |TAMS 0x0000000706a00000, 0x0000000706a00000| Untracked 
|  77|0x0000000706b00000, 0x0000000706b00000, 0x0000000706c00000|  0%| F|  |TAMS 0x0000000706b00000, 0x0000000706b00000| Untracked 
|  78|0x0000000706c00000, 0x0000000706c00000, 0x0000000706d00000|  0%| F|  |TAMS 0x0000000706c00000, 0x0000000706c00000| Untracked 
|  79|0x0000000706d00000, 0x0000000706d00000, 0x0000000706e00000|  0%| F|  |TAMS 0x0000000706d00000, 0x0000000706d00000| Untracked 
|  80|0x0000000706e00000, 0x0000000706e00000, 0x0000000706f00000|  0%| F|  |TAMS 0x0000000706e00000, 0x0000000706e00000| Untracked 
|  81|0x0000000706f00000, 0x0000000706f00000, 0x0000000707000000|  0%| F|  |TAMS 0x0000000706f00000, 0x0000000706f00000| Untracked 
|  82|0x0000000707000000, 0x0000000707000000, 0x0000000707100000|  0%| F|  |TAMS 0x0000000707000000, 0x0000000707000000| Untracked 
|  83|0x0000000707100000, 0x0000000707100000, 0x0000000707200000|  0%| F|  |TAMS 0x0000000707100000, 0x0000000707100000| Untracked 
|  84|0x0000000707200000, 0x0000000707200000, 0x0000000707300000|  0%| F|  |TAMS 0x0000000707200000, 0x0000000707200000| Untracked 
|  85|0x0000000707300000, 0x0000000707300000, 0x0000000707400000|  0%| F|  |TAMS 0x0000000707300000, 0x0000000707300000| Untracked 
|  86|0x0000000707400000, 0x00000007074d2c60, 0x0000000707500000| 82%| S|CS|TAMS 0x0000000707400000, 0x0000000707400000| Complete 
|  87|0x0000000707500000, 0x0000000707600000, 0x0000000707600000|100%| S|CS|TAMS 0x0000000707500000, 0x0000000707500000| Complete 
|  88|0x0000000707600000, 0x0000000707700000, 0x0000000707700000|100%| S|CS|TAMS 0x0000000707600000, 0x0000000707600000| Complete 
|  89|0x0000000707700000, 0x0000000707800000, 0x0000000707800000|100%| S|CS|TAMS 0x0000000707700000, 0x0000000707700000| Complete 
|  90|0x0000000707800000, 0x0000000707900000, 0x0000000707900000|100%| S|CS|TAMS 0x0000000707800000, 0x0000000707800000| Complete 
|  91|0x0000000707900000, 0x0000000707a00000, 0x0000000707a00000|100%| S|CS|TAMS 0x0000000707900000, 0x0000000707900000| Complete 
|  92|0x0000000707a00000, 0x0000000707b00000, 0x0000000707b00000|100%| S|CS|TAMS 0x0000000707a00000, 0x0000000707a00000| Complete 
|  93|0x0000000707b00000, 0x0000000707c00000, 0x0000000707c00000|100%| S|CS|TAMS 0x0000000707b00000, 0x0000000707b00000| Complete 
|  94|0x0000000707c00000, 0x0000000707d00000, 0x0000000707d00000|100%| S|CS|TAMS 0x0000000707c00000, 0x0000000707c00000| Complete 
|  95|0x0000000707d00000, 0x0000000707e00000, 0x0000000707e00000|100%| S|CS|TAMS 0x0000000707d00000, 0x0000000707d00000| Complete 
|  96|0x0000000707e00000, 0x0000000707f00000, 0x0000000707f00000|100%| S|CS|TAMS 0x0000000707e00000, 0x0000000707e00000| Complete 
|  97|0x0000000707f00000, 0x0000000708000000, 0x0000000708000000|100%| S|CS|TAMS 0x0000000707f00000, 0x0000000707f00000| Complete 
|  98|0x0000000708000000, 0x0000000708100000, 0x0000000708100000|100%| S|CS|TAMS 0x0000000708000000, 0x0000000708000000| Complete 
|  99|0x0000000708100000, 0x0000000708200000, 0x0000000708200000|100%| S|CS|TAMS 0x0000000708100000, 0x0000000708100000| Complete 
| 100|0x0000000708200000, 0x0000000708300000, 0x0000000708300000|100%| S|CS|TAMS 0x0000000708200000, 0x0000000708200000| Complete 
| 101|0x0000000708300000, 0x0000000708400000, 0x0000000708400000|100%| S|CS|TAMS 0x0000000708300000, 0x0000000708300000| Complete 
| 102|0x0000000708400000, 0x0000000708500000, 0x0000000708500000|100%| S|CS|TAMS 0x0000000708400000, 0x0000000708400000| Complete 
| 103|0x0000000708500000, 0x0000000708500000, 0x0000000708600000|  0%| F|  |TAMS 0x0000000708500000, 0x0000000708500000| Untracked 
| 104|0x0000000708600000, 0x0000000708600000, 0x0000000708700000|  0%| F|  |TAMS 0x0000000708600000, 0x0000000708600000| Untracked 
| 105|0x0000000708700000, 0x0000000708700000, 0x0000000708800000|  0%| F|  |TAMS 0x0000000708700000, 0x0000000708700000| Untracked 
| 106|0x0000000708800000, 0x0000000708800000, 0x0000000708900000|  0%| F|  |TAMS 0x0000000708800000, 0x0000000708800000| Untracked 
| 107|0x0000000708900000, 0x0000000708900000, 0x0000000708a00000|  0%| F|  |TAMS 0x0000000708900000, 0x0000000708900000| Untracked 
| 108|0x0000000708a00000, 0x0000000708a00000, 0x0000000708b00000|  0%| F|  |TAMS 0x0000000708a00000, 0x0000000708a00000| Untracked 
| 109|0x0000000708b00000, 0x0000000708b00000, 0x0000000708c00000|  0%| F|  |TAMS 0x0000000708b00000, 0x0000000708b00000| Untracked 
| 110|0x0000000708c00000, 0x0000000708c00000, 0x0000000708d00000|  0%| F|  |TAMS 0x0000000708c00000, 0x0000000708c00000| Untracked 
| 111|0x0000000708d00000, 0x0000000708d00000, 0x0000000708e00000|  0%| F|  |TAMS 0x0000000708d00000, 0x0000000708d00000| Untracked 
| 112|0x0000000708e00000, 0x0000000708e00000, 0x0000000708f00000|  0%| F|  |TAMS 0x0000000708e00000, 0x0000000708e00000| Untracked 
| 113|0x0000000708f00000, 0x0000000708f00000, 0x0000000709000000|  0%| F|  |TAMS 0x0000000708f00000, 0x0000000708f00000| Untracked 
| 114|0x0000000709000000, 0x0000000709000000, 0x0000000709100000|  0%| F|  |TAMS 0x0000000709000000, 0x0000000709000000| Untracked 
| 115|0x0000000709100000, 0x0000000709100000, 0x0000000709200000|  0%| F|  |TAMS 0x0000000709100000, 0x0000000709100000| Untracked 
| 116|0x0000000709200000, 0x0000000709200000, 0x0000000709300000|  0%| F|  |TAMS 0x0000000709200000, 0x0000000709200000| Untracked 
| 117|0x0000000709300000, 0x0000000709300000, 0x0000000709400000|  0%| F|  |TAMS 0x0000000709300000, 0x0000000709300000| Untracked 
| 118|0x0000000709400000, 0x0000000709400000, 0x0000000709500000|  0%| F|  |TAMS 0x0000000709400000, 0x0000000709400000| Untracked 
| 119|0x0000000709500000, 0x0000000709500000, 0x0000000709600000|  0%| F|  |TAMS 0x0000000709500000, 0x0000000709500000| Untracked 
| 120|0x0000000709600000, 0x0000000709600000, 0x0000000709700000|  0%| F|  |TAMS 0x0000000709600000, 0x0000000709600000| Untracked 
| 121|0x0000000709700000, 0x0000000709700000, 0x0000000709800000|  0%| F|  |TAMS 0x0000000709700000, 0x0000000709700000| Untracked 
| 122|0x0000000709800000, 0x0000000709800000, 0x0000000709900000|  0%| F|  |TAMS 0x0000000709800000, 0x0000000709800000| Untracked 
| 123|0x0000000709900000, 0x0000000709900000, 0x0000000709a00000|  0%| F|  |TAMS 0x0000000709900000, 0x0000000709900000| Untracked 
| 124|0x0000000709a00000, 0x0000000709a00000, 0x0000000709b00000|  0%| F|  |TAMS 0x0000000709a00000, 0x0000000709a00000| Untracked 
| 125|0x0000000709b00000, 0x0000000709b00000, 0x0000000709c00000|  0%| F|  |TAMS 0x0000000709b00000, 0x0000000709b00000| Untracked 
| 126|0x0000000709c00000, 0x0000000709c00000, 0x0000000709d00000|  0%| F|  |TAMS 0x0000000709c00000, 0x0000000709c00000| Untracked 
| 127|0x0000000709d00000, 0x0000000709d00000, 0x0000000709e00000|  0%| F|  |TAMS 0x0000000709d00000, 0x0000000709d00000| Untracked 
| 128|0x0000000709e00000, 0x0000000709e00000, 0x0000000709f00000|  0%| F|  |TAMS 0x0000000709e00000, 0x0000000709e00000| Untracked 
| 129|0x0000000709f00000, 0x0000000709f00000, 0x000000070a000000|  0%| F|  |TAMS 0x0000000709f00000, 0x0000000709f00000| Untracked 
| 130|0x000000070a000000, 0x000000070a000000, 0x000000070a100000|  0%| F|  |TAMS 0x000000070a000000, 0x000000070a000000| Untracked 
| 131|0x000000070a100000, 0x000000070a100000, 0x000000070a200000|  0%| F|  |TAMS 0x000000070a100000, 0x000000070a100000| Untracked 
| 132|0x000000070a200000, 0x000000070a200000, 0x000000070a300000|  0%| F|  |TAMS 0x000000070a200000, 0x000000070a200000| Untracked 
| 133|0x000000070a300000, 0x000000070a300000, 0x000000070a400000|  0%| F|  |TAMS 0x000000070a300000, 0x000000070a300000| Untracked 
| 134|0x000000070a400000, 0x000000070a400000, 0x000000070a500000|  0%| F|  |TAMS 0x000000070a400000, 0x000000070a400000| Untracked 
| 135|0x000000070a500000, 0x000000070a500000, 0x000000070a600000|  0%| F|  |TAMS 0x000000070a500000, 0x000000070a500000| Untracked 
| 136|0x000000070a600000, 0x000000070a600000, 0x000000070a700000|  0%| F|  |TAMS 0x000000070a600000, 0x000000070a600000| Untracked 
| 137|0x000000070a700000, 0x000000070a700000, 0x000000070a800000|  0%| F|  |TAMS 0x000000070a700000, 0x000000070a700000| Untracked 
| 138|0x000000070a800000, 0x000000070a800000, 0x000000070a900000|  0%| F|  |TAMS 0x000000070a800000, 0x000000070a800000| Untracked 
| 139|0x000000070a900000, 0x000000070a900000, 0x000000070aa00000|  0%| F|  |TAMS 0x000000070a900000, 0x000000070a900000| Untracked 
| 140|0x000000070aa00000, 0x000000070aa00000, 0x000000070ab00000|  0%| F|  |TAMS 0x000000070aa00000, 0x000000070aa00000| Untracked 
| 141|0x000000070ab00000, 0x000000070ab00000, 0x000000070ac00000|  0%| F|  |TAMS 0x000000070ab00000, 0x000000070ab00000| Untracked 
| 142|0x000000070ac00000, 0x000000070ac00000, 0x000000070ad00000|  0%| F|  |TAMS 0x000000070ac00000, 0x000000070ac00000| Untracked 
| 143|0x000000070ad00000, 0x000000070ad00000, 0x000000070ae00000|  0%| F|  |TAMS 0x000000070ad00000, 0x000000070ad00000| Untracked 
| 144|0x000000070ae00000, 0x000000070ae00000, 0x000000070af00000|  0%| F|  |TAMS 0x000000070ae00000, 0x000000070ae00000| Untracked 
| 145|0x000000070af00000, 0x000000070af00000, 0x000000070b000000|  0%| F|  |TAMS 0x000000070af00000, 0x000000070af00000| Untracked 
| 146|0x000000070b000000, 0x000000070b000000, 0x000000070b100000|  0%| F|  |TAMS 0x000000070b000000, 0x000000070b000000| Untracked 
| 147|0x000000070b100000, 0x000000070b100000, 0x000000070b200000|  0%| F|  |TAMS 0x000000070b100000, 0x000000070b100000| Untracked 
| 148|0x000000070b200000, 0x000000070b200000, 0x000000070b300000|  0%| F|  |TAMS 0x000000070b200000, 0x000000070b200000| Untracked 
| 149|0x000000070b300000, 0x000000070b300000, 0x000000070b400000|  0%| F|  |TAMS 0x000000070b300000, 0x000000070b300000| Untracked 
| 150|0x000000070b400000, 0x000000070b400000, 0x000000070b500000|  0%| F|  |TAMS 0x000000070b400000, 0x000000070b400000| Untracked 
| 151|0x000000070b500000, 0x000000070b500000, 0x000000070b600000|  0%| F|  |TAMS 0x000000070b500000, 0x000000070b500000| Untracked 
| 152|0x000000070b600000, 0x000000070b600000, 0x000000070b700000|  0%| F|  |TAMS 0x000000070b600000, 0x000000070b600000| Untracked 
| 153|0x000000070b700000, 0x000000070b700000, 0x000000070b800000|  0%| F|  |TAMS 0x000000070b700000, 0x000000070b700000| Untracked 
| 154|0x000000070b800000, 0x000000070b800000, 0x000000070b900000|  0%| F|  |TAMS 0x000000070b800000, 0x000000070b800000| Untracked 
| 155|0x000000070b900000, 0x000000070b900000, 0x000000070ba00000|  0%| F|  |TAMS 0x000000070b900000, 0x000000070b900000| Untracked 
| 156|0x000000070ba00000, 0x000000070ba00000, 0x000000070bb00000|  0%| F|  |TAMS 0x000000070ba00000, 0x000000070ba00000| Untracked 
| 157|0x000000070bb00000, 0x000000070bb00000, 0x000000070bc00000|  0%| F|  |TAMS 0x000000070bb00000, 0x000000070bb00000| Untracked 
| 158|0x000000070bc00000, 0x000000070bc00000, 0x000000070bd00000|  0%| F|  |TAMS 0x000000070bc00000, 0x000000070bc00000| Untracked 
| 159|0x000000070bd00000, 0x000000070bd00000, 0x000000070be00000|  0%| F|  |TAMS 0x000000070bd00000, 0x000000070bd00000| Untracked 
| 160|0x000000070be00000, 0x000000070be00000, 0x000000070bf00000|  0%| F|  |TAMS 0x000000070be00000, 0x000000070be00000| Untracked 
| 161|0x000000070bf00000, 0x000000070bf00000, 0x000000070c000000|  0%| F|  |TAMS 0x000000070bf00000, 0x000000070bf00000| Untracked 
| 162|0x000000070c000000, 0x000000070c000000, 0x000000070c100000|  0%| F|  |TAMS 0x000000070c000000, 0x000000070c000000| Untracked 
| 163|0x000000070c100000, 0x000000070c100000, 0x000000070c200000|  0%| F|  |TAMS 0x000000070c100000, 0x000000070c100000| Untracked 
| 164|0x000000070c200000, 0x000000070c200000, 0x000000070c300000|  0%| F|  |TAMS 0x000000070c200000, 0x000000070c200000| Untracked 
| 165|0x000000070c300000, 0x000000070c300000, 0x000000070c400000|  0%| F|  |TAMS 0x000000070c300000, 0x000000070c300000| Untracked 
| 166|0x000000070c400000, 0x000000070c400000, 0x000000070c500000|  0%| F|  |TAMS 0x000000070c400000, 0x000000070c400000| Untracked 
| 167|0x000000070c500000, 0x000000070c500000, 0x000000070c600000|  0%| F|  |TAMS 0x000000070c500000, 0x000000070c500000| Untracked 
| 168|0x000000070c600000, 0x000000070c600000, 0x000000070c700000|  0%| F|  |TAMS 0x000000070c600000, 0x000000070c600000| Untracked 
| 169|0x000000070c700000, 0x000000070c700000, 0x000000070c800000|  0%| F|  |TAMS 0x000000070c700000, 0x000000070c700000| Untracked 
| 170|0x000000070c800000, 0x000000070c800000, 0x000000070c900000|  0%| F|  |TAMS 0x000000070c800000, 0x000000070c800000| Untracked 
| 171|0x000000070c900000, 0x000000070c900000, 0x000000070ca00000|  0%| F|  |TAMS 0x000000070c900000, 0x000000070c900000| Untracked 
| 172|0x000000070ca00000, 0x000000070ca00000, 0x000000070cb00000|  0%| F|  |TAMS 0x000000070ca00000, 0x000000070ca00000| Untracked 
| 173|0x000000070cb00000, 0x000000070cb00000, 0x000000070cc00000|  0%| F|  |TAMS 0x000000070cb00000, 0x000000070cb00000| Untracked 
| 174|0x000000070cc00000, 0x000000070cc00000, 0x000000070cd00000|  0%| F|  |TAMS 0x000000070cc00000, 0x000000070cc00000| Untracked 
| 175|0x000000070cd00000, 0x000000070cd00000, 0x000000070ce00000|  0%| F|  |TAMS 0x000000070cd00000, 0x000000070cd00000| Untracked 
| 176|0x000000070ce00000, 0x000000070ce00000, 0x000000070cf00000|  0%| F|  |TAMS 0x000000070ce00000, 0x000000070ce00000| Untracked 
| 177|0x000000070cf00000, 0x000000070cf00000, 0x000000070d000000|  0%| F|  |TAMS 0x000000070cf00000, 0x000000070cf00000| Untracked 
| 178|0x000000070d000000, 0x000000070d000000, 0x000000070d100000|  0%| F|  |TAMS 0x000000070d000000, 0x000000070d000000| Untracked 
| 179|0x000000070d100000, 0x000000070d100000, 0x000000070d200000|  0%| F|  |TAMS 0x000000070d100000, 0x000000070d100000| Untracked 
| 180|0x000000070d200000, 0x000000070d200000, 0x000000070d300000|  0%| F|  |TAMS 0x000000070d200000, 0x000000070d200000| Untracked 
| 181|0x000000070d300000, 0x000000070d300000, 0x000000070d400000|  0%| F|  |TAMS 0x000000070d300000, 0x000000070d300000| Untracked 
| 182|0x000000070d400000, 0x000000070d400000, 0x000000070d500000|  0%| F|  |TAMS 0x000000070d400000, 0x000000070d400000| Untracked 
| 183|0x000000070d500000, 0x000000070d500000, 0x000000070d600000|  0%| F|  |TAMS 0x000000070d500000, 0x000000070d500000| Untracked 
| 184|0x000000070d600000, 0x000000070d600000, 0x000000070d700000|  0%| F|  |TAMS 0x000000070d600000, 0x000000070d600000| Untracked 
| 185|0x000000070d700000, 0x000000070d700000, 0x000000070d800000|  0%| F|  |TAMS 0x000000070d700000, 0x000000070d700000| Untracked 
| 186|0x000000070d800000, 0x000000070d800000, 0x000000070d900000|  0%| F|  |TAMS 0x000000070d800000, 0x000000070d800000| Untracked 
| 187|0x000000070d900000, 0x000000070da00000, 0x000000070da00000|100%| E|  |TAMS 0x000000070d900000, 0x000000070d900000| Complete 
| 188|0x000000070da00000, 0x000000070db00000, 0x000000070db00000|100%| E|CS|TAMS 0x000000070da00000, 0x000000070da00000| Complete 
| 189|0x000000070db00000, 0x000000070dc00000, 0x000000070dc00000|100%| E|CS|TAMS 0x000000070db00000, 0x000000070db00000| Complete 
| 190|0x000000070dc00000, 0x000000070dd00000, 0x000000070dd00000|100%| E|CS|TAMS 0x000000070dc00000, 0x000000070dc00000| Complete 
| 191|0x000000070dd00000, 0x000000070de00000, 0x000000070de00000|100%| E|CS|TAMS 0x000000070dd00000, 0x000000070dd00000| Complete 
| 192|0x000000070de00000, 0x000000070df00000, 0x000000070df00000|100%| E|CS|TAMS 0x000000070de00000, 0x000000070de00000| Complete 
| 193|0x000000070df00000, 0x000000070e000000, 0x000000070e000000|100%| E|CS|TAMS 0x000000070df00000, 0x000000070df00000| Complete 
| 194|0x000000070e000000, 0x000000070e100000, 0x000000070e100000|100%| E|CS|TAMS 0x000000070e000000, 0x000000070e000000| Complete 
| 195|0x000000070e100000, 0x000000070e200000, 0x000000070e200000|100%| E|CS|TAMS 0x000000070e100000, 0x000000070e100000| Complete 
| 196|0x000000070e200000, 0x000000070e300000, 0x000000070e300000|100%| E|CS|TAMS 0x000000070e200000, 0x000000070e200000| Complete 
| 197|0x000000070e300000, 0x000000070e400000, 0x000000070e400000|100%| E|CS|TAMS 0x000000070e300000, 0x000000070e300000| Complete 
| 198|0x000000070e400000, 0x000000070e500000, 0x000000070e500000|100%| E|CS|TAMS 0x000000070e400000, 0x000000070e400000| Complete 
| 199|0x000000070e500000, 0x000000070e600000, 0x000000070e600000|100%| E|CS|TAMS 0x000000070e500000, 0x000000070e500000| Complete 
| 200|0x000000070e600000, 0x000000070e700000, 0x000000070e700000|100%| E|CS|TAMS 0x000000070e600000, 0x000000070e600000| Complete 
| 201|0x000000070e700000, 0x000000070e800000, 0x000000070e800000|100%| E|CS|TAMS 0x000000070e700000, 0x000000070e700000| Complete 
| 202|0x000000070e800000, 0x000000070e900000, 0x000000070e900000|100%| E|CS|TAMS 0x000000070e800000, 0x000000070e800000| Complete 
| 203|0x000000070e900000, 0x000000070ea00000, 0x000000070ea00000|100%| E|CS|TAMS 0x000000070e900000, 0x000000070e900000| Complete 
| 204|0x000000070ea00000, 0x000000070eb00000, 0x000000070eb00000|100%| E|CS|TAMS 0x000000070ea00000, 0x000000070ea00000| Complete 
| 205|0x000000070eb00000, 0x000000070ec00000, 0x000000070ec00000|100%| E|CS|TAMS 0x000000070eb00000, 0x000000070eb00000| Complete 
| 206|0x000000070ec00000, 0x000000070ed00000, 0x000000070ed00000|100%| E|CS|TAMS 0x000000070ec00000, 0x000000070ec00000| Complete 
| 207|0x000000070ed00000, 0x000000070ee00000, 0x000000070ee00000|100%| E|CS|TAMS 0x000000070ed00000, 0x000000070ed00000| Complete 
| 208|0x000000070ee00000, 0x000000070ef00000, 0x000000070ef00000|100%| E|CS|TAMS 0x000000070ee00000, 0x000000070ee00000| Complete 
| 209|0x000000070ef00000, 0x000000070f000000, 0x000000070f000000|100%| E|CS|TAMS 0x000000070ef00000, 0x000000070ef00000| Complete 
| 210|0x000000070f000000, 0x000000070f100000, 0x000000070f100000|100%| E|CS|TAMS 0x000000070f000000, 0x000000070f000000| Complete 
| 211|0x000000070f100000, 0x000000070f200000, 0x000000070f200000|100%| E|CS|TAMS 0x000000070f100000, 0x000000070f100000| Complete 
| 212|0x000000070f200000, 0x000000070f300000, 0x000000070f300000|100%| E|CS|TAMS 0x000000070f200000, 0x000000070f200000| Complete 
| 213|0x000000070f300000, 0x000000070f400000, 0x000000070f400000|100%| E|CS|TAMS 0x000000070f300000, 0x000000070f300000| Complete 
| 214|0x000000070f400000, 0x000000070f500000, 0x000000070f500000|100%| E|CS|TAMS 0x000000070f400000, 0x000000070f400000| Complete 
| 215|0x000000070f500000, 0x000000070f600000, 0x000000070f600000|100%| E|CS|TAMS 0x000000070f500000, 0x000000070f500000| Complete 
| 216|0x000000070f600000, 0x000000070f700000, 0x000000070f700000|100%| E|CS|TAMS 0x000000070f600000, 0x000000070f600000| Complete 
| 217|0x000000070f700000, 0x000000070f800000, 0x000000070f800000|100%| E|CS|TAMS 0x000000070f700000, 0x000000070f700000| Complete 
| 218|0x000000070f800000, 0x000000070f900000, 0x000000070f900000|100%| E|CS|TAMS 0x000000070f800000, 0x000000070f800000| Complete 
| 219|0x000000070f900000, 0x000000070fa00000, 0x000000070fa00000|100%| E|CS|TAMS 0x000000070f900000, 0x000000070f900000| Complete 
| 220|0x000000070fa00000, 0x000000070fb00000, 0x000000070fb00000|100%| E|CS|TAMS 0x000000070fa00000, 0x000000070fa00000| Complete 
| 221|0x000000070fb00000, 0x000000070fc00000, 0x000000070fc00000|100%| E|CS|TAMS 0x000000070fb00000, 0x000000070fb00000| Complete 
| 222|0x000000070fc00000, 0x000000070fd00000, 0x000000070fd00000|100%| E|CS|TAMS 0x000000070fc00000, 0x000000070fc00000| Complete 
| 223|0x000000070fd00000, 0x000000070fe00000, 0x000000070fe00000|100%| E|CS|TAMS 0x000000070fd00000, 0x000000070fd00000| Complete 
| 224|0x000000070fe00000, 0x000000070ff00000, 0x000000070ff00000|100%| E|CS|TAMS 0x000000070fe00000, 0x000000070fe00000| Complete 
| 225|0x000000070ff00000, 0x0000000710000000, 0x0000000710000000|100%| E|CS|TAMS 0x000000070ff00000, 0x000000070ff00000| Complete 
| 226|0x0000000710000000, 0x0000000710100000, 0x0000000710100000|100%| E|CS|TAMS 0x0000000710000000, 0x0000000710000000| Complete 
| 227|0x0000000710100000, 0x0000000710200000, 0x0000000710200000|100%| E|CS|TAMS 0x0000000710100000, 0x0000000710100000| Complete 
| 228|0x0000000710200000, 0x0000000710300000, 0x0000000710300000|100%| E|CS|TAMS 0x0000000710200000, 0x0000000710200000| Complete 
| 229|0x0000000710300000, 0x0000000710400000, 0x0000000710400000|100%| E|CS|TAMS 0x0000000710300000, 0x0000000710300000| Complete 
| 230|0x0000000710400000, 0x0000000710500000, 0x0000000710500000|100%| E|CS|TAMS 0x0000000710400000, 0x0000000710400000| Complete 
| 231|0x0000000710500000, 0x0000000710600000, 0x0000000710600000|100%| E|CS|TAMS 0x0000000710500000, 0x0000000710500000| Complete 
| 232|0x0000000710600000, 0x0000000710700000, 0x0000000710700000|100%| E|CS|TAMS 0x0000000710600000, 0x0000000710600000| Complete 
| 233|0x0000000710700000, 0x0000000710800000, 0x0000000710800000|100%| E|CS|TAMS 0x0000000710700000, 0x0000000710700000| Complete 
| 234|0x0000000710800000, 0x0000000710900000, 0x0000000710900000|100%| E|CS|TAMS 0x0000000710800000, 0x0000000710800000| Complete 
| 235|0x0000000710900000, 0x0000000710a00000, 0x0000000710a00000|100%| E|CS|TAMS 0x0000000710900000, 0x0000000710900000| Complete 
| 236|0x0000000710a00000, 0x0000000710b00000, 0x0000000710b00000|100%| E|CS|TAMS 0x0000000710a00000, 0x0000000710a00000| Complete 
| 237|0x0000000710b00000, 0x0000000710c00000, 0x0000000710c00000|100%| E|CS|TAMS 0x0000000710b00000, 0x0000000710b00000| Complete 
| 238|0x0000000710c00000, 0x0000000710d00000, 0x0000000710d00000|100%| E|CS|TAMS 0x0000000710c00000, 0x0000000710c00000| Complete 
| 239|0x0000000710d00000, 0x0000000710e00000, 0x0000000710e00000|100%| E|CS|TAMS 0x0000000710d00000, 0x0000000710d00000| Complete 
| 240|0x0000000710e00000, 0x0000000710f00000, 0x0000000710f00000|100%| E|CS|TAMS 0x0000000710e00000, 0x0000000710e00000| Complete 
| 241|0x0000000710f00000, 0x0000000711000000, 0x0000000711000000|100%| E|CS|TAMS 0x0000000710f00000, 0x0000000710f00000| Complete 
| 242|0x0000000711000000, 0x0000000711100000, 0x0000000711100000|100%| E|CS|TAMS 0x0000000711000000, 0x0000000711000000| Complete 
| 243|0x0000000711100000, 0x0000000711200000, 0x0000000711200000|100%| E|CS|TAMS 0x0000000711100000, 0x0000000711100000| Complete 
| 244|0x0000000711200000, 0x0000000711300000, 0x0000000711300000|100%| E|CS|TAMS 0x0000000711200000, 0x0000000711200000| Complete 
| 245|0x0000000711300000, 0x0000000711400000, 0x0000000711400000|100%| E|CS|TAMS 0x0000000711300000, 0x0000000711300000| Complete 
| 246|0x0000000711400000, 0x0000000711500000, 0x0000000711500000|100%| E|CS|TAMS 0x0000000711400000, 0x0000000711400000| Complete 
| 247|0x0000000711500000, 0x0000000711600000, 0x0000000711600000|100%| E|CS|TAMS 0x0000000711500000, 0x0000000711500000| Complete 
| 248|0x0000000711600000, 0x0000000711700000, 0x0000000711700000|100%| E|CS|TAMS 0x0000000711600000, 0x0000000711600000| Complete 
| 249|0x0000000711700000, 0x0000000711800000, 0x0000000711800000|100%| E|CS|TAMS 0x0000000711700000, 0x0000000711700000| Complete 
| 250|0x0000000711800000, 0x0000000711900000, 0x0000000711900000|100%| E|CS|TAMS 0x0000000711800000, 0x0000000711800000| Complete 
| 251|0x0000000711900000, 0x0000000711a00000, 0x0000000711a00000|100%| E|CS|TAMS 0x0000000711900000, 0x0000000711900000| Complete 
| 252|0x0000000711a00000, 0x0000000711b00000, 0x0000000711b00000|100%| E|CS|TAMS 0x0000000711a00000, 0x0000000711a00000| Complete 
| 253|0x0000000711b00000, 0x0000000711c00000, 0x0000000711c00000|100%| E|CS|TAMS 0x0000000711b00000, 0x0000000711b00000| Complete 
| 254|0x0000000711c00000, 0x0000000711d00000, 0x0000000711d00000|100%| E|CS|TAMS 0x0000000711c00000, 0x0000000711c00000| Complete 
| 255|0x0000000711d00000, 0x0000000711e00000, 0x0000000711e00000|100%| E|CS|TAMS 0x0000000711d00000, 0x0000000711d00000| Complete 

Card table byte_map: [0x00000210b5470000,0x00000210b5c70000] _byte_map_base: 0x00000210b1c61000

Marking Bits (Prev, Next): (CMBitMap*) 0x000002109d378778, (CMBitMap*) 0x000002109d3787b8
 Prev Bits: [0x00000210b6470000, 0x00000210ba3f8000)
 Next Bits: [0x00000210ba400000, 0x00000210be388000)

Polling page: 0x000002109b2c0000

Metaspace:

Usage:
  Non-class:     15.84 MB capacity,    15.43 MB ( 97%) used,   397.51 KB (  2%) free+waste,    22.81 KB ( <1%) overhead. 
      Class:      2.00 MB capacity,     1.81 MB ( 91%) used,   184.23 KB (  9%) free+waste,     9.88 KB ( <1%) overhead. 
       Both:     17.84 MB capacity,    17.24 MB ( 97%) used,   581.74 KB (  3%) free+waste,    32.69 KB ( <1%) overhead. 

Virtual space:
  Non-class space:       16.00 MB reserved,      16.00 MB (100%) committed 
      Class space:        1.00 GB reserved,       2.13 MB ( <1%) committed 
             Both:        1.02 GB reserved,      18.13 MB (  2%) committed 

Chunk freelists:
   Non-Class:  36.00 KB
       Class:  28.00 KB
        Both:  64.00 KB

MaxMetaspaceSize: 17179869184.00 GB
CompressedClassSpaceSize: 1.00 GB

CodeHeap 'non-profiled nmethods': size=120000Kb used=2407Kb max_used=2583Kb free=117592Kb
 bounds [0x00000210ad2e0000, 0x00000210ad580000, 0x00000210b4810000]
CodeHeap 'profiled nmethods': size=120000Kb used=8563Kb max_used=9791Kb free=111436Kb
 bounds [0x00000210a5db0000, 0x00000210a6740000, 0x00000210ad2e0000]
CodeHeap 'non-nmethods': size=5760Kb used=1235Kb max_used=1279Kb free=4525Kb
 bounds [0x00000210a5810000, 0x00000210a5a80000, 0x00000210a5db0000]
 total_blobs=6267 nmethods=3734 adapters=407
 compilation: enabled
              stopped_count=0, restarted_count=0
 full_count=0

Compilation events (20 events):
Event: 4.012 Thread 0x00000210c17a9000 4332       4       java.io.FileOutputStream::write (20 bytes)
Event: 4.013 Thread 0x00000210c17a9000 nmethod 4332 0x00000210ad317f10 code [0x00000210ad3180a0, 0x00000210ad318148]
Event: 4.017 Thread 0x00000210c17a9000 4333       4       org.codehaus.plexus.classworlds.realm.Entry::matches (282 bytes)
Event: 4.018 Thread 0x00000210c17b0800 4334       3       java.lang.StringUTF16::checkIndex (9 bytes)
Event: 4.018 Thread 0x00000210c17b0800 nmethod 4334 0x00000210a5f60990 code [0x00000210a5f60b40, 0x00000210a5f60d10]
Event: 4.020 Thread 0x00000210c17b0800 4338  s    3       java.lang.StringBuffer::append (13 bytes)
Event: 4.020 Thread 0x00000210c17b0800 nmethod 4338 0x00000210a654c410 code [0x00000210a654c5c0, 0x00000210a654c950]
Event: 4.021 Thread 0x00000210c17b0800 4339  s    1       java.lang.StringBuffer::length (5 bytes)
Event: 4.021 Thread 0x00000210c17b0800 nmethod 4339 0x00000210ad317910 code [0x00000210ad317aa0, 0x00000210ad317d78]
Event: 4.022 Thread 0x00000210c17b0800 4340       3       java.util.Calendar::internalGet (7 bytes)
Event: 4.022 Thread 0x00000210c17b0800 nmethod 4340 0x00000210a6045290 code [0x00000210a6045440, 0x00000210a60455f8]
Event: 4.023 Thread 0x00000210c17b0800 4342       3       sun.nio.cs.UTF_8$Encoder::encodeArrayLoop (489 bytes)
Event: 4.025 Thread 0x00000210c17b0800 nmethod 4342 0x00000210a5de0590 code [0x00000210a5de0b80, 0x00000210a5de4390]
Event: 4.026 Thread 0x00000210c23e9800 4336       4       sun.nio.cs.StreamEncoder::implWrite (137 bytes)
Event: 4.028 Thread 0x00000210c23e9800 nmethod 4336 0x00000210ad3c0010 code [0x00000210ad3c01c0, 0x00000210ad3c03c8]
Event: 4.028 Thread 0x00000210c23e9800 4335   !   4       sun.nio.cs.StreamEncoder::write (78 bytes)
Event: 4.029 Thread 0x00000210c17b0800 4344       3       java.lang.ThreadLocal::get (38 bytes)
Event: 4.029 Thread 0x00000210c17b0800 nmethod 4344 0x00000210a660d810 code [0x00000210a660d9e0, 0x00000210a660dd50]
Event: 4.036 Thread 0x00000210c23e9800 nmethod 4335 0x00000210ad31b110 code [0x00000210ad31b2e0, 0x00000210ad31bc08]
Event: 4.036 Thread 0x00000210c23e9800 4337       4       sun.nio.cs.StreamEncoder::writeBytes (132 bytes)

GC Heap History (4 events):
Event: 0.663 GC heap before
{Heap before GC invocations=0 (full 0):
 garbage-first heap   total 262144K, used 23552K [0x0000000701e00000, 0x0000000800000000)
  region size 1024K, 24 young (24576K), 0 survivors (0K)
 Metaspace       used 5545K, capacity 7769K, committed 7808K, reserved 1056768K
  class space    used 643K, capacity 892K, committed 896K, reserved 1048576K
}
Event: 0.666 GC heap after
{Heap after GC invocations=1 (full 0):
 garbage-first heap   total 262144K, used 3376K [0x0000000701e00000, 0x0000000800000000)
  region size 1024K, 3 young (3072K), 3 survivors (3072K)
 Metaspace       used 5545K, capacity 7769K, committed 7808K, reserved 1056768K
  class space    used 643K, capacity 892K, committed 896K, reserved 1048576K
}
Event: 2.561 GC heap before
{Heap before GC invocations=1 (full 0):
 garbage-first heap   total 262144K, used 156976K [0x0000000701e00000, 0x0000000800000000)
  region size 1024K, 153 young (156672K), 3 survivors (3072K)
 Metaspace       used 14031K, capacity 15582K, committed 15616K, reserved 1062912K
  class space    used 1536K, capacity 1770K, committed 1792K, reserved 1048576K
}
Event: 2.575 GC heap after
{Heap after GC invocations=2 (full 0):
 garbage-first heap   total 262144K, used 17531K [0x0000000701e00000, 0x0000000800000000)
  region size 1024K, 17 young (17408K), 17 survivors (17408K)
 Metaspace       used 14031K, capacity 15582K, committed 15616K, reserved 1062912K
  class space    used 1536K, capacity 1770K, committed 1792K, reserved 1048576K
}

Deoptimization events (20 events):
Event: 3.328 Thread 0x000002109d30d000 Uncommon trap: trap_request=0xffffffde fr.pc=0x00000210ad423c1c relative=0x000000000000007c
Event: 3.328 Thread 0x000002109d30d000 Uncommon trap: reason=class_check action=maybe_recompile pc=0x00000210ad423c1c method=java.util.Collections$UnmodifiableMap$UnmodifiableEntrySet$UnmodifiableEntry.getKey()Ljava/lang/Object; @ 4 c2
Event: 3.328 Thread 0x000002109d30d000 DEOPT PACKING pc=0x00000210ad423c1c sp=0x00000019e76fd600
Event: 3.328 Thread 0x000002109d30d000 DEOPT UNPACKING pc=0x00000210a585912f sp=0x00000019e76fd590 mode 2
Event: 3.328 Thread 0x000002109d30d000 Uncommon trap: trap_request=0xffffffde fr.pc=0x00000210ad423f1c relative=0x000000000000007c
Event: 3.328 Thread 0x000002109d30d000 Uncommon trap: reason=class_check action=maybe_recompile pc=0x00000210ad423f1c method=java.util.Collections$UnmodifiableMap$UnmodifiableEntrySet$UnmodifiableEntry.getValue()Ljava/lang/Object; @ 4 c2
Event: 3.328 Thread 0x000002109d30d000 DEOPT PACKING pc=0x00000210ad423f1c sp=0x00000019e76fd600
Event: 3.328 Thread 0x000002109d30d000 DEOPT UNPACKING pc=0x00000210a585912f sp=0x00000019e76fd590 mode 2
Event: 3.788 Thread 0x00000210c4072000 Uncommon trap: trap_request=0xffffff45 fr.pc=0x00000210ad5562e8 relative=0x0000000000001ca8
Event: 3.788 Thread 0x00000210c4072000 Uncommon trap: reason=unstable_if action=reinterpret pc=0x00000210ad5562e8 method=java.io.BufferedReader.readLine(Z)Ljava/lang/String; @ 265 c2
Event: 3.788 Thread 0x00000210c4072000 DEOPT PACKING pc=0x00000210ad5562e8 sp=0x00000019e97ff060
Event: 3.788 Thread 0x00000210c4072000 DEOPT UNPACKING pc=0x00000210a585912f sp=0x00000019e97ff038 mode 2
Event: 3.861 Thread 0x00000210c4073000 Uncommon trap: trap_request=0xffffff45 fr.pc=0x00000210ad54f3d8 relative=0x00000000000007d8
Event: 3.861 Thread 0x00000210c4073000 Uncommon trap: reason=unstable_if action=reinterpret pc=0x00000210ad54f3d8 method=java.util.StringTokenizer.nextToken()Ljava/lang/String; @ 5 c2
Event: 3.861 Thread 0x00000210c4073000 DEOPT PACKING pc=0x00000210ad54f3d8 sp=0x00000019e95fede0
Event: 3.861 Thread 0x00000210c4073000 DEOPT UNPACKING pc=0x00000210a585912f sp=0x00000019e95fedb0 mode 2
Event: 3.980 Thread 0x00000210c4073000 Uncommon trap: trap_request=0xffffff45 fr.pc=0x00000210ad46d400 relative=0x0000000000000140
Event: 3.980 Thread 0x00000210c4073000 Uncommon trap: reason=unstable_if action=reinterpret pc=0x00000210ad46d400 method=java.nio.charset.CharsetDecoder.decode(Ljava/nio/ByteBuffer;Ljava/nio/CharBuffer;Z)Ljava/nio/charset/CoderResult; @ 1 c2
Event: 3.980 Thread 0x00000210c4073000 DEOPT PACKING pc=0x00000210ad46d400 sp=0x00000019e95fec40
Event: 3.980 Thread 0x00000210c4073000 DEOPT UNPACKING pc=0x00000210a585912f sp=0x00000019e95febf8 mode 2

Classes unloaded (0 events):
No events

Classes redefined (0 events):
No events

Internal exceptions (15 events):
Event: 0.135 Thread 0x000002109d30d000 Exception <a 'java/lang/NoSuchMethodError'{0x0000000711a39ef0}: 'int java.lang.invoke.DirectMethodHandle$Holder.invokeSpecialIFC(java.lang.Object, java.lang.Object, int)'> (0x0000000711a39ef0) 
thrown [t:/workspace/open/src/hotspot/share/interpreter/linkResolver.cpp, line 767]
Event: 0.168 Thread 0x000002109d30d000 Exception <a 'java/lang/NoSuchMethodError'{0x0000000711927fe0}: 'java.lang.Object java.lang.invoke.DirectMethodHandle$Holder.invokeStaticInit(java.lang.Object, int, int, int, int)'> (0x0000000711927fe0) 
thrown [t:/workspace/open/src/hotspot/share/interpreter/linkResolver.cpp, line 767]
Event: 0.354 Thread 0x000002109d30d000 Exception <a 'java/lang/NoSuchMethodError'{0x00000007119effc8}: 'java.lang.Object java.lang.invoke.DirectMethodHandle$Holder.invokeStaticInit(java.lang.Object, java.lang.Object, int, int, int, int)'> (0x00000007119effc8) 
thrown [t:/workspace/open/src/hotspot/share/interpreter/linkResolver.cpp, line 767]
Event: 1.087 Thread 0x000002109d30d000 Exception <a 'java/lang/NoClassDefFoundError'{0x000000070f9e0748}: com/google/inject/servlet/ServletModuleTargetVisitor> (0x000000070f9e0748) 
thrown [t:/workspace/open/src/hotspot/share/classfile/systemDictionary.cpp, line 221]
Event: 1.087 Thread 0x000002109d30d000 Exception <a 'java/lang/NoClassDefFoundError'{0x000000070f9e4bf0}: javax/annotation/Priority> (0x000000070f9e4bf0) 
thrown [t:/workspace/open/src/hotspot/share/classfile/systemDictionary.cpp, line 221]
Event: 1.192 Thread 0x000002109d30d000 Implicit null exception at 0x00000210ad301884 to 0x00000210ad301db2
Event: 1.192 Thread 0x000002109d30d000 Implicit null exception at 0x00000210ad30d684 to 0x00000210ad30db86
Event: 2.151 Thread 0x000002109d30d000 Implicit null exception at 0x00000210ad34be65 to 0x00000210ad34c056
Event: 2.152 Thread 0x000002109d30d000 Implicit null exception at 0x00000210ad365faf to 0x00000210ad36602d
Event: 2.676 Thread 0x000002109d30d000 Implicit null exception at 0x00000210ad506271 to 0x00000210ad50b326
Event: 3.147 Thread 0x00000210c18e8800 Implicit null exception at 0x00000210ad414d1d to 0x00000210ad414e16
Event: 3.152 Thread 0x000002109d30d000 Exception <a 'java/lang/NoSuchMethodError'{0x000000070f449b50}: 'java.lang.String org.apache.maven.execution.MavenExecutionRequest.getFailureBehavior()'> (0x000000070f449b50) 
thrown [t:/workspace/open/src/hotspot/share/interpreter/linkResolver.cpp, line 862]
Event: 3.154 Thread 0x00000210c18e8800 Exception <a 'java/lang/NoSuchMethodError'{0x000000070f6c8978}: 'java.lang.Object java.lang.invoke.DirectMethodHandle$Holder.invokeStaticInit(java.lang.Object, java.lang.Object, long, java.lang.Object)'> (0x000000070f6c8978) 
thrown [t:/workspace/open/src/hotspot/share/interpreter/linkResolver.cpp, line 767]
Event: 3.155 Thread 0x00000210c18e8800 Exception <a 'java/lang/NoSuchMethodError'{0x000000070f6cec08}: 'java.lang.Object java.lang.invoke.Invokers$Holder.linkToTargetMethod(java.lang.Object, long, java.lang.Object)'> (0x000000070f6cec08) 
thrown [t:/workspace/open/src/hotspot/share/interpreter/linkResolver.cpp, line 767]
Event: 3.333 Thread 0x000002109d30d000 Exception <a 'java/lang/NoSuchMethodError'{0x000000070dc11b88}: 'void java.lang.invoke.DirectMethodHandle$Holder.invokeStatic(java.lang.Object, long)'> (0x000000070dc11b88) 
thrown [t:/workspace/open/src/hotspot/share/interpreter/linkResolver.cpp, line 767]

Events (20 events):
Event: 3.864 Executing VM operation: RevokeBias done
Event: 3.980 loading class sun/nio/cs/ThreadLocalCoders
Event: 3.980 loading class sun/nio/cs/ThreadLocalCoders done
Event: 3.980 loading class sun/nio/cs/ThreadLocalCoders$1
Event: 3.980 loading class sun/nio/cs/ThreadLocalCoders$Cache
Event: 3.980 loading class sun/nio/cs/ThreadLocalCoders$Cache done
Event: 3.980 loading class sun/nio/cs/ThreadLocalCoders$1 done
Event: 3.980 loading class sun/nio/cs/ThreadLocalCoders$2
Event: 3.980 loading class sun/nio/cs/ThreadLocalCoders$2 done
Event: 4.017 loading class org/apache/maven/plugin/surefire/booterclient/output/InPluginProcessDumpSingleton
Event: 4.017 loading class org/apache/maven/plugin/surefire/booterclient/output/InPluginProcessDumpSingleton done
Event: 4.017 loading class org/apache/maven/plugin/surefire/booterclient/output/InPluginProcessDumpSingleton
Event: 4.017 loading class org/apache/maven/plugin/surefire/booterclient/output/InPluginProcessDumpSingleton done
Event: 4.017 loading class org/apache/maven/plugin/surefire/booterclient/output/InPluginProcessDumpSingleton
Event: 4.017 loading class org/apache/maven/plugin/surefire/booterclient/output/InPluginProcessDumpSingleton done
Event: 4.019 loading class java/lang/Throwable$WrappedPrintWriter
Event: 4.019 loading class java/lang/Throwable$PrintStreamOrWriter
Event: 4.019 loading class java/lang/Throwable$PrintStreamOrWriter done
Event: 4.019 loading class java/lang/Throwable$WrappedPrintWriter done
Event: 4.026 Thread 0x00000210c23e9800 Thread added: 0x00000210c23e9800


Dynamic libraries:
0x00007ff771220000 - 0x00007ff77122f000 	C:\Program Files\Java\jdk-13.0.1\bin\javaw.exe
0x00007ff96c240000 - 0x00007ff96c430000 	C:\Windows\SYSTEM32\ntdll.dll
0x00007ff96a480000 - 0x00007ff96a532000 	C:\Windows\System32\KERNEL32.DLL
0x00007ff969fe0000 - 0x00007ff96a285000 	C:\Windows\System32\KERNELBASE.dll
0x00007ff969310000 - 0x00007ff96940a000 	C:\Windows\System32\ucrtbase.dll
0x00007ff95d9b0000 - 0x00007ff95d9c8000 	C:\Program Files\Java\jdk-13.0.1\bin\jli.dll
0x00007ff951570000 - 0x00007ff951585000 	C:\Program Files\Java\jdk-13.0.1\bin\VCRUNTIME140.dll
0x00007ff96a970000 - 0x00007ff96aa13000 	C:\Windows\System32\ADVAPI32.dll
0x00007ff96b420000 - 0x00007ff96b4be000 	C:\Windows\System32\msvcrt.dll
0x00007ff96abb0000 - 0x00007ff96ac47000 	C:\Windows\System32\sechost.dll
0x00007ff96a2f0000 - 0x00007ff96a40f000 	C:\Windows\System32\RPCRT4.dll
0x00007ff96a5b0000 - 0x00007ff96a744000 	C:\Windows\System32\USER32.dll
0x00007ff953ca0000 - 0x00007ff953f24000 	C:\Windows\WinSxS\amd64_microsoft.windows.common-controls_6595b64144ccf1df_6.0.18362.1556_none_9e7e372fe45e41d5\COMCTL32.dll
0x00007ff96a2c0000 - 0x00007ff96a2e1000 	C:\Windows\System32\win32u.dll
0x00007ff96ba00000 - 0x00007ff96bd36000 	C:\Windows\System32\combase.dll
0x00007ff96c0c0000 - 0x00007ff96c0e6000 	C:\Windows\System32\GDI32.dll
0x00007ff9694b0000 - 0x00007ff969531000 	C:\Windows\System32\bcryptPrimitives.dll
0x00007ff969d30000 - 0x00007ff969ec8000 	C:\Windows\System32\gdi32full.dll
0x00007ff969410000 - 0x00007ff9694ae000 	C:\Windows\System32\msvcp_win.dll
0x00007ff95f120000 - 0x00007ff95f12a000 	C:\Windows\SYSTEM32\VERSION.dll
0x00007ff96a800000 - 0x00007ff96a82e000 	C:\Windows\System32\IMM32.DLL
0x00007ff943530000 - 0x00007ff9435cb000 	C:\Program Files\Java\jdk-13.0.1\bin\msvcp140.dll
0x00007ff948e70000 - 0x00007ff9499d6000 	C:\Program Files\Java\jdk-13.0.1\bin\server\jvm.dll
0x00007ff96ac50000 - 0x00007ff96ac58000 	C:\Windows\System32\PSAPI.DLL
0x00007ff951bf0000 - 0x00007ff951bf9000 	C:\Windows\SYSTEM32\WSOCK32.dll
0x00007ff966c60000 - 0x00007ff966c84000 	C:\Windows\SYSTEM32\WINMM.dll
0x00007ff96ac60000 - 0x00007ff96accf000 	C:\Windows\System32\WS2_32.dll
0x00007ff966b50000 - 0x00007ff966b7d000 	C:\Windows\SYSTEM32\winmmbase.dll
0x00007ff969540000 - 0x00007ff96958a000 	C:\Windows\System32\cfgmgr32.dll
0x00007ff969170000 - 0x00007ff969181000 	C:\Windows\System32\kernel.appcore.dll
0x00007ff9483d0000 - 0x00007ff9483e0000 	C:\Program Files\Java\jdk-13.0.1\bin\verify.dll
0x00007ff9679c0000 - 0x00007ff967bb4000 	C:\Windows\SYSTEM32\DBGHELP.DLL
0x00007ff94ad10000 - 0x00007ff94ad3a000 	C:\Windows\SYSTEM32\dbgcore.DLL
0x00007ff948150000 - 0x00007ff948176000 	C:\Program Files\Java\jdk-13.0.1\bin\java.dll
0x00007ff947fd0000 - 0x00007ff947fe7000 	C:\Program Files\Java\jdk-13.0.1\bin\zip.dll
0x00007ff947f90000 - 0x00007ff947f9a000 	C:\Program Files\Java\jdk-13.0.1\bin\jimage.dll
0x00007ff96acd0000 - 0x00007ff96b3b7000 	C:\Windows\System32\SHELL32.dll
0x00007ff96c150000 - 0x00007ff96c1f8000 	C:\Windows\System32\shcore.dll
0x00007ff9695b0000 - 0x00007ff969d2b000 	C:\Windows\System32\windows.storage.dll
0x00007ff969150000 - 0x00007ff96916e000 	C:\Windows\System32\profapi.dll
0x00007ff969100000 - 0x00007ff96914a000 	C:\Windows\System32\powrprof.dll
0x00007ff9690f0000 - 0x00007ff969100000 	C:\Windows\System32\UMPDC.dll
0x00007ff96a420000 - 0x00007ff96a472000 	C:\Windows\System32\shlwapi.dll
0x00007ff969590000 - 0x00007ff9695a7000 	C:\Windows\System32\cryptsp.dll
0x00007ff9444b0000 - 0x00007ff9444c9000 	C:\Program Files\Java\jdk-13.0.1\bin\net.dll
0x00007ff955a90000 - 0x00007ff955b8a000 	C:\Windows\SYSTEM32\WINHTTP.dll
0x00007ff968890000 - 0x00007ff9688f7000 	C:\Windows\system32\mswsock.dll
0x00007ff9443a0000 - 0x00007ff9443b3000 	C:\Program Files\Java\jdk-13.0.1\bin\nio.dll
0x00007ff968410000 - 0x00007ff968443000 	C:\Windows\system32\rsaenh.dll
0x00007ff96a290000 - 0x00007ff96a2b6000 	C:\Windows\System32\bcrypt.dll
0x00007ff968fe0000 - 0x00007ff969005000 	C:\Windows\SYSTEM32\USERENV.dll
0x00007ff968a40000 - 0x00007ff968a4c000 	C:\Windows\SYSTEM32\CRYPTBASE.dll
0x00007ff9685b0000 - 0x00007ff9685ea000 	C:\Windows\SYSTEM32\IPHLPAPI.DLL
0x00007ff96a410000 - 0x00007ff96a418000 	C:\Windows\System32\NSI.dll
0x00007ff95d340000 - 0x00007ff95d356000 	C:\Windows\SYSTEM32\dhcpcsvc6.DLL
0x00007ff95d2f0000 - 0x00007ff95d30c000 	C:\Windows\SYSTEM32\dhcpcsvc.DLL
0x00007ff9685f0000 - 0x00007ff9686bb000 	C:\Windows\SYSTEM32\DNSAPI.dll
0x00007ff9606b0000 - 0x00007ff9606ba000 	C:\Users\Usuario\AppData\Local\Temp\jansi-1.17.1-14318659474872760912.dll
0x00007ff95bd50000 - 0x00007ff95bd5a000 	C:\Users\Usuario\AppData\Local\Temp\jansi-1.17.1-2260461338050898905.dll

dbghelp: loaded successfully - version: 4.0.5 - missing functions: none
symbol engine: initialized successfully - sym options: 0x614 - pdb path: .;C:\Program Files\Java\jdk-13.0.1\bin;C:\Windows\SYSTEM32;C:\Windows\WinSxS\amd64_microsoft.windows.common-controls_6595b64144ccf1df_6.0.18362.1556_none_9e7e372fe45e41d5;C:\Program Files\Java\jdk-13.0.1\bin\server;C:\Users\Usuario\AppData\Local\Temp

VM Arguments:
jvm_args: -Dmaven.home=EMBEDDED -Dclassworlds.conf=D:\Jorge\Eclipse\workspace\.metadata\.plugins\org.eclipse.m2e.launching\launches\m2conf10814056629891245079.tmp -Dmaven.multiModuleProjectDirectory=D:\Jorge\Eclipse\workspace\Back-End-ECommerce-Social-Networks -Dfile.encoding=Cp1252 
java_command: org.codehaus.plexus.classworlds.launcher.Launcher -B install
java_class_path (initial): C:\Users\Usuario\.p2\pool\plugins\org.eclipse.m2e.maven.runtime_1.14.0.20191209-1923\jars\plexus-classworlds-2.6.0.jar
Launcher Type: SUN_STANDARD

[Global flags]
     intx CICompilerCount                          = 4                                         {product} {ergonomic}
     uint ConcGCThreads                            = 2                                         {product} {ergonomic}
     uint G1ConcRefinementThreads                  = 8                                         {product} {ergonomic}
   size_t G1HeapRegionSize                         = 1048576                                   {product} {ergonomic}
    uintx GCDrainStackTargetSize                   = 64                                        {product} {ergonomic}
   size_t InitialHeapSize                          = 268435456                                 {product} {ergonomic}
   size_t MarkStackSize                            = 4194304                                   {product} {ergonomic}
   size_t MaxHeapSize                              = 4263510016                                {product} {ergonomic}
   size_t MaxNewSize                               = 2557476864                                {product} {ergonomic}
   size_t MinHeapDeltaBytes                        = 1048576                                   {product} {ergonomic}
   size_t MinHeapSize                              = 8388608                                   {product} {ergonomic}
    uintx NonNMethodCodeHeapSize                   = 5836300                                {pd product} {ergonomic}
    uintx NonProfiledCodeHeapSize                  = 122910970                              {pd product} {ergonomic}
    uintx ProfiledCodeHeapSize                     = 122910970                              {pd product} {ergonomic}
    uintx ReservedCodeCacheSize                    = 251658240                              {pd product} {ergonomic}
     bool SegmentedCodeCache                       = true                                      {product} {ergonomic}
   size_t SoftMaxHeapSize                          = 4263510016                             {manageable} {ergonomic}
     bool UseCompressedClassPointers               = true                                 {lp64_product} {ergonomic}
     bool UseCompressedOops                        = true                                 {lp64_product} {ergonomic}
     bool UseG1GC                                  = true                                      {product} {ergonomic}
     bool UseLargePagesIndividualAllocation        = false                                  {pd product} {ergonomic}

Logging:
Log output configuration:
 #0: stdout all=warning uptime,level,tags
 #1: stderr all=off uptime,level,tags

Environment Variables:
PATH=C:\Program Files (x86)\Common Files\Oracle\Java\javapath;C:\Windows\system32;C:\Windows;C:\Windows\System32\Wbem;C:\Windows\System32\WindowsPowerShell\v1.0\;C:\Windows\System32\OpenSSH\;C:\Program Files (x86)\Intel\Intel(R) Management Engine Components\DAL;C:\Program Files\Intel\Intel(R) Management Engine Components\DAL;C:\Program Files\Microsoft SQL Server\130\Tools\Binn\;C:\Program Files\dotnet\;C:\Program Files\Git\cmd;D:\Putty\;C:\Program Files\Docker\Docker\resources\bin;C:\ProgramData\DockerDesktop\version-bin;C:\Users\Usuario\AppData\Local\Microsoft\WindowsApps;D:\Jorge\Multipass\bin
USERNAME=Usuario
OS=Windows_NT
PROCESSOR_IDENTIFIER=Intel64 Family 6 Model 142 Stepping 12, GenuineIntel



---------------  S Y S T E M  ---------------

OS: Windows 10 , 64 bit Build 18362 (10.0.18362.1500)
HyperV virtualization detected

CPU:total 8 (initial active 8) (4 cores per cpu, 2 threads per core) family 6 model 142 stepping 12, cmov, cx8, fxsr, mmx, sse, sse2, sse3, ssse3, sse4.1, sse4.2, popcnt, avx, avx2, aes, clmul, erms, 3dnowpref, lzcnt, ht, tsc, tscinvbit, bmi1, bmi2, adx, fma

Memory: 4k page, system-wide physical 16260M (3320M free)
TotalPageFile size 21391M (AvailPageFile size 4M)
current process WorkingSet (physical memory assigned to process): 286M, peak: 291M
current process commit charge ("private bytes"): 424M, peak: 429M

vm_info: Java HotSpot(TM) 64-Bit Server VM (13.0.1+9) for windows-amd64 JRE (13.0.1+9), built on Oct  6 2019 12:37:49 by "mach5one" with unknown MS VC++:1916

END.
