#
# There is insufficient memory for the Java Runtime Environment to continue.
# Native memory allocation (mmap) failed to map 268435456 bytes for Failed to commit area from 0x0000000701e00000 to 0x0000000711e00000 of length 268435456.
# Possible reasons:
#   The system is out of physical RAM or swap space
#   The process is running with CompressedOops enabled, and the Java Heap may be blocking the growth of the native heap
# Possible solutions:
#   Reduce memory load on the system
#   Increase physical memory or swap space
#   Check if swap backing store is full
#   Decrease Java heap size (-Xmx/-Xms)
#   Decrease number of Java threads
#   Decrease Java thread stack sizes (-Xss)
#   Set larger code cache with -XX:ReservedCodeCacheSize=
# This output file may be truncated or incomplete.
#
#  Out of Memory Error (t:/workspace/open/src/hotspot/os/windows/os_windows.cpp:3301), pid=24952, tid=20000
#
# JRE version:  (13.0.1+9) (build )
# Java VM: Java HotSpot(TM) 64-Bit Server VM (13.0.1+9, mixed mode, aot, sharing, tiered, compressed oops, g1 gc, windows-amd64)
# No core dump will be written. Minidumps are not enabled by default on client versions of Windows
#

---------------  S U M M A R Y ------------

Command Line: C:\Users\Usuario\AppData\Local\Temp\surefire5425696268811099438\surefirebooter201977800741697535.jar C:\Users\Usuario\AppData\Local\Temp\surefire5425696268811099438 2022-04-18T18-31-55_109-jvmRun1 surefire6150158179808049119tmp surefire_05962307912874129257tmp

Host: Intel(R) Core(TM) i5-8265U CPU @ 1.60GHz, 8 cores, 15G,  Windows 10 , 64 bit Build 18362 (10.0.18362.1500)
Time: Mon Apr 18 18:31:55 2022 Hora estándar, América Central elapsed time: 0 seconds (0d 0h 0m 0s)

---------------  T H R E A D  ---------------

Current thread (0x0000022e706c0800):  JavaThread "Unknown thread" [_thread_in_vm, id=20000, stack(0x000000bdf4a00000,0x000000bdf4b00000)]

Stack: [0x000000bdf4a00000,0x000000bdf4b00000]
Native frames: (J=compiled Java code, j=interpreted, Vv=VM code, C=native code)
V  [jvm.dll+0x626eca]
V  [jvm.dll+0x772c6a]
V  [jvm.dll+0x77441f]
V  [jvm.dll+0x774a23]
V  [jvm.dll+0x24da58]
V  [jvm.dll+0x62438a]
V  [jvm.dll+0x618f75]
V  [jvm.dll+0x30c61c]
V  [jvm.dll+0x30c452]
V  [jvm.dll+0x311bc6]
V  [jvm.dll+0x355ce6]
V  [jvm.dll+0x3554c0]
V  [jvm.dll+0x2e729a]
V  [jvm.dll+0x2e8532]
V  [jvm.dll+0x74fcd8]
V  [jvm.dll+0x363739]
V  [jvm.dll+0x732dc5]
V  [jvm.dll+0x3ce2ef]
V  [jvm.dll+0x3d0611]
C  [jli.dll+0x51ff]
C  [ucrtbase.dll+0x210b2]
C  [KERNEL32.DLL+0x17c24]
C  [ntdll.dll+0x6d721]


---------------  P R O C E S S  ---------------

Threads class SMR info:
_java_thread_list=0x00007ff9499346b8, length=0, elements={
}

Java Threads: ( => current thread )

Other Threads:
  0x0000022e7072a000 GCTaskThread "GC Thread#0" [stack: 0x000000bdf4b00000,0x000000bdf4c00000] [id=23156]
  0x0000022e7074c800 ConcurrentGCThread "G1 Main Marker" [stack: 0x000000bdf4c00000,0x000000bdf4d00000] [id=10552]
  0x0000022e7074e000 ConcurrentGCThread "G1 Conc#0" [stack: 0x000000bdf4d00000,0x000000bdf4e00000] [id=20708]

[error occurred during error reporting (printing all threads), id 0xc0000005, EXCEPTION_ACCESS_VIOLATION (0xc0000005) at pc=0x00007ff949166f67]

VM state:not at safepoint (not fully initialized)

VM Mutex/Monitor currently owned by a thread:  ([mutex/lock_event])
[0x0000022e6e6eb080] Heap_lock - owner thread: 0x0000022e706c0800

Heap address: 0x0000000701e00000, size: 4066 MB, Compressed Oops mode: Non-zero based: 0x0000000701e00000
Narrow klass base: 0x0000000000000000, Narrow klass shift: 0

GC Heap History (0 events):
No events

Deoptimization events (0 events):
No events

Classes unloaded (0 events):
No events

Classes redefined (0 events):
No events

Internal exceptions (0 events):
No events

Events (8 events):
Event: 0.004 Loaded shared library C:\Program Files\Java\jdk-13.0.1\bin\zip.dll
Event: 0.004 Loaded shared library C:\Program Files\Java\jdk-13.0.1\bin\jimage.dll
Event: 0.006 Loading shared library C:\Program Files\Java\jdk-13.0.1\lib\libjava.base-coop.dll failed, error code 126
Event: 0.006 Loading shared library C:\Program Files\Java\jdk-13.0.1\lib\libjava.logging-coop.dll failed, error code 126
Event: 0.006 Loading shared library C:\Program Files\Java\jdk-13.0.1\lib\libjdk.compiler-coop.dll failed, error code 126
Event: 0.006 Loading shared library C:\Program Files\Java\jdk-13.0.1\lib\libjdk.scripting.nashorn-coop.dll failed, error code 126
Event: 0.006 Loading shared library C:\Program Files\Java\jdk-13.0.1\lib\libjdk.internal.vm.ci-coop.dll failed, error code 126
Event: 0.006 Loading shared library C:\Program Files\Java\jdk-13.0.1\lib\libjdk.internal.vm.compiler-coop.dll failed, error code 126


Dynamic libraries:
0x00007ff6fc510000 - 0x00007ff6fc51f000 	C:\Program Files\Java\jdk-13.0.1\bin\java.exe
0x00007ff96c240000 - 0x00007ff96c430000 	C:\Windows\SYSTEM32\ntdll.dll
0x00007ff96a480000 - 0x00007ff96a532000 	C:\Windows\System32\KERNEL32.DLL
0x00007ff969fe0000 - 0x00007ff96a285000 	C:\Windows\System32\KERNELBASE.dll
0x00007ff969310000 - 0x00007ff96940a000 	C:\Windows\System32\ucrtbase.dll
0x00007ff951570000 - 0x00007ff951585000 	C:\Program Files\Java\jdk-13.0.1\bin\VCRUNTIME140.dll
0x00007ff95d9b0000 - 0x00007ff95d9c8000 	C:\Program Files\Java\jdk-13.0.1\bin\jli.dll
0x00007ff96a970000 - 0x00007ff96aa13000 	C:\Windows\System32\ADVAPI32.dll
0x00007ff96b420000 - 0x00007ff96b4be000 	C:\Windows\System32\msvcrt.dll
0x00007ff96abb0000 - 0x00007ff96ac47000 	C:\Windows\System32\sechost.dll
0x00007ff96a2f0000 - 0x00007ff96a40f000 	C:\Windows\System32\RPCRT4.dll
0x00007ff96a5b0000 - 0x00007ff96a744000 	C:\Windows\System32\USER32.dll
0x00007ff96a2c0000 - 0x00007ff96a2e1000 	C:\Windows\System32\win32u.dll
0x00007ff953ca0000 - 0x00007ff953f24000 	C:\Windows\WinSxS\amd64_microsoft.windows.common-controls_6595b64144ccf1df_6.0.18362.1556_none_9e7e372fe45e41d5\COMCTL32.dll
0x00007ff96c0c0000 - 0x00007ff96c0e6000 	C:\Windows\System32\GDI32.dll
0x00007ff96ba00000 - 0x00007ff96bd36000 	C:\Windows\System32\combase.dll
0x00007ff969d30000 - 0x00007ff969ec8000 	C:\Windows\System32\gdi32full.dll
0x00007ff9694b0000 - 0x00007ff969531000 	C:\Windows\System32\bcryptPrimitives.dll
0x00007ff969410000 - 0x00007ff9694ae000 	C:\Windows\System32\msvcp_win.dll
0x00007ff95f120000 - 0x00007ff95f12a000 	C:\Windows\SYSTEM32\VERSION.dll
0x00007ff96a800000 - 0x00007ff96a82e000 	C:\Windows\System32\IMM32.DLL
0x00007ff943530000 - 0x00007ff9435cb000 	C:\Program Files\Java\jdk-13.0.1\bin\msvcp140.dll
0x00007ff948e70000 - 0x00007ff9499d6000 	C:\Program Files\Java\jdk-13.0.1\bin\server\jvm.dll
0x00007ff96ac50000 - 0x00007ff96ac58000 	C:\Windows\System32\PSAPI.DLL
0x00007ff951bf0000 - 0x00007ff951bf9000 	C:\Windows\SYSTEM32\WSOCK32.dll
0x00007ff966c60000 - 0x00007ff966c84000 	C:\Windows\SYSTEM32\WINMM.dll
0x00007ff96ac60000 - 0x00007ff96accf000 	C:\Windows\System32\WS2_32.dll
0x00007ff966b50000 - 0x00007ff966b7d000 	C:\Windows\SYSTEM32\winmmbase.dll
0x00007ff969540000 - 0x00007ff96958a000 	C:\Windows\System32\cfgmgr32.dll
0x00007ff969170000 - 0x00007ff969181000 	C:\Windows\System32\kernel.appcore.dll
0x00007ff9483d0000 - 0x00007ff9483e0000 	C:\Program Files\Java\jdk-13.0.1\bin\verify.dll
0x00007ff9679c0000 - 0x00007ff967bb4000 	C:\Windows\SYSTEM32\DBGHELP.DLL
0x00007ff94ad10000 - 0x00007ff94ad3a000 	C:\Windows\SYSTEM32\dbgcore.DLL
0x00007ff948150000 - 0x00007ff948176000 	C:\Program Files\Java\jdk-13.0.1\bin\java.dll
0x00007ff947fd0000 - 0x00007ff947fe7000 	C:\Program Files\Java\jdk-13.0.1\bin\zip.dll
0x00007ff947f90000 - 0x00007ff947f9a000 	C:\Program Files\Java\jdk-13.0.1\bin\jimage.dll

dbghelp: loaded successfully - version: 4.0.5 - missing functions: none
symbol engine: initialized successfully - sym options: 0x614 - pdb path: .;C:\Program Files\Java\jdk-13.0.1\bin;C:\Windows\SYSTEM32;C:\Windows\WinSxS\amd64_microsoft.windows.common-controls_6595b64144ccf1df_6.0.18362.1556_none_9e7e372fe45e41d5;C:\Program Files\Java\jdk-13.0.1\bin\server

VM Arguments:
java_command: C:\Users\Usuario\AppData\Local\Temp\surefire5425696268811099438\surefirebooter201977800741697535.jar C:\Users\Usuario\AppData\Local\Temp\surefire5425696268811099438 2022-04-18T18-31-55_109-jvmRun1 surefire6150158179808049119tmp surefire_05962307912874129257tmp
java_class_path (initial): C:\Users\Usuario\AppData\Local\Temp\surefire5425696268811099438\surefirebooter201977800741697535.jar
Launcher Type: SUN_STANDARD

[Global flags]
     intx CICompilerCount                          = 4                                         {product} {ergonomic}
     uint ConcGCThreads                            = 2                                         {product} {ergonomic}
     uint G1ConcRefinementThreads                  = 8                                         {product} {ergonomic}
   size_t G1HeapRegionSize                         = 1048576                                   {product} {ergonomic}
    uintx GCDrainStackTargetSize                   = 64                                        {product} {ergonomic}
   size_t InitialHeapSize                          = 268435456                                 {product} {ergonomic}
   size_t MarkStackSize                            = 4194304                                   {product} {ergonomic}
   size_t MaxHeapSize                              = 4263510016                                {product} {ergonomic}
   size_t MinHeapDeltaBytes                        = 1048576                                   {product} {ergonomic}
   size_t MinHeapSize                              = 8388608                                   {product} {ergonomic}
    uintx NonNMethodCodeHeapSize                   = 5836300                                {pd product} {ergonomic}
    uintx NonProfiledCodeHeapSize                  = 122910970                              {pd product} {ergonomic}
    uintx ProfiledCodeHeapSize                     = 122910970                              {pd product} {ergonomic}
    uintx ReservedCodeCacheSize                    = 251658240                              {pd product} {ergonomic}
     bool SegmentedCodeCache                       = true                                      {product} {ergonomic}
   size_t SoftMaxHeapSize                          = 4263510016                             {manageable} {ergonomic}
     bool UseCompressedClassPointers               = true                                 {lp64_product} {ergonomic}
     bool UseCompressedOops                        = true                                 {lp64_product} {ergonomic}
     bool UseG1GC                                  = true                                      {product} {ergonomic}
     bool UseLargePagesIndividualAllocation        = false                                  {pd product} {ergonomic}

Logging:
Log output configuration:
 #0: stdout all=warning uptime,level,tags
 #1: stderr all=off uptime,level,tags

Environment Variables:
PATH=C:\Program Files (x86)\Common Files\Oracle\Java\javapath;C:\Windows\system32;C:\Windows;C:\Windows\System32\Wbem;C:\Windows\System32\WindowsPowerShell\v1.0\;C:\Windows\System32\OpenSSH\;C:\Program Files (x86)\Intel\Intel(R) Management Engine Components\DAL;C:\Program Files\Intel\Intel(R) Management Engine Components\DAL;C:\Program Files\Microsoft SQL Server\130\Tools\Binn\;C:\Program Files\dotnet\;C:\Program Files\Git\cmd;D:\Putty\;C:\Program Files\Docker\Docker\resources\bin;C:\ProgramData\DockerDesktop\version-bin;C:\Users\Usuario\AppData\Local\Microsoft\WindowsApps;D:\Jorge\Multipass\bin
USERNAME=Usuario
OS=Windows_NT
PROCESSOR_IDENTIFIER=Intel64 Family 6 Model 142 Stepping 12, GenuineIntel



---------------  S Y S T E M  ---------------

OS: Windows 10 , 64 bit Build 18362 (10.0.18362.1500)
HyperV virtualization detected

CPU:total 8 (initial active 8) (4 cores per cpu, 2 threads per core) family 6 model 142 stepping 12, cmov, cx8, fxsr, mmx, sse, sse2, sse3, ssse3, sse4.1, sse4.2, popcnt, avx, avx2, aes, clmul, erms, 3dnowpref, lzcnt, ht, tsc, tscinvbit, bmi1, bmi2, adx, fma

Memory: 4k page, system-wide physical 16260M (3263M free)
TotalPageFile size 21391M (AvailPageFile size 215M)
current process WorkingSet (physical memory assigned to process): 10M, peak: 10M
current process commit charge ("private bytes"): 61M, peak: 317M

vm_info: Java HotSpot(TM) 64-Bit Server VM (13.0.1+9) for windows-amd64 JRE (13.0.1+9), built on Oct  6 2019 12:37:49 by "mach5one" with unknown MS VC++:1916

END.
