2022-04-18 16:11:37,190 INFO org.springframework.core.KotlinDetector [main] Kotlin reflection implementation not found at runtime, related features won't be available.
2022-04-18 16:11:37,223 INFO org.springframework.test.context.support.AbstractTestContextBootstrapper [main] Neither @ContextConfiguration nor @ContextHierarchy found for test class [ecommerce.backend.rest.controller.TwitterControllerTest], using SpringBootContextLoader
2022-04-18 16:11:37,227 INFO org.springframework.test.context.support.AbstractContextLoader [main] Could not detect default resource locations for test class [ecommerce.backend.rest.controller.TwitterControllerTest]: no resource found for suffixes {-context.xml, Context.groovy}.
2022-04-18 16:11:37,229 INFO org.springframework.test.context.support.AnnotationConfigContextLoaderUtils [main] Could not detect default configuration classes for test class [ecommerce.backend.rest.controller.TwitterControllerTest]: TwitterControllerTest does not declare any static, non-private, non-final, nested classes annotated with @Configuration.
2022-04-18 16:11:37,333 INFO org.springframework.boot.test.context.SpringBootTestContextBootstrapper [main] Found @SpringBootConfiguration ecommerce.backend.rest.Application for test class ecommerce.backend.rest.controller.TwitterControllerTest
2022-04-18 16:11:37,401 INFO org.springframework.test.context.support.AbstractTestContextBootstrapper [main] Loaded default TestExecutionListener class names from location [META-INF/spring.factories]: [org.springframework.boot.test.mock.mockito.MockitoTestExecutionListener, org.springframework.boot.test.mock.mockito.ResetMocksTestExecutionListener, org.springframework.boot.test.autoconfigure.restdocs.RestDocsTestExecutionListener, org.springframework.boot.test.autoconfigure.web.client.MockRestServiceServerResetTestExecutionListener, org.springframework.boot.test.autoconfigure.web.servlet.MockMvcPrintOnlyOnFailureTestExecutionListener, org.springframework.boot.test.autoconfigure.web.servlet.WebDriverTestExecutionListener, org.springframework.test.context.web.ServletTestExecutionListener, org.springframework.test.context.support.DirtiesContextBeforeModesTestExecutionListener, org.springframework.test.context.support.DependencyInjectionTestExecutionListener, org.springframework.test.context.support.DirtiesContextTestExecutionListener, org.springframework.test.context.transaction.TransactionalTestExecutionListener, org.springframework.test.context.jdbc.SqlScriptsTestExecutionListener]
2022-04-18 16:11:37,419 INFO org.springframework.test.context.support.AbstractTestContextBootstrapper [main] Using TestExecutionListeners: [org.springframework.test.context.web.ServletTestExecutionListener@628c4ac0, org.springframework.test.context.support.DirtiesContextBeforeModesTestExecutionListener@7b84fcf8, org.springframework.boot.test.mock.mockito.MockitoTestExecutionListener@30b19518, org.springframework.boot.test.autoconfigure.SpringBootDependencyInjectionTestExecutionListener@363042d7, org.springframework.test.context.support.DirtiesContextTestExecutionListener@366ac49b, org.springframework.test.context.transaction.TransactionalTestExecutionListener@6ad59d92, org.springframework.test.context.jdbc.SqlScriptsTestExecutionListener@56f0cc85, org.springframework.boot.test.mock.mockito.ResetMocksTestExecutionListener@62e20a76, org.springframework.boot.test.autoconfigure.restdocs.RestDocsTestExecutionListener@2cc44ad, org.springframework.boot.test.autoconfigure.web.client.MockRestServiceServerResetTestExecutionListener@44b3606b, org.springframework.boot.test.autoconfigure.web.servlet.MockMvcPrintOnlyOnFailureTestExecutionListener@1477089c, org.springframework.boot.test.autoconfigure.web.servlet.WebDriverTestExecutionListener@663411de]
2022-04-18 16:11:37,669 WARN org.springframework.boot.test.json.DuplicateJsonObjectContextCustomizerFactory$DuplicateJsonObjectContextCustomizer [main] 

Found multiple occurrences of org.json.JSONObject on the class path:

	jar:file:/C:/Users/Usuario/.m2/repository/com/vaadin/external/google/android-json/0.0.20131108.vaadin1/android-json-0.0.20131108.vaadin1.jar!/org/json/JSONObject.class
	jar:file:/C:/Users/Usuario/.m2/repository/org/json/json/20160212/json-20160212.jar!/org/json/JSONObject.class

You may wish to exclude one of them to ensure predictable runtime behavior

2022-04-18 16:11:37,680 INFO org.springframework.boot.StartupInfoLogger [main] Starting TwitterControllerTest on SPE-JOLOPE2 with PID 12776 (started by Usuario in D:\Jorge\Eclipse\workspace\Back-End-ECommerce-Social-Networks)
2022-04-18 16:11:37,680 DEBUG org.springframework.boot.StartupInfoLogger [main] Running with Spring Boot v2.1.2.RELEASE, Spring v5.1.4.RELEASE
2022-04-18 16:11:37,681 INFO org.springframework.boot.SpringApplication [main] No active profile set, falling back to default profiles: default
2022-04-18 16:11:37,938 WARN org.springframework.core.log.CompositeLog [background-preinit] For Jackson Kotlin classes support please add "com.fasterxml.jackson.module:jackson-module-kotlin" to the classpath
2022-04-18 16:11:38,659 INFO org.springframework.data.repository.config.RepositoryConfigurationDelegate [main] Bootstrapping Spring Data repositories in DEFAULT mode.
2022-04-18 16:11:38,728 INFO org.springframework.data.repository.config.RepositoryConfigurationDelegate [main] Finished Spring Data repository scanning in 62ms. Found 1 repository interfaces.
2022-04-18 16:11:39,248 INFO org.springframework.context.support.PostProcessorRegistrationDelegate$BeanPostProcessorChecker [main] Bean 'org.springframework.transaction.annotation.ProxyTransactionManagementConfiguration' of type [org.springframework.transaction.annotation.ProxyTransactionManagementConfiguration$$EnhancerBySpringCGLIB$$104d034e] is not eligible for getting processed by all BeanPostProcessors (for example: not eligible for auto-proxying)
2022-04-18 16:11:39,631 INFO com.zaxxer.hikari.HikariDataSource [main] HikariPool-1 - Starting...
2022-04-18 16:11:40,814 INFO com.zaxxer.hikari.HikariDataSource [main] HikariPool-1 - Start completed.
2022-04-18 16:11:40,882 INFO org.hibernate.jpa.internal.util.LogHelper [main] HHH000204: Processing PersistenceUnitInfo [
	name: default
	...]
2022-04-18 16:11:40,932 INFO org.hibernate.Version [main] HHH000412: Hibernate Core {5.3.7.Final}
2022-04-18 16:11:40,934 INFO org.hibernate.cfg.Environment [main] HHH000206: hibernate.properties not found
2022-04-18 16:11:41,056 INFO org.hibernate.annotations.common.reflection.java.JavaReflectionManager [main] HCANN000001: Hibernate Commons Annotations {5.0.4.Final}
2022-04-18 16:11:41,490 INFO org.hibernate.dialect.Dialect [main] HHH000400: Using dialect: org.hibernate.dialect.MySQL5InnoDBDialect
2022-04-18 16:11:41,524 INFO org.hibernate.engine.jdbc.env.internal.LobCreatorBuilderImpl [main] HHH000421: Disabling contextual LOB creation as hibernate.jdbc.lob.non_contextual_creation is true
2022-04-18 16:11:50,525 INFO org.springframework.orm.jpa.AbstractEntityManagerFactoryBean [main] Initialized JPA EntityManagerFactory for persistence unit 'default'
2022-04-18 16:11:51,659 INFO org.springframework.scheduling.concurrent.ExecutorConfigurationSupport [main] Initializing ExecutorService 'applicationTaskExecutor'
2022-04-18 16:11:51,733 WARN org.springframework.boot.autoconfigure.orm.jpa.JpaBaseConfiguration$JpaWebConfiguration$JpaWebMvcConfiguration [main] spring.jpa.open-in-view is enabled by default. Therefore, database queries may be performed during view rendering. Explicitly configure spring.jpa.open-in-view to disable this warning
2022-04-18 16:11:52,738 INFO org.springframework.security.web.DefaultSecurityFilterChain [main] Creating filter chain: any request, [org.springframework.security.web.context.request.async.WebAsyncManagerIntegrationFilter@46f597f1, org.springframework.security.web.context.SecurityContextPersistenceFilter@55c78556, org.springframework.security.web.header.HeaderWriterFilter@2b8b5d9e, org.springframework.security.web.csrf.CsrfFilter@2738a1fc, org.springframework.security.web.authentication.logout.LogoutFilter@1eb207c3, org.springframework.security.web.authentication.UsernamePasswordAuthenticationFilter@70ebaa1e, org.springframework.security.web.authentication.ui.DefaultLoginPageGeneratingFilter@46e38c28, org.springframework.security.web.authentication.ui.DefaultLogoutPageGeneratingFilter@2a045e85, org.springframework.security.web.authentication.www.BasicAuthenticationFilter@39d37da8, org.springframework.security.web.savedrequest.RequestCacheAwareFilter@6a3c1b56, org.springframework.security.web.servletapi.SecurityContextHolderAwareRequestFilter@31428f76, org.springframework.security.web.authentication.AnonymousAuthenticationFilter@48861d1, org.springframework.security.web.session.SessionManagementFilter@52737c1, org.springframework.security.web.access.ExceptionTranslationFilter@19877453, org.springframework.security.web.access.intercept.FilterSecurityInterceptor@3a22d69f]
2022-04-18 16:11:52,888 INFO org.springframework.boot.actuate.endpoint.web.EndpointLinksResolver [main] Exposing 2 endpoint(s) beneath base path '/actuator'
2022-04-18 16:11:53,040 INFO org.springframework.boot.StartupInfoLogger [main] Started TwitterControllerTest in 15.596 seconds (JVM running for 16.568)
2022-04-18 16:11:53,164 INFO ecommerce.backend.rest.aspect.LoggingAspect [main] Method:getTwittersById args[ | 143203091 | ]
2022-04-18 16:11:53,168 INFO ecommerce.backend.rest.aspect.LoggingAspect [main] Method:getTwittersById args[ | 143203091 | ]
2022-04-18 16:11:54,753 INFO ecommerce.backend.rest.aspect.LoggingAspect [main] Method:getTwittersById args[ | 143203091 | ]
2022-04-18 16:11:54,754 INFO ecommerce.backend.rest.aspect.LoggingAspect [main] Method:getTwittersById args[ | 143203091 | ]
2022-04-18 16:11:55,703 INFO org.springframework.scheduling.concurrent.ExecutorConfigurationSupport [Thread-4] Shutting down ExecutorService 'applicationTaskExecutor'
2022-04-18 16:11:55,704 INFO org.springframework.orm.jpa.AbstractEntityManagerFactoryBean [Thread-4] Closing JPA EntityManagerFactory for persistence unit 'default'
2022-04-18 16:11:55,707 INFO com.zaxxer.hikari.HikariDataSource [Thread-4] HikariPool-1 - Shutdown initiated...
2022-04-18 16:11:55,720 INFO com.zaxxer.hikari.HikariDataSource [Thread-4] HikariPool-1 - Shutdown completed.
2022-04-18 18:30:53,684 INFO org.springframework.core.KotlinDetector [main] Kotlin reflection implementation not found at runtime, related features won't be available.
2022-04-18 18:30:53,718 INFO org.springframework.test.context.support.AbstractTestContextBootstrapper [main] Neither @ContextConfiguration nor @ContextHierarchy found for test class [ecommerce.backend.rest.controller.TwitterControllerTest], using SpringBootContextLoader
2022-04-18 18:30:53,722 INFO org.springframework.test.context.support.AbstractContextLoader [main] Could not detect default resource locations for test class [ecommerce.backend.rest.controller.TwitterControllerTest]: no resource found for suffixes {-context.xml, Context.groovy}.
2022-04-18 18:30:53,723 INFO org.springframework.test.context.support.AnnotationConfigContextLoaderUtils [main] Could not detect default configuration classes for test class [ecommerce.backend.rest.controller.TwitterControllerTest]: TwitterControllerTest does not declare any static, non-private, non-final, nested classes annotated with @Configuration.
2022-04-18 18:39:00,716 INFO org.springframework.core.KotlinDetector [main] Kotlin reflection implementation not found at runtime, related features won't be available.
2022-04-18 18:39:00,761 INFO org.springframework.test.context.support.AbstractTestContextBootstrapper [main] Neither @ContextConfiguration nor @ContextHierarchy found for test class [ecommerce.backend.rest.controller.TwitterControllerTest], using SpringBootContextLoader
2022-04-18 18:39:00,766 INFO org.springframework.test.context.support.AbstractContextLoader [main] Could not detect default resource locations for test class [ecommerce.backend.rest.controller.TwitterControllerTest]: no resource found for suffixes {-context.xml, Context.groovy}.
2022-04-18 18:39:00,768 INFO org.springframework.test.context.support.AnnotationConfigContextLoaderUtils [main] Could not detect default configuration classes for test class [ecommerce.backend.rest.controller.TwitterControllerTest]: TwitterControllerTest does not declare any static, non-private, non-final, nested classes annotated with @Configuration.
2022-04-18 18:39:00,924 INFO org.springframework.boot.test.context.SpringBootTestContextBootstrapper [main] Found @SpringBootConfiguration ecommerce.backend.rest.Application for test class ecommerce.backend.rest.controller.TwitterControllerTest
2022-04-18 18:39:01,027 INFO org.springframework.test.context.support.AbstractTestContextBootstrapper [main] Loaded default TestExecutionListener class names from location [META-INF/spring.factories]: [org.springframework.boot.test.mock.mockito.MockitoTestExecutionListener, org.springframework.boot.test.mock.mockito.ResetMocksTestExecutionListener, org.springframework.boot.test.autoconfigure.restdocs.RestDocsTestExecutionListener, org.springframework.boot.test.autoconfigure.web.client.MockRestServiceServerResetTestExecutionListener, org.springframework.boot.test.autoconfigure.web.servlet.MockMvcPrintOnlyOnFailureTestExecutionListener, org.springframework.boot.test.autoconfigure.web.servlet.WebDriverTestExecutionListener, org.springframework.test.context.web.ServletTestExecutionListener, org.springframework.test.context.support.DirtiesContextBeforeModesTestExecutionListener, org.springframework.test.context.support.DependencyInjectionTestExecutionListener, org.springframework.test.context.support.DirtiesContextTestExecutionListener, org.springframework.test.context.transaction.TransactionalTestExecutionListener, org.springframework.test.context.jdbc.SqlScriptsTestExecutionListener]
2022-04-18 18:39:01,049 INFO org.springframework.test.context.support.AbstractTestContextBootstrapper [main] Using TestExecutionListeners: [org.springframework.test.context.web.ServletTestExecutionListener@628c4ac0, org.springframework.test.context.support.DirtiesContextBeforeModesTestExecutionListener@7b84fcf8, org.springframework.boot.test.mock.mockito.MockitoTestExecutionListener@30b19518, org.springframework.boot.test.autoconfigure.SpringBootDependencyInjectionTestExecutionListener@363042d7, org.springframework.test.context.support.DirtiesContextTestExecutionListener@366ac49b, org.springframework.test.context.transaction.TransactionalTestExecutionListener@6ad59d92, org.springframework.test.context.jdbc.SqlScriptsTestExecutionListener@56f0cc85, org.springframework.boot.test.mock.mockito.ResetMocksTestExecutionListener@62e20a76, org.springframework.boot.test.autoconfigure.restdocs.RestDocsTestExecutionListener@2cc44ad, org.springframework.boot.test.autoconfigure.web.client.MockRestServiceServerResetTestExecutionListener@44b3606b, org.springframework.boot.test.autoconfigure.web.servlet.MockMvcPrintOnlyOnFailureTestExecutionListener@1477089c, org.springframework.boot.test.autoconfigure.web.servlet.WebDriverTestExecutionListener@663411de]
2022-04-18 18:39:01,433 WARN org.springframework.boot.test.json.DuplicateJsonObjectContextCustomizerFactory$DuplicateJsonObjectContextCustomizer [main] 

Found multiple occurrences of org.json.JSONObject on the class path:

	jar:file:/C:/Users/Usuario/.m2/repository/com/vaadin/external/google/android-json/0.0.20131108.vaadin1/android-json-0.0.20131108.vaadin1.jar!/org/json/JSONObject.class
	jar:file:/C:/Users/Usuario/.m2/repository/org/json/json/20160212/json-20160212.jar!/org/json/JSONObject.class

You may wish to exclude one of them to ensure predictable runtime behavior

2022-04-18 18:39:01,452 INFO org.springframework.boot.StartupInfoLogger [main] Starting TwitterControllerTest on SPE-JOLOPE2 with PID 716 (started by Usuario in D:\Jorge\Eclipse\workspace\Back-End-ECommerce-Social-Networks)
2022-04-18 18:39:01,452 DEBUG org.springframework.boot.StartupInfoLogger [main] Running with Spring Boot v2.1.2.RELEASE, Spring v5.1.4.RELEASE
2022-04-18 18:39:01,453 INFO org.springframework.boot.SpringApplication [main] No active profile set, falling back to default profiles: default
2022-04-18 18:39:01,823 WARN org.springframework.core.log.CompositeLog [background-preinit] For Jackson Kotlin classes support please add "com.fasterxml.jackson.module:jackson-module-kotlin" to the classpath
2022-04-18 18:39:02,862 INFO org.springframework.data.repository.config.RepositoryConfigurationDelegate [main] Bootstrapping Spring Data repositories in DEFAULT mode.
2022-04-18 18:39:02,950 INFO org.springframework.data.repository.config.RepositoryConfigurationDelegate [main] Finished Spring Data repository scanning in 78ms. Found 1 repository interfaces.
2022-04-18 18:39:03,612 INFO org.springframework.context.support.PostProcessorRegistrationDelegate$BeanPostProcessorChecker [main] Bean 'org.springframework.transaction.annotation.ProxyTransactionManagementConfiguration' of type [org.springframework.transaction.annotation.ProxyTransactionManagementConfiguration$$EnhancerBySpringCGLIB$$a38f1bd2] is not eligible for getting processed by all BeanPostProcessors (for example: not eligible for auto-proxying)
2022-04-18 18:39:04,137 INFO com.zaxxer.hikari.HikariDataSource [main] HikariPool-1 - Starting...
2022-04-18 18:39:05,290 INFO com.zaxxer.hikari.HikariDataSource [main] HikariPool-1 - Start completed.
2022-04-18 18:39:05,361 INFO org.hibernate.jpa.internal.util.LogHelper [main] HHH000204: Processing PersistenceUnitInfo [
	name: default
	...]
2022-04-18 18:39:05,415 INFO org.hibernate.Version [main] HHH000412: Hibernate Core {5.3.7.Final}
2022-04-18 18:39:05,417 INFO org.hibernate.cfg.Environment [main] HHH000206: hibernate.properties not found
2022-04-18 18:39:05,557 INFO org.hibernate.annotations.common.reflection.java.JavaReflectionManager [main] HCANN000001: Hibernate Commons Annotations {5.0.4.Final}
2022-04-18 18:39:05,957 INFO org.hibernate.dialect.Dialect [main] HHH000400: Using dialect: org.hibernate.dialect.MySQL5InnoDBDialect
2022-04-18 18:39:05,999 INFO org.hibernate.engine.jdbc.env.internal.LobCreatorBuilderImpl [main] HHH000421: Disabling contextual LOB creation as hibernate.jdbc.lob.non_contextual_creation is true
2022-04-18 18:39:14,759 INFO org.springframework.orm.jpa.AbstractEntityManagerFactoryBean [main] Initialized JPA EntityManagerFactory for persistence unit 'default'
2022-04-18 18:39:15,908 INFO org.springframework.scheduling.concurrent.ExecutorConfigurationSupport [main] Initializing ExecutorService 'applicationTaskExecutor'
2022-04-18 18:39:15,973 WARN org.springframework.boot.autoconfigure.orm.jpa.JpaBaseConfiguration$JpaWebConfiguration$JpaWebMvcConfiguration [main] spring.jpa.open-in-view is enabled by default. Therefore, database queries may be performed during view rendering. Explicitly configure spring.jpa.open-in-view to disable this warning
2022-04-18 18:39:17,004 INFO org.springframework.security.web.DefaultSecurityFilterChain [main] Creating filter chain: any request, [org.springframework.security.web.context.request.async.WebAsyncManagerIntegrationFilter@27f4761b, org.springframework.security.web.context.SecurityContextPersistenceFilter@6cb2b947, org.springframework.security.web.header.HeaderWriterFilter@1a865ebf, org.springframework.security.web.csrf.CsrfFilter@2b8b5d9e, org.springframework.security.web.authentication.logout.LogoutFilter@2c28654e, org.springframework.security.web.authentication.UsernamePasswordAuthenticationFilter@10c67c1c, org.springframework.security.web.authentication.ui.DefaultLoginPageGeneratingFilter@5b5e45bc, org.springframework.security.web.authentication.ui.DefaultLogoutPageGeneratingFilter@52df6d0f, org.springframework.security.web.authentication.www.BasicAuthenticationFilter@3453f79c, org.springframework.security.web.savedrequest.RequestCacheAwareFilter@28d728f1, org.springframework.security.web.servletapi.SecurityContextHolderAwareRequestFilter@28705150, org.springframework.security.web.authentication.AnonymousAuthenticationFilter@2bb118ae, org.springframework.security.web.session.SessionManagementFilter@15251cc2, org.springframework.security.web.access.ExceptionTranslationFilter@5e405eaf, org.springframework.security.web.access.intercept.FilterSecurityInterceptor@108d59b6]
2022-04-18 18:39:17,154 INFO org.springframework.boot.actuate.endpoint.web.EndpointLinksResolver [main] Exposing 2 endpoint(s) beneath base path '/actuator'
2022-04-18 18:39:17,279 INFO org.springframework.boot.StartupInfoLogger [main] Started TwitterControllerTest in 16.193 seconds (JVM running for 17.443)
2022-04-18 18:39:17,390 INFO ecommerce.backend.rest.aspect.LoggingAspect [main] Method:getTwittersById args[ | 143203091 | ]
2022-04-18 18:39:17,397 INFO ecommerce.backend.rest.aspect.LoggingAspect [main] Method:getTwittersById args[ | 143203091 | ]
2022-04-18 18:39:17,402 INFO ecommerce.backend.rest.aspect.LoggingAspect [main] Method:getTimeLineById args[ | 143203091 | ]
2022-04-18 18:39:18,749 INFO ecommerce.backend.rest.aspect.LoggingAspect [main] Method:getTwittersById args[ | 143203091 | ]
2022-04-18 18:39:18,750 INFO ecommerce.backend.rest.aspect.LoggingAspect [main] Method:getTwittersById args[ | 143203091 | ]
2022-04-18 18:39:18,751 INFO ecommerce.backend.rest.aspect.LoggingAspect [main] Method:getTimeLineById args[ | 143203091 | ]
2022-04-18 18:39:19,630 INFO org.springframework.scheduling.concurrent.ExecutorConfigurationSupport [Thread-4] Shutting down ExecutorService 'applicationTaskExecutor'
2022-04-18 18:39:19,632 INFO org.springframework.orm.jpa.AbstractEntityManagerFactoryBean [Thread-4] Closing JPA EntityManagerFactory for persistence unit 'default'
2022-04-18 18:39:19,634 INFO com.zaxxer.hikari.HikariDataSource [Thread-4] HikariPool-1 - Shutdown initiated...
2022-04-18 18:39:19,647 INFO com.zaxxer.hikari.HikariDataSource [Thread-4] HikariPool-1 - Shutdown completed.
2022-04-18 18:43:17,359 INFO org.springframework.core.KotlinDetector [main] Kotlin reflection implementation not found at runtime, related features won't be available.
2022-04-18 18:43:17,392 INFO org.springframework.test.context.support.AbstractTestContextBootstrapper [main] Neither @ContextConfiguration nor @ContextHierarchy found for test class [ecommerce.backend.rest.controller.TwitterControllerTest], using SpringBootContextLoader
2022-04-18 18:43:17,397 INFO org.springframework.test.context.support.AbstractContextLoader [main] Could not detect default resource locations for test class [ecommerce.backend.rest.controller.TwitterControllerTest]: no resource found for suffixes {-context.xml, Context.groovy}.
2022-04-18 18:43:17,398 INFO org.springframework.test.context.support.AnnotationConfigContextLoaderUtils [main] Could not detect default configuration classes for test class [ecommerce.backend.rest.controller.TwitterControllerTest]: TwitterControllerTest does not declare any static, non-private, non-final, nested classes annotated with @Configuration.
2022-04-18 18:43:17,514 INFO org.springframework.boot.test.context.SpringBootTestContextBootstrapper [main] Found @SpringBootConfiguration ecommerce.backend.rest.Application for test class ecommerce.backend.rest.controller.TwitterControllerTest
2022-04-18 18:43:17,583 INFO org.springframework.test.context.support.AbstractTestContextBootstrapper [main] Loaded default TestExecutionListener class names from location [META-INF/spring.factories]: [org.springframework.boot.test.mock.mockito.MockitoTestExecutionListener, org.springframework.boot.test.mock.mockito.ResetMocksTestExecutionListener, org.springframework.boot.test.autoconfigure.restdocs.RestDocsTestExecutionListener, org.springframework.boot.test.autoconfigure.web.client.MockRestServiceServerResetTestExecutionListener, org.springframework.boot.test.autoconfigure.web.servlet.MockMvcPrintOnlyOnFailureTestExecutionListener, org.springframework.boot.test.autoconfigure.web.servlet.WebDriverTestExecutionListener, org.springframework.test.context.web.ServletTestExecutionListener, org.springframework.test.context.support.DirtiesContextBeforeModesTestExecutionListener, org.springframework.test.context.support.DependencyInjectionTestExecutionListener, org.springframework.test.context.support.DirtiesContextTestExecutionListener, org.springframework.test.context.transaction.TransactionalTestExecutionListener, org.springframework.test.context.jdbc.SqlScriptsTestExecutionListener]
2022-04-18 18:43:17,597 INFO org.springframework.test.context.support.AbstractTestContextBootstrapper [main] Using TestExecutionListeners: [org.springframework.test.context.web.ServletTestExecutionListener@628c4ac0, org.springframework.test.context.support.DirtiesContextBeforeModesTestExecutionListener@7b84fcf8, org.springframework.boot.test.mock.mockito.MockitoTestExecutionListener@30b19518, org.springframework.boot.test.autoconfigure.SpringBootDependencyInjectionTestExecutionListener@363042d7, org.springframework.test.context.support.DirtiesContextTestExecutionListener@366ac49b, org.springframework.test.context.transaction.TransactionalTestExecutionListener@6ad59d92, org.springframework.test.context.jdbc.SqlScriptsTestExecutionListener@56f0cc85, org.springframework.boot.test.mock.mockito.ResetMocksTestExecutionListener@62e20a76, org.springframework.boot.test.autoconfigure.restdocs.RestDocsTestExecutionListener@2cc44ad, org.springframework.boot.test.autoconfigure.web.client.MockRestServiceServerResetTestExecutionListener@44b3606b, org.springframework.boot.test.autoconfigure.web.servlet.MockMvcPrintOnlyOnFailureTestExecutionListener@1477089c, org.springframework.boot.test.autoconfigure.web.servlet.WebDriverTestExecutionListener@663411de]
2022-04-18 18:43:17,828 WARN org.springframework.boot.test.json.DuplicateJsonObjectContextCustomizerFactory$DuplicateJsonObjectContextCustomizer [main] 

Found multiple occurrences of org.json.JSONObject on the class path:

	jar:file:/C:/Users/Usuario/.m2/repository/com/vaadin/external/google/android-json/0.0.20131108.vaadin1/android-json-0.0.20131108.vaadin1.jar!/org/json/JSONObject.class
	jar:file:/C:/Users/Usuario/.m2/repository/org/json/json/20160212/json-20160212.jar!/org/json/JSONObject.class

You may wish to exclude one of them to ensure predictable runtime behavior

2022-04-18 18:43:17,838 INFO org.springframework.boot.StartupInfoLogger [main] Starting TwitterControllerTest on SPE-JOLOPE2 with PID 21604 (started by Usuario in D:\Jorge\Eclipse\workspace\Back-End-ECommerce-Social-Networks)
2022-04-18 18:43:17,838 DEBUG org.springframework.boot.StartupInfoLogger [main] Running with Spring Boot v2.1.2.RELEASE, Spring v5.1.4.RELEASE
2022-04-18 18:43:17,839 INFO org.springframework.boot.SpringApplication [main] No active profile set, falling back to default profiles: default
2022-04-18 18:43:18,085 WARN org.springframework.core.log.CompositeLog [background-preinit] For Jackson Kotlin classes support please add "com.fasterxml.jackson.module:jackson-module-kotlin" to the classpath
2022-04-18 18:43:18,817 INFO org.springframework.data.repository.config.RepositoryConfigurationDelegate [main] Bootstrapping Spring Data repositories in DEFAULT mode.
2022-04-18 18:43:18,888 INFO org.springframework.data.repository.config.RepositoryConfigurationDelegate [main] Finished Spring Data repository scanning in 64ms. Found 1 repository interfaces.
2022-04-18 18:43:19,438 INFO org.springframework.context.support.PostProcessorRegistrationDelegate$BeanPostProcessorChecker [main] Bean 'org.springframework.transaction.annotation.ProxyTransactionManagementConfiguration' of type [org.springframework.transaction.annotation.ProxyTransactionManagementConfiguration$$EnhancerBySpringCGLIB$$141dc1c2] is not eligible for getting processed by all BeanPostProcessors (for example: not eligible for auto-proxying)
2022-04-18 18:43:19,801 INFO com.zaxxer.hikari.HikariDataSource [main] HikariPool-1 - Starting...
2022-04-18 18:43:20,896 INFO com.zaxxer.hikari.HikariDataSource [main] HikariPool-1 - Start completed.
2022-04-18 18:43:20,972 INFO org.hibernate.jpa.internal.util.LogHelper [main] HHH000204: Processing PersistenceUnitInfo [
	name: default
	...]
2022-04-18 18:43:21,030 INFO org.hibernate.Version [main] HHH000412: Hibernate Core {5.3.7.Final}
2022-04-18 18:43:21,031 INFO org.hibernate.cfg.Environment [main] HHH000206: hibernate.properties not found
2022-04-18 18:43:21,163 INFO org.hibernate.annotations.common.reflection.java.JavaReflectionManager [main] HCANN000001: Hibernate Commons Annotations {5.0.4.Final}
2022-04-18 18:43:21,575 INFO org.hibernate.dialect.Dialect [main] HHH000400: Using dialect: org.hibernate.dialect.MySQL5InnoDBDialect
2022-04-18 18:43:21,622 INFO org.hibernate.engine.jdbc.env.internal.LobCreatorBuilderImpl [main] HHH000421: Disabling contextual LOB creation as hibernate.jdbc.lob.non_contextual_creation is true
2022-04-18 18:43:30,829 INFO org.springframework.orm.jpa.AbstractEntityManagerFactoryBean [main] Initialized JPA EntityManagerFactory for persistence unit 'default'
2022-04-18 18:43:31,960 INFO org.springframework.scheduling.concurrent.ExecutorConfigurationSupport [main] Initializing ExecutorService 'applicationTaskExecutor'
2022-04-18 18:43:32,031 WARN org.springframework.boot.autoconfigure.orm.jpa.JpaBaseConfiguration$JpaWebConfiguration$JpaWebMvcConfiguration [main] spring.jpa.open-in-view is enabled by default. Therefore, database queries may be performed during view rendering. Explicitly configure spring.jpa.open-in-view to disable this warning
2022-04-18 18:43:33,020 INFO org.springframework.security.web.DefaultSecurityFilterChain [main] Creating filter chain: any request, [org.springframework.security.web.context.request.async.WebAsyncManagerIntegrationFilter@4193da4d, org.springframework.security.web.context.SecurityContextPersistenceFilter@37e28b20, org.springframework.security.web.header.HeaderWriterFilter@3054cdd3, org.springframework.security.web.csrf.CsrfFilter@55d98bbb, org.springframework.security.web.authentication.logout.LogoutFilter@72fa021, org.springframework.security.web.authentication.UsernamePasswordAuthenticationFilter@2703785e, org.springframework.security.web.authentication.ui.DefaultLoginPageGeneratingFilter@514c6ca0, org.springframework.security.web.authentication.ui.DefaultLogoutPageGeneratingFilter@6915351c, org.springframework.security.web.authentication.www.BasicAuthenticationFilter@5c3e7128, org.springframework.security.web.savedrequest.RequestCacheAwareFilter@40e7aea9, org.springframework.security.web.servletapi.SecurityContextHolderAwareRequestFilter@6b3d3e57, org.springframework.security.web.authentication.AnonymousAuthenticationFilter@2ac0cb64, org.springframework.security.web.session.SessionManagementFilter@6eff05e7, org.springframework.security.web.access.ExceptionTranslationFilter@12d28106, org.springframework.security.web.access.intercept.FilterSecurityInterceptor@31beb0d0]
2022-04-18 18:43:33,167 INFO org.springframework.boot.actuate.endpoint.web.EndpointLinksResolver [main] Exposing 2 endpoint(s) beneath base path '/actuator'
2022-04-18 18:43:33,320 INFO org.springframework.boot.StartupInfoLogger [main] Started TwitterControllerTest in 15.699 seconds (JVM running for 16.621)
2022-04-18 18:43:33,430 INFO ecommerce.backend.rest.aspect.LoggingAspect [main] Class:class org.springframework.aop.aspectj.MethodInvocationProceedingJoinPointMethod:getTwittersById args[ | 143203091 | ]
2022-04-18 18:43:33,436 INFO ecommerce.backend.rest.aspect.LoggingAspect [main] Class:class org.springframework.aop.aspectj.MethodInvocationProceedingJoinPointMethod:getTwittersById args[ | 143203091 | ]
2022-04-18 18:43:33,440 INFO ecommerce.backend.rest.aspect.LoggingAspect [main] Class:class org.springframework.aop.aspectj.MethodInvocationProceedingJoinPointMethod:getTimeLineById args[ | 143203091 | ]
2022-04-18 18:43:34,869 INFO ecommerce.backend.rest.aspect.LoggingAspect [main] Class:class org.springframework.aop.aspectj.MethodInvocationProceedingJoinPointMethod:getTwittersById args[ | 143203091 | ]
2022-04-18 18:43:34,870 INFO ecommerce.backend.rest.aspect.LoggingAspect [main] Class:class org.springframework.aop.aspectj.MethodInvocationProceedingJoinPointMethod:getTwittersById args[ | 143203091 | ]
2022-04-18 18:43:34,870 INFO ecommerce.backend.rest.aspect.LoggingAspect [main] Class:class org.springframework.aop.aspectj.MethodInvocationProceedingJoinPointMethod:getTimeLineById args[ | 143203091 | ]
2022-04-18 18:43:35,810 INFO org.springframework.scheduling.concurrent.ExecutorConfigurationSupport [Thread-4] Shutting down ExecutorService 'applicationTaskExecutor'
2022-04-18 18:43:35,812 INFO org.springframework.orm.jpa.AbstractEntityManagerFactoryBean [Thread-4] Closing JPA EntityManagerFactory for persistence unit 'default'
2022-04-18 18:43:35,814 INFO com.zaxxer.hikari.HikariDataSource [Thread-4] HikariPool-1 - Shutdown initiated...
2022-04-18 18:43:35,827 INFO com.zaxxer.hikari.HikariDataSource [Thread-4] HikariPool-1 - Shutdown completed.
2022-04-18 18:46:35,425 INFO org.springframework.core.KotlinDetector [main] Kotlin reflection implementation not found at runtime, related features won't be available.
2022-04-18 18:46:35,458 INFO org.springframework.test.context.support.AbstractTestContextBootstrapper [main] Neither @ContextConfiguration nor @ContextHierarchy found for test class [ecommerce.backend.rest.controller.TwitterControllerTest], using SpringBootContextLoader
2022-04-18 18:46:35,461 INFO org.springframework.test.context.support.AbstractContextLoader [main] Could not detect default resource locations for test class [ecommerce.backend.rest.controller.TwitterControllerTest]: no resource found for suffixes {-context.xml, Context.groovy}.
2022-04-18 18:46:35,462 INFO org.springframework.test.context.support.AnnotationConfigContextLoaderUtils [main] Could not detect default configuration classes for test class [ecommerce.backend.rest.controller.TwitterControllerTest]: TwitterControllerTest does not declare any static, non-private, non-final, nested classes annotated with @Configuration.
2022-04-18 18:46:35,566 INFO org.springframework.boot.test.context.SpringBootTestContextBootstrapper [main] Found @SpringBootConfiguration ecommerce.backend.rest.Application for test class ecommerce.backend.rest.controller.TwitterControllerTest
2022-04-18 18:46:35,649 INFO org.springframework.test.context.support.AbstractTestContextBootstrapper [main] Loaded default TestExecutionListener class names from location [META-INF/spring.factories]: [org.springframework.boot.test.mock.mockito.MockitoTestExecutionListener, org.springframework.boot.test.mock.mockito.ResetMocksTestExecutionListener, org.springframework.boot.test.autoconfigure.restdocs.RestDocsTestExecutionListener, org.springframework.boot.test.autoconfigure.web.client.MockRestServiceServerResetTestExecutionListener, org.springframework.boot.test.autoconfigure.web.servlet.MockMvcPrintOnlyOnFailureTestExecutionListener, org.springframework.boot.test.autoconfigure.web.servlet.WebDriverTestExecutionListener, org.springframework.test.context.web.ServletTestExecutionListener, org.springframework.test.context.support.DirtiesContextBeforeModesTestExecutionListener, org.springframework.test.context.support.DependencyInjectionTestExecutionListener, org.springframework.test.context.support.DirtiesContextTestExecutionListener, org.springframework.test.context.transaction.TransactionalTestExecutionListener, org.springframework.test.context.jdbc.SqlScriptsTestExecutionListener]
2022-04-18 18:46:35,663 INFO org.springframework.test.context.support.AbstractTestContextBootstrapper [main] Using TestExecutionListeners: [org.springframework.test.context.web.ServletTestExecutionListener@628c4ac0, org.springframework.test.context.support.DirtiesContextBeforeModesTestExecutionListener@7b84fcf8, org.springframework.boot.test.mock.mockito.MockitoTestExecutionListener@30b19518, org.springframework.boot.test.autoconfigure.SpringBootDependencyInjectionTestExecutionListener@363042d7, org.springframework.test.context.support.DirtiesContextTestExecutionListener@366ac49b, org.springframework.test.context.transaction.TransactionalTestExecutionListener@6ad59d92, org.springframework.test.context.jdbc.SqlScriptsTestExecutionListener@56f0cc85, org.springframework.boot.test.mock.mockito.ResetMocksTestExecutionListener@62e20a76, org.springframework.boot.test.autoconfigure.restdocs.RestDocsTestExecutionListener@2cc44ad, org.springframework.boot.test.autoconfigure.web.client.MockRestServiceServerResetTestExecutionListener@44b3606b, org.springframework.boot.test.autoconfigure.web.servlet.MockMvcPrintOnlyOnFailureTestExecutionListener@1477089c, org.springframework.boot.test.autoconfigure.web.servlet.WebDriverTestExecutionListener@663411de]
2022-04-18 18:46:35,901 WARN org.springframework.boot.test.json.DuplicateJsonObjectContextCustomizerFactory$DuplicateJsonObjectContextCustomizer [main] 

Found multiple occurrences of org.json.JSONObject on the class path:

	jar:file:/C:/Users/Usuario/.m2/repository/com/vaadin/external/google/android-json/0.0.20131108.vaadin1/android-json-0.0.20131108.vaadin1.jar!/org/json/JSONObject.class
	jar:file:/C:/Users/Usuario/.m2/repository/org/json/json/20160212/json-20160212.jar!/org/json/JSONObject.class

You may wish to exclude one of them to ensure predictable runtime behavior

2022-04-18 18:46:35,911 INFO org.springframework.boot.StartupInfoLogger [main] Starting TwitterControllerTest on SPE-JOLOPE2 with PID 2108 (started by Usuario in D:\Jorge\Eclipse\workspace\Back-End-ECommerce-Social-Networks)
2022-04-18 18:46:35,911 DEBUG org.springframework.boot.StartupInfoLogger [main] Running with Spring Boot v2.1.2.RELEASE, Spring v5.1.4.RELEASE
2022-04-18 18:46:35,912 INFO org.springframework.boot.SpringApplication [main] No active profile set, falling back to default profiles: default
2022-04-18 18:46:36,163 WARN org.springframework.core.log.CompositeLog [background-preinit] For Jackson Kotlin classes support please add "com.fasterxml.jackson.module:jackson-module-kotlin" to the classpath
2022-04-18 18:46:36,912 INFO org.springframework.data.repository.config.RepositoryConfigurationDelegate [main] Bootstrapping Spring Data repositories in DEFAULT mode.
2022-04-18 18:46:36,977 INFO org.springframework.data.repository.config.RepositoryConfigurationDelegate [main] Finished Spring Data repository scanning in 58ms. Found 1 repository interfaces.
2022-04-18 18:46:37,497 INFO org.springframework.context.support.PostProcessorRegistrationDelegate$BeanPostProcessorChecker [main] Bean 'org.springframework.transaction.annotation.ProxyTransactionManagementConfiguration' of type [org.springframework.transaction.annotation.ProxyTransactionManagementConfiguration$$EnhancerBySpringCGLIB$$410cb4bb] is not eligible for getting processed by all BeanPostProcessors (for example: not eligible for auto-proxying)
2022-04-18 18:46:37,861 INFO com.zaxxer.hikari.HikariDataSource [main] HikariPool-1 - Starting...
2022-04-18 18:46:38,977 INFO com.zaxxer.hikari.HikariDataSource [main] HikariPool-1 - Start completed.
2022-04-18 18:46:39,046 INFO org.hibernate.jpa.internal.util.LogHelper [main] HHH000204: Processing PersistenceUnitInfo [
	name: default
	...]
2022-04-18 18:46:39,099 INFO org.hibernate.Version [main] HHH000412: Hibernate Core {5.3.7.Final}
2022-04-18 18:46:39,100 INFO org.hibernate.cfg.Environment [main] HHH000206: hibernate.properties not found
2022-04-18 18:46:39,223 INFO org.hibernate.annotations.common.reflection.java.JavaReflectionManager [main] HCANN000001: Hibernate Commons Annotations {5.0.4.Final}
2022-04-18 18:46:39,613 INFO org.hibernate.dialect.Dialect [main] HHH000400: Using dialect: org.hibernate.dialect.MySQL5InnoDBDialect
2022-04-18 18:46:39,657 INFO org.hibernate.engine.jdbc.env.internal.LobCreatorBuilderImpl [main] HHH000421: Disabling contextual LOB creation as hibernate.jdbc.lob.non_contextual_creation is true
2022-04-18 18:46:48,781 INFO org.springframework.orm.jpa.AbstractEntityManagerFactoryBean [main] Initialized JPA EntityManagerFactory for persistence unit 'default'
2022-04-18 18:46:49,912 INFO org.springframework.scheduling.concurrent.ExecutorConfigurationSupport [main] Initializing ExecutorService 'applicationTaskExecutor'
2022-04-18 18:46:49,993 WARN org.springframework.boot.autoconfigure.orm.jpa.JpaBaseConfiguration$JpaWebConfiguration$JpaWebMvcConfiguration [main] spring.jpa.open-in-view is enabled by default. Therefore, database queries may be performed during view rendering. Explicitly configure spring.jpa.open-in-view to disable this warning
2022-04-18 18:46:51,000 INFO org.springframework.security.web.DefaultSecurityFilterChain [main] Creating filter chain: any request, [org.springframework.security.web.context.request.async.WebAsyncManagerIntegrationFilter@1067192a, org.springframework.security.web.context.SecurityContextPersistenceFilter@1002c49e, org.springframework.security.web.header.HeaderWriterFilter@3b8ce72, org.springframework.security.web.csrf.CsrfFilter@2cbae0f1, org.springframework.security.web.authentication.logout.LogoutFilter@10c1682b, org.springframework.security.web.authentication.UsernamePasswordAuthenticationFilter@4cbd17b3, org.springframework.security.web.authentication.ui.DefaultLoginPageGeneratingFilter@15251cc2, org.springframework.security.web.authentication.ui.DefaultLogoutPageGeneratingFilter@3f7f9d3f, org.springframework.security.web.authentication.www.BasicAuthenticationFilter@7baf7e2c, org.springframework.security.web.savedrequest.RequestCacheAwareFilter@37e28b20, org.springframework.security.web.servletapi.SecurityContextHolderAwareRequestFilter@2ef812b, org.springframework.security.web.authentication.AnonymousAuthenticationFilter@62966c9f, org.springframework.security.web.session.SessionManagementFilter@3a388769, org.springframework.security.web.access.ExceptionTranslationFilter@69e23e94, org.springframework.security.web.access.intercept.FilterSecurityInterceptor@5f5fb335]
2022-04-18 18:46:51,144 INFO org.springframework.boot.actuate.endpoint.web.EndpointLinksResolver [main] Exposing 2 endpoint(s) beneath base path '/actuator'
2022-04-18 18:46:51,292 INFO org.springframework.boot.StartupInfoLogger [main] Started TwitterControllerTest in 15.598 seconds (JVM running for 16.53)
2022-04-18 18:46:51,412 INFO ecommerce.backend.rest.aspect.LoggingAspect [main] Class:class org.springframework.aop.aspectj.MethodInvocationProceedingJoinPointMethod:getTwittersById args[ | 143203091 | ]
2022-04-18 18:46:51,417 INFO ecommerce.backend.rest.aspect.LoggingAspect [main] Class:class org.springframework.aop.aspectj.MethodInvocationProceedingJoinPointMethod:getTwittersById args[ | 143203091 | ]
2022-04-18 18:46:51,421 INFO ecommerce.backend.rest.aspect.LoggingAspect [main] Class:class org.springframework.aop.aspectj.MethodInvocationProceedingJoinPointMethod:getTimeLineById args[ | 143203091 | ]
2022-04-18 18:46:52,875 INFO ecommerce.backend.rest.aspect.LoggingAspect [main] Class:class org.springframework.aop.aspectj.MethodInvocationProceedingJoinPointMethod:getTwittersById args[ | 143203091 | ]
2022-04-18 18:46:52,876 INFO ecommerce.backend.rest.aspect.LoggingAspect [main] Class:class org.springframework.aop.aspectj.MethodInvocationProceedingJoinPointMethod:getTwittersById args[ | 143203091 | ]
2022-04-18 18:46:52,876 INFO ecommerce.backend.rest.aspect.LoggingAspect [main] Class:class org.springframework.aop.aspectj.MethodInvocationProceedingJoinPointMethod:getTimeLineById args[ | 143203091 | ]
2022-04-18 18:46:53,789 INFO org.springframework.scheduling.concurrent.ExecutorConfigurationSupport [Thread-4] Shutting down ExecutorService 'applicationTaskExecutor'
2022-04-18 18:46:53,790 INFO org.springframework.orm.jpa.AbstractEntityManagerFactoryBean [Thread-4] Closing JPA EntityManagerFactory for persistence unit 'default'
2022-04-18 18:46:53,792 INFO com.zaxxer.hikari.HikariDataSource [Thread-4] HikariPool-1 - Shutdown initiated...
2022-04-18 18:46:53,804 INFO com.zaxxer.hikari.HikariDataSource [Thread-4] HikariPool-1 - Shutdown completed.
2022-04-18 18:48:47,599 INFO org.springframework.core.KotlinDetector [main] Kotlin reflection implementation not found at runtime, related features won't be available.
2022-04-18 18:48:47,637 INFO org.springframework.test.context.support.AbstractTestContextBootstrapper [main] Neither @ContextConfiguration nor @ContextHierarchy found for test class [ecommerce.backend.rest.controller.TwitterControllerTest], using SpringBootContextLoader
2022-04-18 18:48:47,642 INFO org.springframework.test.context.support.AbstractContextLoader [main] Could not detect default resource locations for test class [ecommerce.backend.rest.controller.TwitterControllerTest]: no resource found for suffixes {-context.xml, Context.groovy}.
2022-04-18 18:48:47,644 INFO org.springframework.test.context.support.AnnotationConfigContextLoaderUtils [main] Could not detect default configuration classes for test class [ecommerce.backend.rest.controller.TwitterControllerTest]: TwitterControllerTest does not declare any static, non-private, non-final, nested classes annotated with @Configuration.
2022-04-18 18:48:47,761 INFO org.springframework.boot.test.context.SpringBootTestContextBootstrapper [main] Found @SpringBootConfiguration ecommerce.backend.rest.Application for test class ecommerce.backend.rest.controller.TwitterControllerTest
2022-04-18 18:48:47,828 INFO org.springframework.test.context.support.AbstractTestContextBootstrapper [main] Loaded default TestExecutionListener class names from location [META-INF/spring.factories]: [org.springframework.boot.test.mock.mockito.MockitoTestExecutionListener, org.springframework.boot.test.mock.mockito.ResetMocksTestExecutionListener, org.springframework.boot.test.autoconfigure.restdocs.RestDocsTestExecutionListener, org.springframework.boot.test.autoconfigure.web.client.MockRestServiceServerResetTestExecutionListener, org.springframework.boot.test.autoconfigure.web.servlet.MockMvcPrintOnlyOnFailureTestExecutionListener, org.springframework.boot.test.autoconfigure.web.servlet.WebDriverTestExecutionListener, org.springframework.test.context.web.ServletTestExecutionListener, org.springframework.test.context.support.DirtiesContextBeforeModesTestExecutionListener, org.springframework.test.context.support.DependencyInjectionTestExecutionListener, org.springframework.test.context.support.DirtiesContextTestExecutionListener, org.springframework.test.context.transaction.TransactionalTestExecutionListener, org.springframework.test.context.jdbc.SqlScriptsTestExecutionListener]
2022-04-18 18:48:47,845 INFO org.springframework.test.context.support.AbstractTestContextBootstrapper [main] Using TestExecutionListeners: [org.springframework.test.context.web.ServletTestExecutionListener@628c4ac0, org.springframework.test.context.support.DirtiesContextBeforeModesTestExecutionListener@7b84fcf8, org.springframework.boot.test.mock.mockito.MockitoTestExecutionListener@30b19518, org.springframework.boot.test.autoconfigure.SpringBootDependencyInjectionTestExecutionListener@363042d7, org.springframework.test.context.support.DirtiesContextTestExecutionListener@366ac49b, org.springframework.test.context.transaction.TransactionalTestExecutionListener@6ad59d92, org.springframework.test.context.jdbc.SqlScriptsTestExecutionListener@56f0cc85, org.springframework.boot.test.mock.mockito.ResetMocksTestExecutionListener@62e20a76, org.springframework.boot.test.autoconfigure.restdocs.RestDocsTestExecutionListener@2cc44ad, org.springframework.boot.test.autoconfigure.web.client.MockRestServiceServerResetTestExecutionListener@44b3606b, org.springframework.boot.test.autoconfigure.web.servlet.MockMvcPrintOnlyOnFailureTestExecutionListener@1477089c, org.springframework.boot.test.autoconfigure.web.servlet.WebDriverTestExecutionListener@663411de]
2022-04-18 18:48:48,082 WARN org.springframework.boot.test.json.DuplicateJsonObjectContextCustomizerFactory$DuplicateJsonObjectContextCustomizer [main] 

Found multiple occurrences of org.json.JSONObject on the class path:

	jar:file:/C:/Users/Usuario/.m2/repository/com/vaadin/external/google/android-json/0.0.20131108.vaadin1/android-json-0.0.20131108.vaadin1.jar!/org/json/JSONObject.class
	jar:file:/C:/Users/Usuario/.m2/repository/org/json/json/20160212/json-20160212.jar!/org/json/JSONObject.class

You may wish to exclude one of them to ensure predictable runtime behavior

2022-04-18 18:48:48,093 INFO org.springframework.boot.StartupInfoLogger [main] Starting TwitterControllerTest on SPE-JOLOPE2 with PID 20468 (started by Usuario in D:\Jorge\Eclipse\workspace\Back-End-ECommerce-Social-Networks)
2022-04-18 18:48:48,093 DEBUG org.springframework.boot.StartupInfoLogger [main] Running with Spring Boot v2.1.2.RELEASE, Spring v5.1.4.RELEASE
2022-04-18 18:48:48,094 INFO org.springframework.boot.SpringApplication [main] No active profile set, falling back to default profiles: default
2022-04-18 18:48:48,354 WARN org.springframework.core.log.CompositeLog [background-preinit] For Jackson Kotlin classes support please add "com.fasterxml.jackson.module:jackson-module-kotlin" to the classpath
2022-04-18 18:48:49,090 INFO org.springframework.data.repository.config.RepositoryConfigurationDelegate [main] Bootstrapping Spring Data repositories in DEFAULT mode.
2022-04-18 18:48:49,165 INFO org.springframework.data.repository.config.RepositoryConfigurationDelegate [main] Finished Spring Data repository scanning in 67ms. Found 1 repository interfaces.
2022-04-18 18:48:49,697 INFO org.springframework.context.support.PostProcessorRegistrationDelegate$BeanPostProcessorChecker [main] Bean 'org.springframework.transaction.annotation.ProxyTransactionManagementConfiguration' of type [org.springframework.transaction.annotation.ProxyTransactionManagementConfiguration$$EnhancerBySpringCGLIB$$985fdffe] is not eligible for getting processed by all BeanPostProcessors (for example: not eligible for auto-proxying)
2022-04-18 18:48:50,058 INFO com.zaxxer.hikari.HikariDataSource [main] HikariPool-1 - Starting...
2022-04-18 18:48:51,092 INFO com.zaxxer.hikari.HikariDataSource [main] HikariPool-1 - Start completed.
2022-04-18 18:48:51,166 INFO org.hibernate.jpa.internal.util.LogHelper [main] HHH000204: Processing PersistenceUnitInfo [
	name: default
	...]
2022-04-18 18:48:51,216 INFO org.hibernate.Version [main] HHH000412: Hibernate Core {5.3.7.Final}
2022-04-18 18:48:51,218 INFO org.hibernate.cfg.Environment [main] HHH000206: hibernate.properties not found
2022-04-18 18:48:51,348 INFO org.hibernate.annotations.common.reflection.java.JavaReflectionManager [main] HCANN000001: Hibernate Commons Annotations {5.0.4.Final}
2022-04-18 18:48:51,768 INFO org.hibernate.dialect.Dialect [main] HHH000400: Using dialect: org.hibernate.dialect.MySQL5InnoDBDialect
2022-04-18 18:48:51,808 INFO org.hibernate.engine.jdbc.env.internal.LobCreatorBuilderImpl [main] HHH000421: Disabling contextual LOB creation as hibernate.jdbc.lob.non_contextual_creation is true
2022-04-18 18:49:00,088 INFO org.springframework.orm.jpa.AbstractEntityManagerFactoryBean [main] Initialized JPA EntityManagerFactory for persistence unit 'default'
2022-04-18 18:49:01,225 INFO org.springframework.scheduling.concurrent.ExecutorConfigurationSupport [main] Initializing ExecutorService 'applicationTaskExecutor'
2022-04-18 18:49:01,295 WARN org.springframework.boot.autoconfigure.orm.jpa.JpaBaseConfiguration$JpaWebConfiguration$JpaWebMvcConfiguration [main] spring.jpa.open-in-view is enabled by default. Therefore, database queries may be performed during view rendering. Explicitly configure spring.jpa.open-in-view to disable this warning
2022-04-18 18:49:02,272 INFO org.springframework.security.web.DefaultSecurityFilterChain [main] Creating filter chain: any request, [org.springframework.security.web.context.request.async.WebAsyncManagerIntegrationFilter@349686e8, org.springframework.security.web.context.SecurityContextPersistenceFilter@3a388769, org.springframework.security.web.header.HeaderWriterFilter@55c78556, org.springframework.security.web.csrf.CsrfFilter@6e161cea, org.springframework.security.web.authentication.logout.LogoutFilter@6b44121e, org.springframework.security.web.authentication.UsernamePasswordAuthenticationFilter@108d59b6, org.springframework.security.web.authentication.ui.DefaultLoginPageGeneratingFilter@2ef812b, org.springframework.security.web.authentication.ui.DefaultLogoutPageGeneratingFilter@5c3e7128, org.springframework.security.web.authentication.www.BasicAuthenticationFilter@46f597f1, org.springframework.security.web.savedrequest.RequestCacheAwareFilter@6eff05e7, org.springframework.security.web.servletapi.SecurityContextHolderAwareRequestFilter@4110ffe5, org.springframework.security.web.authentication.AnonymousAuthenticationFilter@5ce03a9d, org.springframework.security.web.session.SessionManagementFilter@12d28106, org.springframework.security.web.access.ExceptionTranslationFilter@9e092b5, org.springframework.security.web.access.intercept.FilterSecurityInterceptor@70fcd3e5]
2022-04-18 18:49:02,441 INFO org.springframework.boot.actuate.endpoint.web.EndpointLinksResolver [main] Exposing 2 endpoint(s) beneath base path '/actuator'
2022-04-18 18:49:02,579 INFO org.springframework.boot.StartupInfoLogger [main] Started TwitterControllerTest in 14.709 seconds (JVM running for 15.63)
2022-04-18 18:49:02,684 INFO ecommerce.backend.rest.aspect.LoggingAspect [main] Class:org.springframework.aop.aspectj.MethodInvocationProceedingJoinPoint$SourceLocationImpl@63767dMethod:getTwittersById args[ | 143203091 | ]
2022-04-18 18:49:02,689 INFO ecommerce.backend.rest.aspect.LoggingAspect [main] Class:org.springframework.aop.aspectj.MethodInvocationProceedingJoinPoint$SourceLocationImpl@27f8f1ccMethod:getTwittersById args[ | 143203091 | ]
2022-04-18 18:49:02,693 INFO ecommerce.backend.rest.aspect.LoggingAspect [main] Class:org.springframework.aop.aspectj.MethodInvocationProceedingJoinPoint$SourceLocationImpl@70a8654Method:getTimeLineById args[ | 143203091 | ]
2022-04-18 18:49:04,125 INFO ecommerce.backend.rest.aspect.LoggingAspect [main] Class:org.springframework.aop.aspectj.MethodInvocationProceedingJoinPoint$SourceLocationImpl@4e301795Method:getTwittersById args[ | 143203091 | ]
2022-04-18 18:49:04,126 INFO ecommerce.backend.rest.aspect.LoggingAspect [main] Class:org.springframework.aop.aspectj.MethodInvocationProceedingJoinPoint$SourceLocationImpl@7b1a9ab3Method:getTwittersById args[ | 143203091 | ]
2022-04-18 18:49:04,127 INFO ecommerce.backend.rest.aspect.LoggingAspect [main] Class:org.springframework.aop.aspectj.MethodInvocationProceedingJoinPoint$SourceLocationImpl@605c2b9fMethod:getTimeLineById args[ | 143203091 | ]
2022-04-18 18:49:04,980 INFO org.springframework.scheduling.concurrent.ExecutorConfigurationSupport [Thread-4] Shutting down ExecutorService 'applicationTaskExecutor'
2022-04-18 18:49:04,982 INFO org.springframework.orm.jpa.AbstractEntityManagerFactoryBean [Thread-4] Closing JPA EntityManagerFactory for persistence unit 'default'
2022-04-18 18:49:04,984 INFO com.zaxxer.hikari.HikariDataSource [Thread-4] HikariPool-1 - Shutdown initiated...
2022-04-18 18:49:04,996 INFO com.zaxxer.hikari.HikariDataSource [Thread-4] HikariPool-1 - Shutdown completed.
2022-04-18 19:26:05,898 INFO org.springframework.core.KotlinDetector [main] Kotlin reflection implementation not found at runtime, related features won't be available.
2022-04-18 19:26:05,928 INFO org.springframework.test.context.support.AbstractTestContextBootstrapper [main] Neither @ContextConfiguration nor @ContextHierarchy found for test class [ecommerce.backend.rest.controller.TwitterControllerTest], using SpringBootContextLoader
2022-04-18 19:26:05,933 INFO org.springframework.test.context.support.AbstractContextLoader [main] Could not detect default resource locations for test class [ecommerce.backend.rest.controller.TwitterControllerTest]: no resource found for suffixes {-context.xml, Context.groovy}.
2022-04-18 19:26:05,935 INFO org.springframework.test.context.support.AnnotationConfigContextLoaderUtils [main] Could not detect default configuration classes for test class [ecommerce.backend.rest.controller.TwitterControllerTest]: TwitterControllerTest does not declare any static, non-private, non-final, nested classes annotated with @Configuration.
2022-04-18 19:26:06,064 INFO org.springframework.boot.test.context.SpringBootTestContextBootstrapper [main] Found @SpringBootConfiguration ecommerce.backend.rest.Application for test class ecommerce.backend.rest.controller.TwitterControllerTest
2022-04-18 19:26:06,142 INFO org.springframework.test.context.support.AbstractTestContextBootstrapper [main] Loaded default TestExecutionListener class names from location [META-INF/spring.factories]: [org.springframework.boot.test.mock.mockito.MockitoTestExecutionListener, org.springframework.boot.test.mock.mockito.ResetMocksTestExecutionListener, org.springframework.boot.test.autoconfigure.restdocs.RestDocsTestExecutionListener, org.springframework.boot.test.autoconfigure.web.client.MockRestServiceServerResetTestExecutionListener, org.springframework.boot.test.autoconfigure.web.servlet.MockMvcPrintOnlyOnFailureTestExecutionListener, org.springframework.boot.test.autoconfigure.web.servlet.WebDriverTestExecutionListener, org.springframework.test.context.web.ServletTestExecutionListener, org.springframework.test.context.support.DirtiesContextBeforeModesTestExecutionListener, org.springframework.test.context.support.DependencyInjectionTestExecutionListener, org.springframework.test.context.support.DirtiesContextTestExecutionListener, org.springframework.test.context.transaction.TransactionalTestExecutionListener, org.springframework.test.context.jdbc.SqlScriptsTestExecutionListener]
2022-04-18 19:26:06,158 INFO org.springframework.test.context.support.AbstractTestContextBootstrapper [main] Using TestExecutionListeners: [org.springframework.test.context.web.ServletTestExecutionListener@628c4ac0, org.springframework.test.context.support.DirtiesContextBeforeModesTestExecutionListener@7b84fcf8, org.springframework.boot.test.mock.mockito.MockitoTestExecutionListener@30b19518, org.springframework.boot.test.autoconfigure.SpringBootDependencyInjectionTestExecutionListener@363042d7, org.springframework.test.context.support.DirtiesContextTestExecutionListener@366ac49b, org.springframework.test.context.transaction.TransactionalTestExecutionListener@6ad59d92, org.springframework.test.context.jdbc.SqlScriptsTestExecutionListener@56f0cc85, org.springframework.boot.test.mock.mockito.ResetMocksTestExecutionListener@62e20a76, org.springframework.boot.test.autoconfigure.restdocs.RestDocsTestExecutionListener@2cc44ad, org.springframework.boot.test.autoconfigure.web.client.MockRestServiceServerResetTestExecutionListener@44b3606b, org.springframework.boot.test.autoconfigure.web.servlet.MockMvcPrintOnlyOnFailureTestExecutionListener@1477089c, org.springframework.boot.test.autoconfigure.web.servlet.WebDriverTestExecutionListener@663411de]
2022-04-18 19:26:06,439 WARN org.springframework.boot.test.json.DuplicateJsonObjectContextCustomizerFactory$DuplicateJsonObjectContextCustomizer [main] 

Found multiple occurrences of org.json.JSONObject on the class path:

	jar:file:/C:/Users/Usuario/.m2/repository/com/vaadin/external/google/android-json/0.0.20131108.vaadin1/android-json-0.0.20131108.vaadin1.jar!/org/json/JSONObject.class
	jar:file:/C:/Users/Usuario/.m2/repository/org/json/json/20160212/json-20160212.jar!/org/json/JSONObject.class

You may wish to exclude one of them to ensure predictable runtime behavior

2022-04-18 19:26:06,451 INFO org.springframework.boot.StartupInfoLogger [main] Starting TwitterControllerTest on SPE-JOLOPE2 with PID 19564 (started by Usuario in D:\Jorge\Eclipse\workspace\Back-End-ECommerce-Social-Networks)
2022-04-18 19:26:06,451 DEBUG org.springframework.boot.StartupInfoLogger [main] Running with Spring Boot v2.1.2.RELEASE, Spring v5.1.4.RELEASE
2022-04-18 19:26:06,452 INFO org.springframework.boot.SpringApplication [main] No active profile set, falling back to default profiles: default
2022-04-18 19:26:06,774 WARN org.springframework.core.log.CompositeLog [background-preinit] For Jackson Kotlin classes support please add "com.fasterxml.jackson.module:jackson-module-kotlin" to the classpath
2022-04-18 19:26:07,564 INFO org.springframework.data.repository.config.RepositoryConfigurationDelegate [main] Bootstrapping Spring Data repositories in DEFAULT mode.
2022-04-18 19:26:07,632 INFO org.springframework.data.repository.config.RepositoryConfigurationDelegate [main] Finished Spring Data repository scanning in 61ms. Found 1 repository interfaces.
2022-04-18 19:26:08,209 INFO org.springframework.context.support.PostProcessorRegistrationDelegate$BeanPostProcessorChecker [main] Bean 'org.springframework.transaction.annotation.ProxyTransactionManagementConfiguration' of type [org.springframework.transaction.annotation.ProxyTransactionManagementConfiguration$$EnhancerBySpringCGLIB$$46c846a3] is not eligible for getting processed by all BeanPostProcessors (for example: not eligible for auto-proxying)
2022-04-18 19:26:08,580 INFO com.zaxxer.hikari.HikariDataSource [main] HikariPool-1 - Starting...
2022-04-18 19:26:09,652 INFO com.zaxxer.hikari.HikariDataSource [main] HikariPool-1 - Start completed.
2022-04-18 19:26:09,714 INFO org.hibernate.jpa.internal.util.LogHelper [main] HHH000204: Processing PersistenceUnitInfo [
	name: default
	...]
2022-04-18 19:26:09,764 INFO org.hibernate.Version [main] HHH000412: Hibernate Core {5.3.7.Final}
2022-04-18 19:26:09,766 INFO org.hibernate.cfg.Environment [main] HHH000206: hibernate.properties not found
2022-04-18 19:26:09,890 INFO org.hibernate.annotations.common.reflection.java.JavaReflectionManager [main] HCANN000001: Hibernate Commons Annotations {5.0.4.Final}
2022-04-18 19:26:10,276 INFO org.hibernate.dialect.Dialect [main] HHH000400: Using dialect: org.hibernate.dialect.MySQL5InnoDBDialect
2022-04-18 19:26:10,307 INFO org.hibernate.engine.jdbc.env.internal.LobCreatorBuilderImpl [main] HHH000421: Disabling contextual LOB creation as hibernate.jdbc.lob.non_contextual_creation is true
2022-04-18 19:26:19,037 INFO org.springframework.orm.jpa.AbstractEntityManagerFactoryBean [main] Initialized JPA EntityManagerFactory for persistence unit 'default'
2022-04-18 19:26:20,208 INFO org.springframework.scheduling.concurrent.ExecutorConfigurationSupport [main] Initializing ExecutorService 'applicationTaskExecutor'
2022-04-18 19:26:20,266 WARN org.springframework.boot.autoconfigure.orm.jpa.JpaBaseConfiguration$JpaWebConfiguration$JpaWebMvcConfiguration [main] spring.jpa.open-in-view is enabled by default. Therefore, database queries may be performed during view rendering. Explicitly configure spring.jpa.open-in-view to disable this warning
2022-04-18 19:26:21,288 INFO org.springframework.security.web.DefaultSecurityFilterChain [main] Creating filter chain: any request, [org.springframework.security.web.context.request.async.WebAsyncManagerIntegrationFilter@1e9d6c78, org.springframework.security.web.context.SecurityContextPersistenceFilter@514c6ca0, org.springframework.security.web.header.HeaderWriterFilter@5e0602ff, org.springframework.security.web.csrf.CsrfFilter@18711946, org.springframework.security.web.authentication.logout.LogoutFilter@12a7515b, org.springframework.security.web.authentication.UsernamePasswordAuthenticationFilter@5ce03a9d, org.springframework.security.web.authentication.ui.DefaultLoginPageGeneratingFilter@718e700c, org.springframework.security.web.authentication.ui.DefaultLogoutPageGeneratingFilter@27f4761b, org.springframework.security.web.authentication.www.BasicAuthenticationFilter@c040c8d, org.springframework.security.web.savedrequest.RequestCacheAwareFilter@1a4c6e74, org.springframework.security.web.servletapi.SecurityContextHolderAwareRequestFilter@425376cc, org.springframework.security.web.authentication.AnonymousAuthenticationFilter@52df6d0f, org.springframework.security.web.session.SessionManagementFilter@6b3d3e57, org.springframework.security.web.access.ExceptionTranslationFilter@4110ffe5, org.springframework.security.web.access.intercept.FilterSecurityInterceptor@29b2a94c]
2022-04-18 19:26:21,428 INFO org.springframework.boot.actuate.endpoint.web.EndpointLinksResolver [main] Exposing 2 endpoint(s) beneath base path '/actuator'
2022-04-18 19:26:21,570 INFO org.springframework.boot.StartupInfoLogger [main] Started TwitterControllerTest in 15.384 seconds (JVM running for 16.281)
2022-04-18 19:26:21,679 INFO ecommerce.backend.rest.aspect.LoggingAspect [main] Method:getTwittersById args[ | 143203091 | ]
2022-04-18 19:26:21,685 INFO ecommerce.backend.rest.aspect.LoggingAspect [main] Method:getTwittersById args[ | 143203091 | ]
2022-04-18 19:26:21,692 INFO ecommerce.backend.rest.aspect.LoggingAspect [main] Method:getTimeLineById args[ | 143203091 | ]
2022-04-18 19:26:23,068 INFO ecommerce.backend.rest.aspect.LoggingAspect [main] Method:getTimeLineById args[ | 143203091 | ], returning: <200 OK OK,{"data":[{"id":"1514455782296797189","text":"Hola 22:09"},{"id":"1503497742156509185","text":"Hello W"},{"id":"1503497709747068933","text":"Hello Wor"},{"id":"1503496944076963849","text":"NB HP 14 Pulgadas Procesador I3 Memoria 4GB Disco Duro 256G SSD Marketplace506"},{"id":"1503496830239350790","text":"Camisa Familiar Navidad Verde Reno Caf Marketplace506"},{"id":"1503472027583369219","text":"Practica fotografica Marketplace506"},{"id":"1503460991643885573","text":"Pijama Navidad Familiar Grinch Marketplace506"},{"id":"1503460600126611473","text":"$Tweet"},{"id":"1503458042851086339","text":"Hello World! 2"},{"id":"1503455661388189701","text":"Hello World!"}],"meta":{"next_token":"7140dibdnow9c7btw420jpvfbf9tbks0znv5p44pj5kxd","result_count":10,"newest_id":"1514455782296797189","oldest_id":"1503455661388189701"}},[]>
2022-04-18 19:26:25,844 INFO ecommerce.backend.rest.aspect.LoggingAspect [main] Method:getTwittersById args[ | 143203091 | ], returning: <200 OK OK,ecommerce.backend.rest.model.Twitter@77e42cbf,[]>
2022-04-18 19:26:25,845 INFO ecommerce.backend.rest.aspect.LoggingAspect [main] Method:getTwittersById args[ | 143203091 | ], returning: <200 OK OK,ecommerce.backend.rest.model.Twitter@77e42cbf,[]>
2022-04-18 19:26:25,867 INFO ecommerce.backend.rest.aspect.LoggingAspect [main] Method:getTwittersById args[ | 143203091 | ]
2022-04-18 19:26:25,867 INFO ecommerce.backend.rest.aspect.LoggingAspect [main] Method:getTwittersById args[ | 143203091 | ]
2022-04-18 19:26:25,867 INFO ecommerce.backend.rest.aspect.LoggingAspect [main] Method:getTimeLineById args[ | 143203091 | ]
2022-04-18 19:26:26,842 INFO ecommerce.backend.rest.aspect.LoggingAspect [main] Method:getTimeLineById args[ | 143203091 | ], returning: <200 OK OK,{"data":[{"id":"1514455782296797189","text":"Hola 22:09"},{"id":"1503497742156509185","text":"Hello W"},{"id":"1503497709747068933","text":"Hello Wor"},{"id":"1503496944076963849","text":"NB HP 14 Pulgadas Procesador I3 Memoria 4GB Disco Duro 256G SSD Marketplace506"},{"id":"1503496830239350790","text":"Camisa Familiar Navidad Verde Reno Caf Marketplace506"},{"id":"1503472027583369219","text":"Practica fotografica Marketplace506"},{"id":"1503460991643885573","text":"Pijama Navidad Familiar Grinch Marketplace506"},{"id":"1503460600126611473","text":"$Tweet"},{"id":"1503458042851086339","text":"Hello World! 2"},{"id":"1503455661388189701","text":"Hello World!"}],"meta":{"result_count":10,"newest_id":"1514455782296797189","oldest_id":"1503455661388189701","next_token":"7140dibdnow9c7btw420jpvfbf9tbks0znv5p44pj5kxd"}},[]>
2022-04-18 19:26:27,833 INFO ecommerce.backend.rest.aspect.LoggingAspect [main] Method:getTwittersById args[ | 143203091 | ], returning: <200 OK OK,ecommerce.backend.rest.model.Twitter@1fae388c,[]>
2022-04-18 19:26:27,834 INFO ecommerce.backend.rest.aspect.LoggingAspect [main] Method:getTwittersById args[ | 143203091 | ], returning: <200 OK OK,ecommerce.backend.rest.model.Twitter@1fae388c,[]>
2022-04-18 19:26:27,888 INFO org.springframework.scheduling.concurrent.ExecutorConfigurationSupport [Thread-4] Shutting down ExecutorService 'applicationTaskExecutor'
2022-04-18 19:26:27,890 INFO org.springframework.orm.jpa.AbstractEntityManagerFactoryBean [Thread-4] Closing JPA EntityManagerFactory for persistence unit 'default'
2022-04-18 19:26:27,893 INFO com.zaxxer.hikari.HikariDataSource [Thread-4] HikariPool-1 - Shutdown initiated...
2022-04-18 19:26:27,904 INFO com.zaxxer.hikari.HikariDataSource [Thread-4] HikariPool-1 - Shutdown completed.
2022-04-18 19:28:24,416 INFO org.springframework.core.KotlinDetector [main] Kotlin reflection implementation not found at runtime, related features won't be available.
2022-04-18 19:28:24,446 INFO org.springframework.test.context.support.AbstractTestContextBootstrapper [main] Neither @ContextConfiguration nor @ContextHierarchy found for test class [ecommerce.backend.rest.controller.TwitterControllerTest], using SpringBootContextLoader
2022-04-18 19:28:24,450 INFO org.springframework.test.context.support.AbstractContextLoader [main] Could not detect default resource locations for test class [ecommerce.backend.rest.controller.TwitterControllerTest]: no resource found for suffixes {-context.xml, Context.groovy}.
2022-04-18 19:28:24,452 INFO org.springframework.test.context.support.AnnotationConfigContextLoaderUtils [main] Could not detect default configuration classes for test class [ecommerce.backend.rest.controller.TwitterControllerTest]: TwitterControllerTest does not declare any static, non-private, non-final, nested classes annotated with @Configuration.
2022-04-18 19:28:24,557 INFO org.springframework.boot.test.context.SpringBootTestContextBootstrapper [main] Found @SpringBootConfiguration ecommerce.backend.rest.Application for test class ecommerce.backend.rest.controller.TwitterControllerTest
2022-04-18 19:28:24,622 INFO org.springframework.test.context.support.AbstractTestContextBootstrapper [main] Loaded default TestExecutionListener class names from location [META-INF/spring.factories]: [org.springframework.boot.test.mock.mockito.MockitoTestExecutionListener, org.springframework.boot.test.mock.mockito.ResetMocksTestExecutionListener, org.springframework.boot.test.autoconfigure.restdocs.RestDocsTestExecutionListener, org.springframework.boot.test.autoconfigure.web.client.MockRestServiceServerResetTestExecutionListener, org.springframework.boot.test.autoconfigure.web.servlet.MockMvcPrintOnlyOnFailureTestExecutionListener, org.springframework.boot.test.autoconfigure.web.servlet.WebDriverTestExecutionListener, org.springframework.test.context.web.ServletTestExecutionListener, org.springframework.test.context.support.DirtiesContextBeforeModesTestExecutionListener, org.springframework.test.context.support.DependencyInjectionTestExecutionListener, org.springframework.test.context.support.DirtiesContextTestExecutionListener, org.springframework.test.context.transaction.TransactionalTestExecutionListener, org.springframework.test.context.jdbc.SqlScriptsTestExecutionListener]
2022-04-18 19:28:24,636 INFO org.springframework.test.context.support.AbstractTestContextBootstrapper [main] Using TestExecutionListeners: [org.springframework.test.context.web.ServletTestExecutionListener@628c4ac0, org.springframework.test.context.support.DirtiesContextBeforeModesTestExecutionListener@7b84fcf8, org.springframework.boot.test.mock.mockito.MockitoTestExecutionListener@30b19518, org.springframework.boot.test.autoconfigure.SpringBootDependencyInjectionTestExecutionListener@363042d7, org.springframework.test.context.support.DirtiesContextTestExecutionListener@366ac49b, org.springframework.test.context.transaction.TransactionalTestExecutionListener@6ad59d92, org.springframework.test.context.jdbc.SqlScriptsTestExecutionListener@56f0cc85, org.springframework.boot.test.mock.mockito.ResetMocksTestExecutionListener@62e20a76, org.springframework.boot.test.autoconfigure.restdocs.RestDocsTestExecutionListener@2cc44ad, org.springframework.boot.test.autoconfigure.web.client.MockRestServiceServerResetTestExecutionListener@44b3606b, org.springframework.boot.test.autoconfigure.web.servlet.MockMvcPrintOnlyOnFailureTestExecutionListener@1477089c, org.springframework.boot.test.autoconfigure.web.servlet.WebDriverTestExecutionListener@663411de]
2022-04-18 19:28:24,872 WARN org.springframework.boot.test.json.DuplicateJsonObjectContextCustomizerFactory$DuplicateJsonObjectContextCustomizer [main] 

Found multiple occurrences of org.json.JSONObject on the class path:

	jar:file:/C:/Users/Usuario/.m2/repository/com/vaadin/external/google/android-json/0.0.20131108.vaadin1/android-json-0.0.20131108.vaadin1.jar!/org/json/JSONObject.class
	jar:file:/C:/Users/Usuario/.m2/repository/org/json/json/20160212/json-20160212.jar!/org/json/JSONObject.class

You may wish to exclude one of them to ensure predictable runtime behavior

2022-04-18 19:28:24,882 INFO org.springframework.boot.StartupInfoLogger [main] Starting TwitterControllerTest on SPE-JOLOPE2 with PID 22592 (started by Usuario in D:\Jorge\Eclipse\workspace\Back-End-ECommerce-Social-Networks)
2022-04-18 19:28:24,882 DEBUG org.springframework.boot.StartupInfoLogger [main] Running with Spring Boot v2.1.2.RELEASE, Spring v5.1.4.RELEASE
2022-04-18 19:28:24,883 INFO org.springframework.boot.SpringApplication [main] No active profile set, falling back to default profiles: default
2022-04-18 19:28:25,136 WARN org.springframework.core.log.CompositeLog [background-preinit] For Jackson Kotlin classes support please add "com.fasterxml.jackson.module:jackson-module-kotlin" to the classpath
2022-04-18 19:28:25,865 INFO org.springframework.data.repository.config.RepositoryConfigurationDelegate [main] Bootstrapping Spring Data repositories in DEFAULT mode.
2022-04-18 19:28:25,934 INFO org.springframework.data.repository.config.RepositoryConfigurationDelegate [main] Finished Spring Data repository scanning in 62ms. Found 1 repository interfaces.
2022-04-18 19:28:26,505 INFO org.springframework.context.support.PostProcessorRegistrationDelegate$BeanPostProcessorChecker [main] Bean 'org.springframework.transaction.annotation.ProxyTransactionManagementConfiguration' of type [org.springframework.transaction.annotation.ProxyTransactionManagementConfiguration$$EnhancerBySpringCGLIB$$46c846a3] is not eligible for getting processed by all BeanPostProcessors (for example: not eligible for auto-proxying)
2022-04-18 19:28:26,878 INFO com.zaxxer.hikari.HikariDataSource [main] HikariPool-1 - Starting...
2022-04-18 19:28:27,919 INFO com.zaxxer.hikari.HikariDataSource [main] HikariPool-1 - Start completed.
2022-04-18 19:28:27,980 INFO org.hibernate.jpa.internal.util.LogHelper [main] HHH000204: Processing PersistenceUnitInfo [
	name: default
	...]
2022-04-18 19:28:28,031 INFO org.hibernate.Version [main] HHH000412: Hibernate Core {5.3.7.Final}
2022-04-18 19:28:28,032 INFO org.hibernate.cfg.Environment [main] HHH000206: hibernate.properties not found
2022-04-18 19:28:28,157 INFO org.hibernate.annotations.common.reflection.java.JavaReflectionManager [main] HCANN000001: Hibernate Commons Annotations {5.0.4.Final}
2022-04-18 19:28:28,551 INFO org.hibernate.dialect.Dialect [main] HHH000400: Using dialect: org.hibernate.dialect.MySQL5InnoDBDialect
2022-04-18 19:28:28,605 INFO org.hibernate.engine.jdbc.env.internal.LobCreatorBuilderImpl [main] HHH000421: Disabling contextual LOB creation as hibernate.jdbc.lob.non_contextual_creation is true
2022-04-18 19:28:37,013 INFO org.springframework.orm.jpa.AbstractEntityManagerFactoryBean [main] Initialized JPA EntityManagerFactory for persistence unit 'default'
2022-04-18 19:28:38,193 INFO org.springframework.scheduling.concurrent.ExecutorConfigurationSupport [main] Initializing ExecutorService 'applicationTaskExecutor'
2022-04-18 19:28:38,255 WARN org.springframework.boot.autoconfigure.orm.jpa.JpaBaseConfiguration$JpaWebConfiguration$JpaWebMvcConfiguration [main] spring.jpa.open-in-view is enabled by default. Therefore, database queries may be performed during view rendering. Explicitly configure spring.jpa.open-in-view to disable this warning
2022-04-18 19:28:39,309 INFO org.springframework.security.web.DefaultSecurityFilterChain [main] Creating filter chain: any request, [org.springframework.security.web.context.request.async.WebAsyncManagerIntegrationFilter@1e9d6c78, org.springframework.security.web.context.SecurityContextPersistenceFilter@514c6ca0, org.springframework.security.web.header.HeaderWriterFilter@5e0602ff, org.springframework.security.web.csrf.CsrfFilter@18711946, org.springframework.security.web.authentication.logout.LogoutFilter@12a7515b, org.springframework.security.web.authentication.UsernamePasswordAuthenticationFilter@5ce03a9d, org.springframework.security.web.authentication.ui.DefaultLoginPageGeneratingFilter@718e700c, org.springframework.security.web.authentication.ui.DefaultLogoutPageGeneratingFilter@27f4761b, org.springframework.security.web.authentication.www.BasicAuthenticationFilter@c040c8d, org.springframework.security.web.savedrequest.RequestCacheAwareFilter@1a4c6e74, org.springframework.security.web.servletapi.SecurityContextHolderAwareRequestFilter@425376cc, org.springframework.security.web.authentication.AnonymousAuthenticationFilter@52df6d0f, org.springframework.security.web.session.SessionManagementFilter@6b3d3e57, org.springframework.security.web.access.ExceptionTranslationFilter@4110ffe5, org.springframework.security.web.access.intercept.FilterSecurityInterceptor@29b2a94c]
2022-04-18 19:28:39,450 INFO org.springframework.boot.actuate.endpoint.web.EndpointLinksResolver [main] Exposing 2 endpoint(s) beneath base path '/actuator'
2022-04-18 19:28:39,572 INFO org.springframework.boot.StartupInfoLogger [main] Started TwitterControllerTest in 14.912 seconds (JVM running for 15.813)
2022-04-18 19:28:39,691 INFO ecommerce.backend.rest.aspect.LoggingAspect [main] Method:getTwittersById args[ | 143203091 | ]
2022-04-18 19:28:39,696 INFO ecommerce.backend.rest.aspect.LoggingAspect [main] Method:getTwittersById args[ | 143203091 | ]
2022-04-18 19:28:39,700 INFO ecommerce.backend.rest.aspect.LoggingAspect [main] Method:getTimeLineById args[ | 143203091 | ]
2022-04-18 19:28:40,433 INFO ecommerce.backend.rest.aspect.LoggingAspect [main] Method:getTimeLineById args[ | 143203091 | ], returning: <200 OK OK,{"data":[{"id":"1514455782296797189","text":"Hola 22:09"},{"id":"1503497742156509185","text":"Hello W"},{"id":"1503497709747068933","text":"Hello Wor"},{"id":"1503496944076963849","text":"NB HP 14 Pulgadas Procesador I3 Memoria 4GB Disco Duro 256G SSD Marketplace506"},{"id":"1503496830239350790","text":"Camisa Familiar Navidad Verde Reno Caf Marketplace506"},{"id":"1503472027583369219","text":"Practica fotografica Marketplace506"},{"id":"1503460991643885573","text":"Pijama Navidad Familiar Grinch Marketplace506"},{"id":"1503460600126611473","text":"$Tweet"},{"id":"1503458042851086339","text":"Hello World! 2"},{"id":"1503455661388189701","text":"Hello World!"}],"meta":{"next_token":"7140dibdnow9c7btw420jpvfbf9tbks0znv5p44pj5kxd","result_count":10,"newest_id":"1514455782296797189","oldest_id":"1503455661388189701"}},[]>
2022-04-18 19:28:41,072 INFO ecommerce.backend.rest.aspect.LoggingAspect [main] Method:getTwittersById args[ | 143203091 | ], returning: <200 OK OK,ecommerce.backend.rest.model.Twitter@77e42cbf,[]>
2022-04-18 19:28:41,072 INFO ecommerce.backend.rest.aspect.LoggingAspect [main] Method:getTwittersById args[ | 143203091 | ], returning: <200 OK OK,ecommerce.backend.rest.model.Twitter@77e42cbf,[]>
2022-04-18 19:28:41,088 INFO ecommerce.backend.rest.aspect.LoggingAspect [main] Method:getTwittersById args[ | 143203091 | ]
2022-04-18 19:28:41,089 INFO ecommerce.backend.rest.aspect.LoggingAspect [main] Method:getTwittersById args[ | 143203091 | ]
2022-04-18 19:28:41,090 INFO ecommerce.backend.rest.aspect.LoggingAspect [main] Method:getTimeLineById args[ | 143203091 | ]
2022-04-18 19:28:41,409 INFO ecommerce.backend.rest.aspect.LoggingAspect [main] Method:getTimeLineById args[ | 143203091 | ], returning: <200 OK OK,{"data":[{"id":"1514455782296797189","text":"Hola 22:09"},{"id":"1503497742156509185","text":"Hello W"},{"id":"1503497709747068933","text":"Hello Wor"},{"id":"1503496944076963849","text":"NB HP 14 Pulgadas Procesador I3 Memoria 4GB Disco Duro 256G SSD Marketplace506"},{"id":"1503496830239350790","text":"Camisa Familiar Navidad Verde Reno Caf Marketplace506"},{"id":"1503472027583369219","text":"Practica fotografica Marketplace506"},{"id":"1503460991643885573","text":"Pijama Navidad Familiar Grinch Marketplace506"},{"id":"1503460600126611473","text":"$Tweet"},{"id":"1503458042851086339","text":"Hello World! 2"},{"id":"1503455661388189701","text":"Hello World!"}],"meta":{"result_count":10,"newest_id":"1514455782296797189","oldest_id":"1503455661388189701","next_token":"7140dibdnow9c7btw420jpvfbf9tbks0znv5p44pj5kxd"}},[]>
2022-04-18 19:28:41,909 INFO ecommerce.backend.rest.aspect.LoggingAspect [main] Method:getTwittersById args[ | 143203091 | ], returning: <200 OK OK,ecommerce.backend.rest.model.Twitter@1fae388c,[]>
2022-04-18 19:28:41,909 INFO ecommerce.backend.rest.aspect.LoggingAspect [main] Method:getTwittersById args[ | 143203091 | ], returning: <200 OK OK,ecommerce.backend.rest.model.Twitter@1fae388c,[]>
2022-04-18 19:28:41,957 INFO org.springframework.scheduling.concurrent.ExecutorConfigurationSupport [Thread-4] Shutting down ExecutorService 'applicationTaskExecutor'
2022-04-18 19:28:41,958 INFO org.springframework.orm.jpa.AbstractEntityManagerFactoryBean [Thread-4] Closing JPA EntityManagerFactory for persistence unit 'default'
2022-04-18 19:28:41,961 INFO com.zaxxer.hikari.HikariDataSource [Thread-4] HikariPool-1 - Shutdown initiated...
2022-04-18 19:28:41,974 INFO com.zaxxer.hikari.HikariDataSource [Thread-4] HikariPool-1 - Shutdown completed.
2022-04-18 19:53:33,492 INFO org.springframework.core.KotlinDetector [main] Kotlin reflection implementation not found at runtime, related features won't be available.
2022-04-18 19:53:33,522 INFO org.springframework.test.context.support.AbstractTestContextBootstrapper [main] Neither @ContextConfiguration nor @ContextHierarchy found for test class [ecommerce.backend.rest.controller.TwitterControllerTest], using SpringBootContextLoader
2022-04-18 19:53:33,526 INFO org.springframework.test.context.support.AbstractContextLoader [main] Could not detect default resource locations for test class [ecommerce.backend.rest.controller.TwitterControllerTest]: no resource found for suffixes {-context.xml, Context.groovy}.
2022-04-18 19:53:33,528 INFO org.springframework.test.context.support.AnnotationConfigContextLoaderUtils [main] Could not detect default configuration classes for test class [ecommerce.backend.rest.controller.TwitterControllerTest]: TwitterControllerTest does not declare any static, non-private, non-final, nested classes annotated with @Configuration.
2022-04-18 19:53:33,635 INFO org.springframework.boot.test.context.SpringBootTestContextBootstrapper [main] Found @SpringBootConfiguration ecommerce.backend.rest.Application for test class ecommerce.backend.rest.controller.TwitterControllerTest
2022-04-18 19:53:33,699 INFO org.springframework.test.context.support.AbstractTestContextBootstrapper [main] Loaded default TestExecutionListener class names from location [META-INF/spring.factories]: [org.springframework.boot.test.mock.mockito.MockitoTestExecutionListener, org.springframework.boot.test.mock.mockito.ResetMocksTestExecutionListener, org.springframework.boot.test.autoconfigure.restdocs.RestDocsTestExecutionListener, org.springframework.boot.test.autoconfigure.web.client.MockRestServiceServerResetTestExecutionListener, org.springframework.boot.test.autoconfigure.web.servlet.MockMvcPrintOnlyOnFailureTestExecutionListener, org.springframework.boot.test.autoconfigure.web.servlet.WebDriverTestExecutionListener, org.springframework.test.context.web.ServletTestExecutionListener, org.springframework.test.context.support.DirtiesContextBeforeModesTestExecutionListener, org.springframework.test.context.support.DependencyInjectionTestExecutionListener, org.springframework.test.context.support.DirtiesContextTestExecutionListener, org.springframework.test.context.transaction.TransactionalTestExecutionListener, org.springframework.test.context.jdbc.SqlScriptsTestExecutionListener]
2022-04-18 19:53:33,716 INFO org.springframework.test.context.support.AbstractTestContextBootstrapper [main] Using TestExecutionListeners: [org.springframework.test.context.web.ServletTestExecutionListener@628c4ac0, org.springframework.test.context.support.DirtiesContextBeforeModesTestExecutionListener@7b84fcf8, org.springframework.boot.test.mock.mockito.MockitoTestExecutionListener@30b19518, org.springframework.boot.test.autoconfigure.SpringBootDependencyInjectionTestExecutionListener@363042d7, org.springframework.test.context.support.DirtiesContextTestExecutionListener@366ac49b, org.springframework.test.context.transaction.TransactionalTestExecutionListener@6ad59d92, org.springframework.test.context.jdbc.SqlScriptsTestExecutionListener@56f0cc85, org.springframework.boot.test.mock.mockito.ResetMocksTestExecutionListener@62e20a76, org.springframework.boot.test.autoconfigure.restdocs.RestDocsTestExecutionListener@2cc44ad, org.springframework.boot.test.autoconfigure.web.client.MockRestServiceServerResetTestExecutionListener@44b3606b, org.springframework.boot.test.autoconfigure.web.servlet.MockMvcPrintOnlyOnFailureTestExecutionListener@1477089c, org.springframework.boot.test.autoconfigure.web.servlet.WebDriverTestExecutionListener@663411de]
2022-04-18 19:53:33,946 WARN org.springframework.boot.test.json.DuplicateJsonObjectContextCustomizerFactory$DuplicateJsonObjectContextCustomizer [main] 

Found multiple occurrences of org.json.JSONObject on the class path:

	jar:file:/C:/Users/Usuario/.m2/repository/com/vaadin/external/google/android-json/0.0.20131108.vaadin1/android-json-0.0.20131108.vaadin1.jar!/org/json/JSONObject.class
	jar:file:/C:/Users/Usuario/.m2/repository/org/json/json/20160212/json-20160212.jar!/org/json/JSONObject.class

You may wish to exclude one of them to ensure predictable runtime behavior

2022-04-18 19:53:33,956 INFO org.springframework.boot.StartupInfoLogger [main] Starting TwitterControllerTest on SPE-JOLOPE2 with PID 2732 (started by Usuario in D:\Jorge\Eclipse\workspace\Back-End-ECommerce-Social-Networks)
2022-04-18 19:53:33,956 DEBUG org.springframework.boot.StartupInfoLogger [main] Running with Spring Boot v2.1.2.RELEASE, Spring v5.1.4.RELEASE
2022-04-18 19:53:33,957 INFO org.springframework.boot.SpringApplication [main] No active profile set, falling back to default profiles: default
2022-04-18 19:53:34,199 WARN org.springframework.core.log.CompositeLog [background-preinit] For Jackson Kotlin classes support please add "com.fasterxml.jackson.module:jackson-module-kotlin" to the classpath
2022-04-18 19:53:34,940 INFO org.springframework.data.repository.config.RepositoryConfigurationDelegate [main] Bootstrapping Spring Data repositories in DEFAULT mode.
2022-04-18 19:53:35,005 INFO org.springframework.data.repository.config.RepositoryConfigurationDelegate [main] Finished Spring Data repository scanning in 58ms. Found 1 repository interfaces.
2022-04-18 19:53:35,556 INFO org.springframework.context.support.PostProcessorRegistrationDelegate$BeanPostProcessorChecker [main] Bean 'org.springframework.transaction.annotation.ProxyTransactionManagementConfiguration' of type [org.springframework.transaction.annotation.ProxyTransactionManagementConfiguration$$EnhancerBySpringCGLIB$$b2aee783] is not eligible for getting processed by all BeanPostProcessors (for example: not eligible for auto-proxying)
2022-04-18 19:53:35,929 INFO com.zaxxer.hikari.HikariDataSource [main] HikariPool-1 - Starting...
2022-04-18 19:53:37,068 INFO com.zaxxer.hikari.HikariDataSource [main] HikariPool-1 - Start completed.
2022-04-18 19:53:37,138 INFO org.hibernate.jpa.internal.util.LogHelper [main] HHH000204: Processing PersistenceUnitInfo [
	name: default
	...]
2022-04-18 19:53:37,192 INFO org.hibernate.Version [main] HHH000412: Hibernate Core {5.3.7.Final}
2022-04-18 19:53:37,193 INFO org.hibernate.cfg.Environment [main] HHH000206: hibernate.properties not found
2022-04-18 19:53:37,320 INFO org.hibernate.annotations.common.reflection.java.JavaReflectionManager [main] HCANN000001: Hibernate Commons Annotations {5.0.4.Final}
2022-04-18 19:53:37,751 INFO org.hibernate.dialect.Dialect [main] HHH000400: Using dialect: org.hibernate.dialect.MySQL5InnoDBDialect
2022-04-18 19:53:37,794 INFO org.hibernate.engine.jdbc.env.internal.LobCreatorBuilderImpl [main] HHH000421: Disabling contextual LOB creation as hibernate.jdbc.lob.non_contextual_creation is true
2022-04-18 19:53:47,010 INFO org.springframework.orm.jpa.AbstractEntityManagerFactoryBean [main] Initialized JPA EntityManagerFactory for persistence unit 'default'
2022-04-18 19:53:48,237 INFO org.springframework.scheduling.concurrent.ExecutorConfigurationSupport [main] Initializing ExecutorService 'applicationTaskExecutor'
2022-04-18 19:53:48,312 WARN org.springframework.boot.autoconfigure.orm.jpa.JpaBaseConfiguration$JpaWebConfiguration$JpaWebMvcConfiguration [main] spring.jpa.open-in-view is enabled by default. Therefore, database queries may be performed during view rendering. Explicitly configure spring.jpa.open-in-view to disable this warning
2022-04-18 19:53:49,391 INFO org.springframework.security.web.DefaultSecurityFilterChain [main] Creating filter chain: any request, [org.springframework.security.web.context.request.async.WebAsyncManagerIntegrationFilter@3f910f36, org.springframework.security.web.context.SecurityContextPersistenceFilter@5b5e45bc, org.springframework.security.web.header.HeaderWriterFilter@4c51fc9a, org.springframework.security.web.csrf.CsrfFilter@21a462ce, org.springframework.security.web.authentication.logout.LogoutFilter@570ede3b, org.springframework.security.web.authentication.UsernamePasswordAuthenticationFilter@4917992b, org.springframework.security.web.authentication.ui.DefaultLoginPageGeneratingFilter@33b4c775, org.springframework.security.web.authentication.ui.DefaultLogoutPageGeneratingFilter@6421bc7e, org.springframework.security.web.authentication.www.BasicAuthenticationFilter@14f254f, org.springframework.security.web.savedrequest.RequestCacheAwareFilter@2e7563f6, org.springframework.security.web.servletapi.SecurityContextHolderAwareRequestFilter@737ae41a, org.springframework.security.web.authentication.AnonymousAuthenticationFilter@2e2546bf, org.springframework.security.web.session.SessionManagementFilter@28705150, org.springframework.security.web.access.ExceptionTranslationFilter@85fd4b, org.springframework.security.web.access.intercept.FilterSecurityInterceptor@118f39f3]
2022-04-18 19:53:49,564 INFO org.springframework.boot.actuate.endpoint.web.EndpointLinksResolver [main] Exposing 2 endpoint(s) beneath base path '/actuator'
2022-04-18 19:53:49,709 INFO org.springframework.boot.StartupInfoLogger [main] Started TwitterControllerTest in 15.967 seconds (JVM running for 16.853)
2022-04-18 19:53:49,825 INFO ecommerce.backend.rest.aspect.LoggingAspect [main] Method:getTwittersById args[ | 143203091 | ]
2022-04-18 19:53:49,830 INFO ecommerce.backend.rest.aspect.LoggingAspect [main] Method:getTwittersById args[ | 143203091 | ]
2022-04-18 19:53:49,834 INFO ecommerce.backend.rest.aspect.LoggingAspect [main] Method:getTimeLineById args[ | 143203091 | ]
2022-04-18 19:53:50,590 INFO ecommerce.backend.rest.aspect.LoggingAspect [main] Method:getTimeLineById totalTime: 755 ms args[ | 143203091 | ], returning: <200 OK OK,{"data":[{"id":"1514455782296797189","text":"Hola 22:09"},{"id":"1503497742156509185","text":"Hello W"},{"id":"1503497709747068933","text":"Hello Wor"},{"id":"1503496944076963849","text":"NB HP 14 Pulgadas Procesador I3 Memoria 4GB Disco Duro 256G SSD Marketplace506"},{"id":"1503496830239350790","text":"Camisa Familiar Navidad Verde Reno Caf Marketplace506"},{"id":"1503472027583369219","text":"Practica fotografica Marketplace506"},{"id":"1503460991643885573","text":"Pijama Navidad Familiar Grinch Marketplace506"},{"id":"1503460600126611473","text":"$Tweet"},{"id":"1503458042851086339","text":"Hello World! 2"},{"id":"1503455661388189701","text":"Hello World!"}],"meta":{"next_token":"7140dibdnow9c7btw420jpvfbf9tbks0znv5p44pj5kxd","result_count":10,"newest_id":"1514455782296797189","oldest_id":"1503455661388189701"}},[]>
2022-04-18 19:53:50,591 INFO ecommerce.backend.rest.aspect.LoggingAspect [main] Method:getTimeLineById args[ | 143203091 | ], returning: <200 OK OK,{"data":[{"id":"1514455782296797189","text":"Hola 22:09"},{"id":"1503497742156509185","text":"Hello W"},{"id":"1503497709747068933","text":"Hello Wor"},{"id":"1503496944076963849","text":"NB HP 14 Pulgadas Procesador I3 Memoria 4GB Disco Duro 256G SSD Marketplace506"},{"id":"1503496830239350790","text":"Camisa Familiar Navidad Verde Reno Caf Marketplace506"},{"id":"1503472027583369219","text":"Practica fotografica Marketplace506"},{"id":"1503460991643885573","text":"Pijama Navidad Familiar Grinch Marketplace506"},{"id":"1503460600126611473","text":"$Tweet"},{"id":"1503458042851086339","text":"Hello World! 2"},{"id":"1503455661388189701","text":"Hello World!"}],"meta":{"next_token":"7140dibdnow9c7btw420jpvfbf9tbks0znv5p44pj5kxd","result_count":10,"newest_id":"1514455782296797189","oldest_id":"1503455661388189701"}},[]>
2022-04-18 19:53:51,283 INFO ecommerce.backend.rest.aspect.LoggingAspect [main] Method:getTwittersById totalTime: 1453 ms args[ | 143203091 | ], returning: <200 OK OK,ecommerce.backend.rest.model.Twitter@36b86248,[]>
2022-04-18 19:53:51,284 INFO ecommerce.backend.rest.aspect.LoggingAspect [main] Method:getTwittersById args[ | 143203091 | ], returning: <200 OK OK,ecommerce.backend.rest.model.Twitter@36b86248,[]>
2022-04-18 19:53:51,284 INFO ecommerce.backend.rest.aspect.LoggingAspect [main] Method:getTwittersById totalTime: 1460 ms args[ | 143203091 | ], returning: <200 OK OK,ecommerce.backend.rest.model.Twitter@36b86248,[]>
2022-04-18 19:53:51,285 INFO ecommerce.backend.rest.aspect.LoggingAspect [main] Method:getTwittersById args[ | 143203091 | ], returning: <200 OK OK,ecommerce.backend.rest.model.Twitter@36b86248,[]>
2022-04-18 19:53:51,302 INFO ecommerce.backend.rest.aspect.LoggingAspect [main] Method:getTwittersById args[ | 143203091 | ]
2022-04-18 19:53:51,303 INFO ecommerce.backend.rest.aspect.LoggingAspect [main] Method:getTwittersById args[ | 143203091 | ]
2022-04-18 19:53:51,303 INFO ecommerce.backend.rest.aspect.LoggingAspect [main] Method:getTimeLineById args[ | 143203091 | ]
2022-04-18 19:53:51,659 INFO ecommerce.backend.rest.aspect.LoggingAspect [main] Method:getTimeLineById totalTime: 355 ms args[ | 143203091 | ], returning: <200 OK OK,{"data":[{"id":"1514455782296797189","text":"Hola 22:09"},{"id":"1503497742156509185","text":"Hello W"},{"id":"1503497709747068933","text":"Hello Wor"},{"id":"1503496944076963849","text":"NB HP 14 Pulgadas Procesador I3 Memoria 4GB Disco Duro 256G SSD Marketplace506"},{"id":"1503496830239350790","text":"Camisa Familiar Navidad Verde Reno Caf Marketplace506"},{"id":"1503472027583369219","text":"Practica fotografica Marketplace506"},{"id":"1503460991643885573","text":"Pijama Navidad Familiar Grinch Marketplace506"},{"id":"1503460600126611473","text":"$Tweet"},{"id":"1503458042851086339","text":"Hello World! 2"},{"id":"1503455661388189701","text":"Hello World!"}],"meta":{"next_token":"7140dibdnow9c7btw420jpvfbf9tbks0znv5p44pj5kxd","result_count":10,"newest_id":"1514455782296797189","oldest_id":"1503455661388189701"}},[]>
2022-04-18 19:53:51,659 INFO ecommerce.backend.rest.aspect.LoggingAspect [main] Method:getTimeLineById args[ | 143203091 | ], returning: <200 OK OK,{"data":[{"id":"1514455782296797189","text":"Hola 22:09"},{"id":"1503497742156509185","text":"Hello W"},{"id":"1503497709747068933","text":"Hello Wor"},{"id":"1503496944076963849","text":"NB HP 14 Pulgadas Procesador I3 Memoria 4GB Disco Duro 256G SSD Marketplace506"},{"id":"1503496830239350790","text":"Camisa Familiar Navidad Verde Reno Caf Marketplace506"},{"id":"1503472027583369219","text":"Practica fotografica Marketplace506"},{"id":"1503460991643885573","text":"Pijama Navidad Familiar Grinch Marketplace506"},{"id":"1503460600126611473","text":"$Tweet"},{"id":"1503458042851086339","text":"Hello World! 2"},{"id":"1503455661388189701","text":"Hello World!"}],"meta":{"next_token":"7140dibdnow9c7btw420jpvfbf9tbks0znv5p44pj5kxd","result_count":10,"newest_id":"1514455782296797189","oldest_id":"1503455661388189701"}},[]>
2022-04-18 19:53:52,235 INFO ecommerce.backend.rest.aspect.LoggingAspect [main] Method:getTwittersById totalTime: 932 ms args[ | 143203091 | ], returning: <200 OK OK,ecommerce.backend.rest.model.Twitter@5d8c03cc,[]>
2022-04-18 19:53:52,236 INFO ecommerce.backend.rest.aspect.LoggingAspect [main] Method:getTwittersById args[ | 143203091 | ], returning: <200 OK OK,ecommerce.backend.rest.model.Twitter@5d8c03cc,[]>
2022-04-18 19:53:52,237 INFO ecommerce.backend.rest.aspect.LoggingAspect [main] Method:getTwittersById totalTime: 935 ms args[ | 143203091 | ], returning: <200 OK OK,ecommerce.backend.rest.model.Twitter@5d8c03cc,[]>
2022-04-18 19:53:52,238 INFO ecommerce.backend.rest.aspect.LoggingAspect [main] Method:getTwittersById args[ | 143203091 | ], returning: <200 OK OK,ecommerce.backend.rest.model.Twitter@5d8c03cc,[]>
2022-04-18 19:53:52,284 INFO org.springframework.scheduling.concurrent.ExecutorConfigurationSupport [Thread-4] Shutting down ExecutorService 'applicationTaskExecutor'
2022-04-18 19:53:52,285 INFO org.springframework.orm.jpa.AbstractEntityManagerFactoryBean [Thread-4] Closing JPA EntityManagerFactory for persistence unit 'default'
2022-04-18 19:53:52,288 INFO com.zaxxer.hikari.HikariDataSource [Thread-4] HikariPool-1 - Shutdown initiated...
2022-04-18 19:53:52,302 INFO com.zaxxer.hikari.HikariDataSource [Thread-4] HikariPool-1 - Shutdown completed.
