2022-04-13 21:08:45,957 INFO org.springframework.core.KotlinDetector [main] Kotlin reflection implementation not found at runtime, related features won't be available.
2022-04-13 21:08:45,998 INFO org.springframework.test.context.support.AbstractTestContextBootstrapper [main] Neither @ContextConfiguration nor @ContextHierarchy found for test class [ecommerce.backend.rest.controller.TwitterControllerTest], using SpringBootContextLoader
2022-04-13 21:08:46,002 INFO org.springframework.test.context.support.AbstractContextLoader [main] Could not detect default resource locations for test class [ecommerce.backend.rest.controller.TwitterControllerTest]: no resource found for suffixes {-context.xml, Context.groovy}.
2022-04-13 21:08:46,004 INFO org.springframework.test.context.support.AnnotationConfigContextLoaderUtils [main] Could not detect default configuration classes for test class [ecommerce.backend.rest.controller.TwitterControllerTest]: TwitterControllerTest does not declare any static, non-private, non-final, nested classes annotated with @Configuration.
2022-04-13 21:08:46,126 INFO org.springframework.boot.test.context.SpringBootTestContextBootstrapper [main] Found @SpringBootConfiguration ecommerce.backend.rest.Application for test class ecommerce.backend.rest.controller.TwitterControllerTest
2022-04-13 21:08:46,209 INFO org.springframework.test.context.support.AbstractTestContextBootstrapper [main] Loaded default TestExecutionListener class names from location [META-INF/spring.factories]: [org.springframework.boot.test.mock.mockito.MockitoTestExecutionListener, org.springframework.boot.test.mock.mockito.ResetMocksTestExecutionListener, org.springframework.boot.test.autoconfigure.restdocs.RestDocsTestExecutionListener, org.springframework.boot.test.autoconfigure.web.client.MockRestServiceServerResetTestExecutionListener, org.springframework.boot.test.autoconfigure.web.servlet.MockMvcPrintOnlyOnFailureTestExecutionListener, org.springframework.boot.test.autoconfigure.web.servlet.WebDriverTestExecutionListener, org.springframework.test.context.web.ServletTestExecutionListener, org.springframework.test.context.support.DirtiesContextBeforeModesTestExecutionListener, org.springframework.test.context.support.DependencyInjectionTestExecutionListener, org.springframework.test.context.support.DirtiesContextTestExecutionListener, org.springframework.test.context.transaction.TransactionalTestExecutionListener, org.springframework.test.context.jdbc.SqlScriptsTestExecutionListener]
2022-04-13 21:08:46,226 INFO org.springframework.test.context.support.AbstractTestContextBootstrapper [main] Using TestExecutionListeners: [org.springframework.test.context.web.ServletTestExecutionListener@57abad67, org.springframework.test.context.support.DirtiesContextBeforeModesTestExecutionListener@550a1967, org.springframework.boot.test.mock.mockito.MockitoTestExecutionListener@2a640157, org.springframework.boot.test.autoconfigure.SpringBootDependencyInjectionTestExecutionListener@52851b44, org.springframework.test.context.support.DirtiesContextTestExecutionListener@584f54e6, org.springframework.test.context.transaction.TransactionalTestExecutionListener@5d8bafa9, org.springframework.test.context.jdbc.SqlScriptsTestExecutionListener@576f63f6, org.springframework.boot.test.mock.mockito.ResetMocksTestExecutionListener@2dca0d64, org.springframework.boot.test.autoconfigure.restdocs.RestDocsTestExecutionListener@f80945f, org.springframework.boot.test.autoconfigure.web.client.MockRestServiceServerResetTestExecutionListener@ff684e1, org.springframework.boot.test.autoconfigure.web.servlet.MockMvcPrintOnlyOnFailureTestExecutionListener@23aa363a, org.springframework.boot.test.autoconfigure.web.servlet.WebDriverTestExecutionListener@5ef6ae06]
2022-04-13 21:08:46,497 WARN org.springframework.boot.test.json.DuplicateJsonObjectContextCustomizerFactory$DuplicateJsonObjectContextCustomizer [main] 

Found multiple occurrences of org.json.JSONObject on the class path:

	jar:file:/C:/Users/Usuario/.m2/repository/com/vaadin/external/google/android-json/0.0.20131108.vaadin1/android-json-0.0.20131108.vaadin1.jar!/org/json/JSONObject.class
	jar:file:/C:/Users/Usuario/.m2/repository/org/json/json/20160212/json-20160212.jar!/org/json/JSONObject.class

You may wish to exclude one of them to ensure predictable runtime behavior

2022-04-13 21:08:46,508 INFO org.springframework.boot.StartupInfoLogger [main] Starting TwitterControllerTest on SPE-JOLOPE2 with PID 17728 (started by Usuario in D:\Jorge\Eclipse\workspace\Back-End-ECommerce-Social-Networks)
2022-04-13 21:08:46,509 DEBUG org.springframework.boot.StartupInfoLogger [main] Running with Spring Boot v2.1.2.RELEASE, Spring v5.1.4.RELEASE
2022-04-13 21:08:46,510 INFO org.springframework.boot.SpringApplication [main] No active profile set, falling back to default profiles: default
2022-04-13 21:08:46,827 WARN org.springframework.core.log.CompositeLog [background-preinit] For Jackson Kotlin classes support please add "com.fasterxml.jackson.module:jackson-module-kotlin" to the classpath
2022-04-13 21:08:47,698 INFO org.springframework.data.repository.config.RepositoryConfigurationDelegate [main] Bootstrapping Spring Data repositories in DEFAULT mode.
2022-04-13 21:08:47,807 INFO org.springframework.data.repository.config.RepositoryConfigurationDelegate [main] Finished Spring Data repository scanning in 97ms. Found 1 repository interfaces.
2022-04-13 21:08:48,286 INFO org.springframework.context.support.PostProcessorRegistrationDelegate$BeanPostProcessorChecker [main] Bean 'org.springframework.transaction.annotation.ProxyTransactionManagementConfiguration' of type [org.springframework.transaction.annotation.ProxyTransactionManagementConfiguration$$EnhancerBySpringCGLIB$$1d2fd39d] is not eligible for getting processed by all BeanPostProcessors (for example: not eligible for auto-proxying)
2022-04-13 21:08:48,531 INFO com.zaxxer.hikari.HikariDataSource [main] HikariPool-1 - Starting...
2022-04-13 21:08:49,747 INFO com.zaxxer.hikari.HikariDataSource [main] HikariPool-1 - Start completed.
2022-04-13 21:08:49,830 INFO org.hibernate.jpa.internal.util.LogHelper [main] HHH000204: Processing PersistenceUnitInfo [
	name: default
	...]
2022-04-13 21:08:49,940 INFO org.hibernate.Version [main] HHH000412: Hibernate Core {5.3.7.Final}
2022-04-13 21:08:49,943 INFO org.hibernate.cfg.Environment [main] HHH000206: hibernate.properties not found
2022-04-13 21:08:50,148 INFO org.hibernate.annotations.common.reflection.java.JavaReflectionManager [main] HCANN000001: Hibernate Commons Annotations {5.0.4.Final}
2022-04-13 21:08:50,616 INFO org.hibernate.dialect.Dialect [main] HHH000400: Using dialect: org.hibernate.dialect.MySQL5InnoDBDialect
2022-04-13 21:08:50,656 INFO org.hibernate.engine.jdbc.env.internal.LobCreatorBuilderImpl [main] HHH000421: Disabling contextual LOB creation as hibernate.jdbc.lob.non_contextual_creation is true
2022-04-13 21:08:59,926 INFO org.springframework.orm.jpa.AbstractEntityManagerFactoryBean [main] Initialized JPA EntityManagerFactory for persistence unit 'default'
2022-04-13 21:09:00,961 INFO org.springframework.scheduling.concurrent.ExecutorConfigurationSupport [main] Initializing ExecutorService 'applicationTaskExecutor'
2022-04-13 21:09:01,025 WARN org.springframework.boot.autoconfigure.orm.jpa.JpaBaseConfiguration$JpaWebConfiguration$JpaWebMvcConfiguration [main] spring.jpa.open-in-view is enabled by default. Therefore, database queries may be performed during view rendering. Explicitly configure spring.jpa.open-in-view to disable this warning
2022-04-13 21:09:02,040 INFO org.springframework.security.web.DefaultSecurityFilterChain [main] Creating filter chain: any request, [org.springframework.security.web.context.request.async.WebAsyncManagerIntegrationFilter@34c2e03d, org.springframework.security.web.context.SecurityContextPersistenceFilter@543a7605, org.springframework.security.web.header.HeaderWriterFilter@2c7607e5, org.springframework.security.web.csrf.CsrfFilter@47cf922d, org.springframework.security.web.authentication.logout.LogoutFilter@7af7c9aa, org.springframework.security.web.authentication.UsernamePasswordAuthenticationFilter@55465bfc, org.springframework.security.web.authentication.ui.DefaultLoginPageGeneratingFilter@28796d0e, org.springframework.security.web.authentication.ui.DefaultLogoutPageGeneratingFilter@17e4beda, org.springframework.security.web.authentication.www.BasicAuthenticationFilter@644c3590, org.springframework.security.web.savedrequest.RequestCacheAwareFilter@eda7dd3, org.springframework.security.web.servletapi.SecurityContextHolderAwareRequestFilter@14b4b25e, org.springframework.security.web.authentication.AnonymousAuthenticationFilter@1be4f05c, org.springframework.security.web.session.SessionManagementFilter@7dd847a2, org.springframework.security.web.access.ExceptionTranslationFilter@1e487d57, org.springframework.security.web.access.intercept.FilterSecurityInterceptor@6aed4a23]
2022-04-13 21:09:02,163 INFO org.springframework.boot.actuate.endpoint.web.EndpointLinksResolver [main] Exposing 2 endpoint(s) beneath base path '/actuator'
2022-04-13 21:09:02,288 INFO org.springframework.boot.StartupInfoLogger [main] Started TwitterControllerTest in 16.029 seconds (JVM running for 17.102)
2022-04-13 21:09:02,408 INFO ecommerce.backend.rest.controller.TwitterController [main] ===================inside API check ===================
2022-04-13 21:09:02,480 INFO ecommerce.backend.rest.controller.TwitterController [main] ===================inside API check ===================
2022-04-13 21:09:02,522 INFO org.springframework.scheduling.concurrent.ExecutorConfigurationSupport [Thread-4] Shutting down ExecutorService 'applicationTaskExecutor'
2022-04-13 21:09:02,524 INFO org.springframework.orm.jpa.AbstractEntityManagerFactoryBean [Thread-4] Closing JPA EntityManagerFactory for persistence unit 'default'
2022-04-13 21:09:02,527 INFO com.zaxxer.hikari.HikariDataSource [Thread-4] HikariPool-1 - Shutdown initiated...
2022-04-13 21:09:02,539 INFO com.zaxxer.hikari.HikariDataSource [Thread-4] HikariPool-1 - Shutdown completed.
2022-04-13 21:12:42,045 INFO org.springframework.core.KotlinDetector [main] Kotlin reflection implementation not found at runtime, related features won't be available.
2022-04-13 21:12:42,078 INFO org.springframework.test.context.support.AbstractTestContextBootstrapper [main] Neither @ContextConfiguration nor @ContextHierarchy found for test class [ecommerce.backend.rest.controller.TwitterControllerTest], using SpringBootContextLoader
2022-04-13 21:12:42,082 INFO org.springframework.test.context.support.AbstractContextLoader [main] Could not detect default resource locations for test class [ecommerce.backend.rest.controller.TwitterControllerTest]: no resource found for suffixes {-context.xml, Context.groovy}.
2022-04-13 21:12:42,083 INFO org.springframework.test.context.support.AnnotationConfigContextLoaderUtils [main] Could not detect default configuration classes for test class [ecommerce.backend.rest.controller.TwitterControllerTest]: TwitterControllerTest does not declare any static, non-private, non-final, nested classes annotated with @Configuration.
2022-04-13 21:12:42,188 INFO org.springframework.boot.test.context.SpringBootTestContextBootstrapper [main] Found @SpringBootConfiguration ecommerce.backend.rest.Application for test class ecommerce.backend.rest.controller.TwitterControllerTest
2022-04-13 21:12:42,256 INFO org.springframework.test.context.support.AbstractTestContextBootstrapper [main] Loaded default TestExecutionListener class names from location [META-INF/spring.factories]: [org.springframework.boot.test.mock.mockito.MockitoTestExecutionListener, org.springframework.boot.test.mock.mockito.ResetMocksTestExecutionListener, org.springframework.boot.test.autoconfigure.restdocs.RestDocsTestExecutionListener, org.springframework.boot.test.autoconfigure.web.client.MockRestServiceServerResetTestExecutionListener, org.springframework.boot.test.autoconfigure.web.servlet.MockMvcPrintOnlyOnFailureTestExecutionListener, org.springframework.boot.test.autoconfigure.web.servlet.WebDriverTestExecutionListener, org.springframework.test.context.web.ServletTestExecutionListener, org.springframework.test.context.support.DirtiesContextBeforeModesTestExecutionListener, org.springframework.test.context.support.DependencyInjectionTestExecutionListener, org.springframework.test.context.support.DirtiesContextTestExecutionListener, org.springframework.test.context.transaction.TransactionalTestExecutionListener, org.springframework.test.context.jdbc.SqlScriptsTestExecutionListener]
2022-04-13 21:12:42,270 INFO org.springframework.test.context.support.AbstractTestContextBootstrapper [main] Using TestExecutionListeners: [org.springframework.test.context.web.ServletTestExecutionListener@66fdec9, org.springframework.test.context.support.DirtiesContextBeforeModesTestExecutionListener@57abad67, org.springframework.boot.test.mock.mockito.MockitoTestExecutionListener@550a1967, org.springframework.boot.test.autoconfigure.SpringBootDependencyInjectionTestExecutionListener@2a640157, org.springframework.test.context.support.DirtiesContextTestExecutionListener@52851b44, org.springframework.test.context.transaction.TransactionalTestExecutionListener@584f54e6, org.springframework.test.context.jdbc.SqlScriptsTestExecutionListener@5d8bafa9, org.springframework.boot.test.mock.mockito.ResetMocksTestExecutionListener@576f63f6, org.springframework.boot.test.autoconfigure.restdocs.RestDocsTestExecutionListener@2dca0d64, org.springframework.boot.test.autoconfigure.web.client.MockRestServiceServerResetTestExecutionListener@f80945f, org.springframework.boot.test.autoconfigure.web.servlet.MockMvcPrintOnlyOnFailureTestExecutionListener@ff684e1, org.springframework.boot.test.autoconfigure.web.servlet.WebDriverTestExecutionListener@23aa363a]
2022-04-13 21:12:42,512 WARN org.springframework.boot.test.json.DuplicateJsonObjectContextCustomizerFactory$DuplicateJsonObjectContextCustomizer [main] 

Found multiple occurrences of org.json.JSONObject on the class path:

	jar:file:/C:/Users/Usuario/.m2/repository/com/vaadin/external/google/android-json/0.0.20131108.vaadin1/android-json-0.0.20131108.vaadin1.jar!/org/json/JSONObject.class
	jar:file:/C:/Users/Usuario/.m2/repository/org/json/json/20160212/json-20160212.jar!/org/json/JSONObject.class

You may wish to exclude one of them to ensure predictable runtime behavior

2022-04-13 21:12:42,522 INFO org.springframework.boot.StartupInfoLogger [main] Starting TwitterControllerTest on SPE-JOLOPE2 with PID 2292 (started by Usuario in D:\Jorge\Eclipse\workspace\Back-End-ECommerce-Social-Networks)
2022-04-13 21:12:42,522 DEBUG org.springframework.boot.StartupInfoLogger [main] Running with Spring Boot v2.1.2.RELEASE, Spring v5.1.4.RELEASE
2022-04-13 21:12:42,523 INFO org.springframework.boot.SpringApplication [main] No active profile set, falling back to default profiles: default
2022-04-13 21:12:42,792 WARN org.springframework.core.log.CompositeLog [background-preinit] For Jackson Kotlin classes support please add "com.fasterxml.jackson.module:jackson-module-kotlin" to the classpath
2022-04-13 21:12:43,557 INFO org.springframework.data.repository.config.RepositoryConfigurationDelegate [main] Bootstrapping Spring Data repositories in DEFAULT mode.
2022-04-13 21:12:43,630 INFO org.springframework.data.repository.config.RepositoryConfigurationDelegate [main] Finished Spring Data repository scanning in 67ms. Found 1 repository interfaces.
2022-04-13 21:12:44,147 INFO org.springframework.context.support.PostProcessorRegistrationDelegate$BeanPostProcessorChecker [main] Bean 'org.springframework.transaction.annotation.ProxyTransactionManagementConfiguration' of type [org.springframework.transaction.annotation.ProxyTransactionManagementConfiguration$$EnhancerBySpringCGLIB$$6044ae16] is not eligible for getting processed by all BeanPostProcessors (for example: not eligible for auto-proxying)
2022-04-13 21:12:44,382 INFO com.zaxxer.hikari.HikariDataSource [main] HikariPool-1 - Starting...
2022-04-13 21:12:45,423 INFO com.zaxxer.hikari.HikariDataSource [main] HikariPool-1 - Start completed.
2022-04-13 21:12:45,491 INFO org.hibernate.jpa.internal.util.LogHelper [main] HHH000204: Processing PersistenceUnitInfo [
	name: default
	...]
2022-04-13 21:12:45,545 INFO org.hibernate.Version [main] HHH000412: Hibernate Core {5.3.7.Final}
2022-04-13 21:12:45,546 INFO org.hibernate.cfg.Environment [main] HHH000206: hibernate.properties not found
2022-04-13 21:12:45,662 INFO org.hibernate.annotations.common.reflection.java.JavaReflectionManager [main] HCANN000001: Hibernate Commons Annotations {5.0.4.Final}
2022-04-13 21:12:46,074 INFO org.hibernate.dialect.Dialect [main] HHH000400: Using dialect: org.hibernate.dialect.MySQL5InnoDBDialect
2022-04-13 21:12:46,111 INFO org.hibernate.engine.jdbc.env.internal.LobCreatorBuilderImpl [main] HHH000421: Disabling contextual LOB creation as hibernate.jdbc.lob.non_contextual_creation is true
2022-04-13 21:12:54,707 INFO org.springframework.orm.jpa.AbstractEntityManagerFactoryBean [main] Initialized JPA EntityManagerFactory for persistence unit 'default'
2022-04-13 21:12:55,705 INFO org.springframework.scheduling.concurrent.ExecutorConfigurationSupport [main] Initializing ExecutorService 'applicationTaskExecutor'
2022-04-13 21:12:55,762 WARN org.springframework.boot.autoconfigure.orm.jpa.JpaBaseConfiguration$JpaWebConfiguration$JpaWebMvcConfiguration [main] spring.jpa.open-in-view is enabled by default. Therefore, database queries may be performed during view rendering. Explicitly configure spring.jpa.open-in-view to disable this warning
2022-04-13 21:12:56,768 INFO org.springframework.security.web.DefaultSecurityFilterChain [main] Creating filter chain: any request, [org.springframework.security.web.context.request.async.WebAsyncManagerIntegrationFilter@1fd77205, org.springframework.security.web.context.SecurityContextPersistenceFilter@28796d0e, org.springframework.security.web.header.HeaderWriterFilter@1ee126de, org.springframework.security.web.csrf.CsrfFilter@3f919230, org.springframework.security.web.authentication.logout.LogoutFilter@3f3a529f, org.springframework.security.web.authentication.UsernamePasswordAuthenticationFilter@14091e24, org.springframework.security.web.authentication.ui.DefaultLoginPageGeneratingFilter@2932721e, org.springframework.security.web.authentication.ui.DefaultLogoutPageGeneratingFilter@3b9c05f, org.springframework.security.web.authentication.www.BasicAuthenticationFilter@779cb140, org.springframework.security.web.savedrequest.RequestCacheAwareFilter@563bd6a4, org.springframework.security.web.servletapi.SecurityContextHolderAwareRequestFilter@5812935, org.springframework.security.web.authentication.AnonymousAuthenticationFilter@288915a1, org.springframework.security.web.session.SessionManagementFilter@14b4b25e, org.springframework.security.web.access.ExceptionTranslationFilter@1028a747, org.springframework.security.web.access.intercept.FilterSecurityInterceptor@272f5373]
2022-04-13 21:12:56,897 INFO org.springframework.boot.actuate.endpoint.web.EndpointLinksResolver [main] Exposing 2 endpoint(s) beneath base path '/actuator'
2022-04-13 21:12:57,027 INFO org.springframework.boot.StartupInfoLogger [main] Started TwitterControllerTest in 14.73 seconds (JVM running for 15.65)
2022-04-13 21:12:57,132 INFO ecommerce.backend.rest.controller.TwitterController [main] ===================inside API check ===================
2022-04-13 21:12:58,668 INFO ecommerce.backend.rest.controller.TwitterController [main] ===================inside API check ===================
2022-04-13 21:12:59,574 INFO org.springframework.scheduling.concurrent.ExecutorConfigurationSupport [Thread-4] Shutting down ExecutorService 'applicationTaskExecutor'
2022-04-13 21:12:59,576 INFO org.springframework.orm.jpa.AbstractEntityManagerFactoryBean [Thread-4] Closing JPA EntityManagerFactory for persistence unit 'default'
2022-04-13 21:12:59,578 INFO com.zaxxer.hikari.HikariDataSource [Thread-4] HikariPool-1 - Shutdown initiated...
2022-04-13 21:12:59,590 INFO com.zaxxer.hikari.HikariDataSource [Thread-4] HikariPool-1 - Shutdown completed.
2022-04-13 21:24:53,320 INFO org.springframework.core.KotlinDetector [main] Kotlin reflection implementation not found at runtime, related features won't be available.
2022-04-13 21:24:53,353 INFO org.springframework.test.context.support.AbstractTestContextBootstrapper [main] Neither @ContextConfiguration nor @ContextHierarchy found for test class [ecommerce.backend.rest.controller.TwitterControllerTest], using SpringBootContextLoader
2022-04-13 21:24:53,357 INFO org.springframework.test.context.support.AbstractContextLoader [main] Could not detect default resource locations for test class [ecommerce.backend.rest.controller.TwitterControllerTest]: no resource found for suffixes {-context.xml, Context.groovy}.
2022-04-13 21:24:53,358 INFO org.springframework.test.context.support.AnnotationConfigContextLoaderUtils [main] Could not detect default configuration classes for test class [ecommerce.backend.rest.controller.TwitterControllerTest]: TwitterControllerTest does not declare any static, non-private, non-final, nested classes annotated with @Configuration.
2022-04-13 21:24:53,467 INFO org.springframework.boot.test.context.SpringBootTestContextBootstrapper [main] Found @SpringBootConfiguration ecommerce.backend.rest.Application for test class ecommerce.backend.rest.controller.TwitterControllerTest
2022-04-13 21:24:53,529 INFO org.springframework.test.context.support.AbstractTestContextBootstrapper [main] Loaded default TestExecutionListener class names from location [META-INF/spring.factories]: [org.springframework.boot.test.mock.mockito.MockitoTestExecutionListener, org.springframework.boot.test.mock.mockito.ResetMocksTestExecutionListener, org.springframework.boot.test.autoconfigure.restdocs.RestDocsTestExecutionListener, org.springframework.boot.test.autoconfigure.web.client.MockRestServiceServerResetTestExecutionListener, org.springframework.boot.test.autoconfigure.web.servlet.MockMvcPrintOnlyOnFailureTestExecutionListener, org.springframework.boot.test.autoconfigure.web.servlet.WebDriverTestExecutionListener, org.springframework.test.context.web.ServletTestExecutionListener, org.springframework.test.context.support.DirtiesContextBeforeModesTestExecutionListener, org.springframework.test.context.support.DependencyInjectionTestExecutionListener, org.springframework.test.context.support.DirtiesContextTestExecutionListener, org.springframework.test.context.transaction.TransactionalTestExecutionListener, org.springframework.test.context.jdbc.SqlScriptsTestExecutionListener]
2022-04-13 21:24:53,543 INFO org.springframework.test.context.support.AbstractTestContextBootstrapper [main] Using TestExecutionListeners: [org.springframework.test.context.web.ServletTestExecutionListener@5d9b7a8a, org.springframework.test.context.support.DirtiesContextBeforeModesTestExecutionListener@1e8ce150, org.springframework.boot.test.mock.mockito.MockitoTestExecutionListener@604f2bd2, org.springframework.boot.test.autoconfigure.SpringBootDependencyInjectionTestExecutionListener@1d3ac898, org.springframework.test.context.support.DirtiesContextTestExecutionListener@1b73be9f, org.springframework.test.context.transaction.TransactionalTestExecutionListener@628c4ac0, org.springframework.test.context.jdbc.SqlScriptsTestExecutionListener@7b84fcf8, org.springframework.boot.test.mock.mockito.ResetMocksTestExecutionListener@30b19518, org.springframework.boot.test.autoconfigure.restdocs.RestDocsTestExecutionListener@363042d7, org.springframework.boot.test.autoconfigure.web.client.MockRestServiceServerResetTestExecutionListener@366ac49b, org.springframework.boot.test.autoconfigure.web.servlet.MockMvcPrintOnlyOnFailureTestExecutionListener@6ad59d92, org.springframework.boot.test.autoconfigure.web.servlet.WebDriverTestExecutionListener@56f0cc85]
2022-04-13 21:24:53,773 WARN org.springframework.boot.test.json.DuplicateJsonObjectContextCustomizerFactory$DuplicateJsonObjectContextCustomizer [main] 

Found multiple occurrences of org.json.JSONObject on the class path:

	jar:file:/C:/Users/Usuario/.m2/repository/com/vaadin/external/google/android-json/0.0.20131108.vaadin1/android-json-0.0.20131108.vaadin1.jar!/org/json/JSONObject.class
	jar:file:/C:/Users/Usuario/.m2/repository/org/json/json/20160212/json-20160212.jar!/org/json/JSONObject.class

You may wish to exclude one of them to ensure predictable runtime behavior

2022-04-13 21:24:53,784 INFO org.springframework.boot.StartupInfoLogger [main] Starting TwitterControllerTest on SPE-JOLOPE2 with PID 8296 (started by Usuario in D:\Jorge\Eclipse\workspace\Back-End-ECommerce-Social-Networks)
2022-04-13 21:24:53,784 DEBUG org.springframework.boot.StartupInfoLogger [main] Running with Spring Boot v2.1.2.RELEASE, Spring v5.1.4.RELEASE
2022-04-13 21:24:53,785 INFO org.springframework.boot.SpringApplication [main] No active profile set, falling back to default profiles: default
2022-04-13 21:24:54,027 WARN org.springframework.core.log.CompositeLog [background-preinit] For Jackson Kotlin classes support please add "com.fasterxml.jackson.module:jackson-module-kotlin" to the classpath
2022-04-13 21:24:54,742 INFO org.springframework.data.repository.config.RepositoryConfigurationDelegate [main] Bootstrapping Spring Data repositories in DEFAULT mode.
2022-04-13 21:24:54,810 INFO org.springframework.data.repository.config.RepositoryConfigurationDelegate [main] Finished Spring Data repository scanning in 60ms. Found 1 repository interfaces.
2022-04-13 21:24:55,309 INFO org.springframework.context.support.PostProcessorRegistrationDelegate$BeanPostProcessorChecker [main] Bean 'org.springframework.transaction.annotation.ProxyTransactionManagementConfiguration' of type [org.springframework.transaction.annotation.ProxyTransactionManagementConfiguration$$EnhancerBySpringCGLIB$$45719f38] is not eligible for getting processed by all BeanPostProcessors (for example: not eligible for auto-proxying)
2022-04-13 21:24:55,549 INFO com.zaxxer.hikari.HikariDataSource [main] HikariPool-1 - Starting...
2022-04-13 21:24:56,706 INFO com.zaxxer.hikari.HikariDataSource [main] HikariPool-1 - Start completed.
2022-04-13 21:24:56,777 INFO org.hibernate.jpa.internal.util.LogHelper [main] HHH000204: Processing PersistenceUnitInfo [
	name: default
	...]
2022-04-13 21:24:56,829 INFO org.hibernate.Version [main] HHH000412: Hibernate Core {5.3.7.Final}
2022-04-13 21:24:56,831 INFO org.hibernate.cfg.Environment [main] HHH000206: hibernate.properties not found
2022-04-13 21:24:56,947 INFO org.hibernate.annotations.common.reflection.java.JavaReflectionManager [main] HCANN000001: Hibernate Commons Annotations {5.0.4.Final}
2022-04-13 21:24:57,359 INFO org.hibernate.dialect.Dialect [main] HHH000400: Using dialect: org.hibernate.dialect.MySQL5InnoDBDialect
2022-04-13 21:24:57,396 INFO org.hibernate.engine.jdbc.env.internal.LobCreatorBuilderImpl [main] HHH000421: Disabling contextual LOB creation as hibernate.jdbc.lob.non_contextual_creation is true
2022-04-13 21:25:06,661 INFO org.springframework.orm.jpa.AbstractEntityManagerFactoryBean [main] Initialized JPA EntityManagerFactory for persistence unit 'default'
2022-04-13 21:25:07,610 INFO org.springframework.scheduling.concurrent.ExecutorConfigurationSupport [main] Initializing ExecutorService 'applicationTaskExecutor'
2022-04-13 21:25:07,665 WARN org.springframework.boot.autoconfigure.orm.jpa.JpaBaseConfiguration$JpaWebConfiguration$JpaWebMvcConfiguration [main] spring.jpa.open-in-view is enabled by default. Therefore, database queries may be performed during view rendering. Explicitly configure spring.jpa.open-in-view to disable this warning
2022-04-13 21:25:08,652 INFO org.springframework.security.web.DefaultSecurityFilterChain [main] Creating filter chain: any request, [org.springframework.security.web.context.request.async.WebAsyncManagerIntegrationFilter@4a467ada, org.springframework.security.web.context.SecurityContextPersistenceFilter@24890021, org.springframework.security.web.header.HeaderWriterFilter@639bf405, org.springframework.security.web.csrf.CsrfFilter@2433bcd4, org.springframework.security.web.authentication.logout.LogoutFilter@41e43885, org.springframework.security.web.authentication.UsernamePasswordAuthenticationFilter@4bd1b07d, org.springframework.security.web.authentication.ui.DefaultLoginPageGeneratingFilter@7307ae6, org.springframework.security.web.authentication.ui.DefaultLogoutPageGeneratingFilter@92775a3, org.springframework.security.web.authentication.www.BasicAuthenticationFilter@1be4f05c, org.springframework.security.web.savedrequest.RequestCacheAwareFilter@7205a8b7, org.springframework.security.web.servletapi.SecurityContextHolderAwareRequestFilter@3549c070, org.springframework.security.web.authentication.AnonymousAuthenticationFilter@2512155e, org.springframework.security.web.session.SessionManagementFilter@9d7a853, org.springframework.security.web.access.ExceptionTranslationFilter@75b25ec3, org.springframework.security.web.access.intercept.FilterSecurityInterceptor@7712df76]
2022-04-13 21:25:08,785 INFO org.springframework.boot.actuate.endpoint.web.EndpointLinksResolver [main] Exposing 2 endpoint(s) beneath base path '/actuator'
2022-04-13 21:25:08,921 INFO org.springframework.boot.StartupInfoLogger [main] Started TwitterControllerTest in 15.353 seconds (JVM running for 16.247)
2022-04-13 21:25:09,028 INFO ecommerce.backend.rest.controller.TwitterController [main] ===================inside API check ===================
2022-04-13 21:25:10,469 INFO ecommerce.backend.rest.controller.TwitterController [main] ===================inside API check ===================
2022-04-13 21:25:11,452 INFO org.springframework.scheduling.concurrent.ExecutorConfigurationSupport [Thread-4] Shutting down ExecutorService 'applicationTaskExecutor'
2022-04-13 21:25:11,455 INFO org.springframework.orm.jpa.AbstractEntityManagerFactoryBean [Thread-4] Closing JPA EntityManagerFactory for persistence unit 'default'
2022-04-13 21:25:11,459 INFO com.zaxxer.hikari.HikariDataSource [Thread-4] HikariPool-1 - Shutdown initiated...
2022-04-13 21:25:11,475 INFO com.zaxxer.hikari.HikariDataSource [Thread-4] HikariPool-1 - Shutdown completed.
2022-04-13 21:36:39,639 INFO org.springframework.core.KotlinDetector [main] Kotlin reflection implementation not found at runtime, related features won't be available.
2022-04-13 21:36:39,670 INFO org.springframework.test.context.support.AbstractTestContextBootstrapper [main] Neither @ContextConfiguration nor @ContextHierarchy found for test class [ecommerce.backend.rest.controller.TwitterControllerTest], using SpringBootContextLoader
2022-04-13 21:36:39,674 INFO org.springframework.test.context.support.AbstractContextLoader [main] Could not detect default resource locations for test class [ecommerce.backend.rest.controller.TwitterControllerTest]: no resource found for suffixes {-context.xml, Context.groovy}.
2022-04-13 21:36:39,675 INFO org.springframework.test.context.support.AnnotationConfigContextLoaderUtils [main] Could not detect default configuration classes for test class [ecommerce.backend.rest.controller.TwitterControllerTest]: TwitterControllerTest does not declare any static, non-private, non-final, nested classes annotated with @Configuration.
2022-04-13 21:36:39,778 INFO org.springframework.boot.test.context.SpringBootTestContextBootstrapper [main] Found @SpringBootConfiguration ecommerce.backend.rest.Application for test class ecommerce.backend.rest.controller.TwitterControllerTest
2022-04-13 21:36:39,842 INFO org.springframework.test.context.support.AbstractTestContextBootstrapper [main] Loaded default TestExecutionListener class names from location [META-INF/spring.factories]: [org.springframework.boot.test.mock.mockito.MockitoTestExecutionListener, org.springframework.boot.test.mock.mockito.ResetMocksTestExecutionListener, org.springframework.boot.test.autoconfigure.restdocs.RestDocsTestExecutionListener, org.springframework.boot.test.autoconfigure.web.client.MockRestServiceServerResetTestExecutionListener, org.springframework.boot.test.autoconfigure.web.servlet.MockMvcPrintOnlyOnFailureTestExecutionListener, org.springframework.boot.test.autoconfigure.web.servlet.WebDriverTestExecutionListener, org.springframework.test.context.web.ServletTestExecutionListener, org.springframework.test.context.support.DirtiesContextBeforeModesTestExecutionListener, org.springframework.test.context.support.DependencyInjectionTestExecutionListener, org.springframework.test.context.support.DirtiesContextTestExecutionListener, org.springframework.test.context.transaction.TransactionalTestExecutionListener, org.springframework.test.context.jdbc.SqlScriptsTestExecutionListener]
2022-04-13 21:36:39,858 INFO org.springframework.test.context.support.AbstractTestContextBootstrapper [main] Using TestExecutionListeners: [org.springframework.test.context.web.ServletTestExecutionListener@5d9b7a8a, org.springframework.test.context.support.DirtiesContextBeforeModesTestExecutionListener@1e8ce150, org.springframework.boot.test.mock.mockito.MockitoTestExecutionListener@604f2bd2, org.springframework.boot.test.autoconfigure.SpringBootDependencyInjectionTestExecutionListener@1d3ac898, org.springframework.test.context.support.DirtiesContextTestExecutionListener@1b73be9f, org.springframework.test.context.transaction.TransactionalTestExecutionListener@628c4ac0, org.springframework.test.context.jdbc.SqlScriptsTestExecutionListener@7b84fcf8, org.springframework.boot.test.mock.mockito.ResetMocksTestExecutionListener@30b19518, org.springframework.boot.test.autoconfigure.restdocs.RestDocsTestExecutionListener@363042d7, org.springframework.boot.test.autoconfigure.web.client.MockRestServiceServerResetTestExecutionListener@366ac49b, org.springframework.boot.test.autoconfigure.web.servlet.MockMvcPrintOnlyOnFailureTestExecutionListener@6ad59d92, org.springframework.boot.test.autoconfigure.web.servlet.WebDriverTestExecutionListener@56f0cc85]
2022-04-13 21:36:40,090 WARN org.springframework.boot.test.json.DuplicateJsonObjectContextCustomizerFactory$DuplicateJsonObjectContextCustomizer [main] 

Found multiple occurrences of org.json.JSONObject on the class path:

	jar:file:/C:/Users/Usuario/.m2/repository/com/vaadin/external/google/android-json/0.0.20131108.vaadin1/android-json-0.0.20131108.vaadin1.jar!/org/json/JSONObject.class
	jar:file:/C:/Users/Usuario/.m2/repository/org/json/json/20160212/json-20160212.jar!/org/json/JSONObject.class

You may wish to exclude one of them to ensure predictable runtime behavior

2022-04-13 21:36:40,101 INFO org.springframework.boot.StartupInfoLogger [main] Starting TwitterControllerTest on SPE-JOLOPE2 with PID 3472 (started by Usuario in D:\Jorge\Eclipse\workspace\Back-End-ECommerce-Social-Networks)
2022-04-13 21:36:40,102 DEBUG org.springframework.boot.StartupInfoLogger [main] Running with Spring Boot v2.1.2.RELEASE, Spring v5.1.4.RELEASE
2022-04-13 21:36:40,102 INFO org.springframework.boot.SpringApplication [main] No active profile set, falling back to default profiles: default
2022-04-13 21:36:40,346 WARN org.springframework.core.log.CompositeLog [background-preinit] For Jackson Kotlin classes support please add "com.fasterxml.jackson.module:jackson-module-kotlin" to the classpath
2022-04-13 21:36:41,064 INFO org.springframework.data.repository.config.RepositoryConfigurationDelegate [main] Bootstrapping Spring Data repositories in DEFAULT mode.
2022-04-13 21:36:41,141 INFO org.springframework.data.repository.config.RepositoryConfigurationDelegate [main] Finished Spring Data repository scanning in 71ms. Found 1 repository interfaces.
2022-04-13 21:36:41,659 INFO org.springframework.context.support.PostProcessorRegistrationDelegate$BeanPostProcessorChecker [main] Bean 'org.springframework.transaction.annotation.ProxyTransactionManagementConfiguration' of type [org.springframework.transaction.annotation.ProxyTransactionManagementConfiguration$$EnhancerBySpringCGLIB$$64f27197] is not eligible for getting processed by all BeanPostProcessors (for example: not eligible for auto-proxying)
2022-04-13 21:36:41,878 INFO com.zaxxer.hikari.HikariDataSource [main] HikariPool-1 - Starting...
2022-04-13 21:36:42,912 INFO com.zaxxer.hikari.HikariDataSource [main] HikariPool-1 - Start completed.
2022-04-13 21:36:42,982 INFO org.hibernate.jpa.internal.util.LogHelper [main] HHH000204: Processing PersistenceUnitInfo [
	name: default
	...]
2022-04-13 21:36:43,038 INFO org.hibernate.Version [main] HHH000412: Hibernate Core {5.3.7.Final}
2022-04-13 21:36:43,040 INFO org.hibernate.cfg.Environment [main] HHH000206: hibernate.properties not found
2022-04-13 21:36:43,152 INFO org.hibernate.annotations.common.reflection.java.JavaReflectionManager [main] HCANN000001: Hibernate Commons Annotations {5.0.4.Final}
2022-04-13 21:36:43,543 INFO org.hibernate.dialect.Dialect [main] HHH000400: Using dialect: org.hibernate.dialect.MySQL5InnoDBDialect
2022-04-13 21:36:43,580 INFO org.hibernate.engine.jdbc.env.internal.LobCreatorBuilderImpl [main] HHH000421: Disabling contextual LOB creation as hibernate.jdbc.lob.non_contextual_creation is true
2022-04-13 21:36:51,866 INFO org.springframework.orm.jpa.AbstractEntityManagerFactoryBean [main] Initialized JPA EntityManagerFactory for persistence unit 'default'
2022-04-13 21:36:52,959 INFO org.springframework.scheduling.concurrent.ExecutorConfigurationSupport [main] Initializing ExecutorService 'applicationTaskExecutor'
2022-04-13 21:36:53,017 WARN org.springframework.boot.autoconfigure.orm.jpa.JpaBaseConfiguration$JpaWebConfiguration$JpaWebMvcConfiguration [main] spring.jpa.open-in-view is enabled by default. Therefore, database queries may be performed during view rendering. Explicitly configure spring.jpa.open-in-view to disable this warning
2022-04-13 21:36:53,990 INFO org.springframework.security.web.DefaultSecurityFilterChain [main] Creating filter chain: any request, [org.springframework.security.web.context.request.async.WebAsyncManagerIntegrationFilter@38326fd5, org.springframework.security.web.context.SecurityContextPersistenceFilter@1028a747, org.springframework.security.web.header.HeaderWriterFilter@33997e07, org.springframework.security.web.csrf.CsrfFilter@66d73e2d, org.springframework.security.web.authentication.logout.LogoutFilter@48224381, org.springframework.security.web.authentication.UsernamePasswordAuthenticationFilter@2784145d, org.springframework.security.web.authentication.ui.DefaultLoginPageGeneratingFilter@7c816f46, org.springframework.security.web.authentication.ui.DefaultLogoutPageGeneratingFilter@4a467ada, org.springframework.security.web.authentication.www.BasicAuthenticationFilter@17e4beda, org.springframework.security.web.savedrequest.RequestCacheAwareFilter@27422187, org.springframework.security.web.servletapi.SecurityContextHolderAwareRequestFilter@563bd6a4, org.springframework.security.web.authentication.AnonymousAuthenticationFilter@92775a3, org.springframework.security.web.session.SessionManagementFilter@eda7dd3, org.springframework.security.web.access.ExceptionTranslationFilter@7dd847a2, org.springframework.security.web.access.intercept.FilterSecurityInterceptor@79a92277]
2022-04-13 21:36:54,113 INFO org.springframework.boot.actuate.endpoint.web.EndpointLinksResolver [main] Exposing 2 endpoint(s) beneath base path '/actuator'
2022-04-13 21:36:54,257 INFO org.springframework.boot.StartupInfoLogger [main] Started TwitterControllerTest in 14.375 seconds (JVM running for 15.249)
2022-04-13 21:36:54,378 INFO ecommerce.backend.rest.controller.TwitterController [main] ===================inside API check ===================
2022-04-13 21:36:55,679 DEBUG ecommerce.backend.rest.service.TwitterServiceImpl [main] Id:143203091
2022-04-13 21:36:55,680 DEBUG ecommerce.backend.rest.service.TwitterServiceImpl [main] Jorge
2022-04-13 21:36:55,680 DEBUG ecommerce.backend.rest.service.TwitterServiceImpl [main] 1
2022-04-13 21:36:55,680 DEBUG ecommerce.backend.rest.service.TwitterServiceImpl [main] 1
2022-04-13 21:36:55,681 DEBUG ecommerce.backend.rest.service.TwitterServiceImpl [main] Hello W
2022-04-13 21:36:55,681 DEBUG ecommerce.backend.rest.service.TwitterServiceImpl [main] Hello Wor
2022-04-13 21:36:55,681 DEBUG ecommerce.backend.rest.service.TwitterServiceImpl [main] NB HP 14 Pulgadas Procesador I3 Memoria 4GB Disco Duro 256G SSD Marketplace506
2022-04-13 21:36:55,681 DEBUG ecommerce.backend.rest.service.TwitterServiceImpl [main] Camisa Familiar Navidad Verde Reno Café Marketplace506
2022-04-13 21:36:55,682 DEBUG ecommerce.backend.rest.service.TwitterServiceImpl [main] Hello W
2022-04-13 21:36:55,698 INFO ecommerce.backend.rest.controller.TwitterController [main] ===================inside API check ===================
2022-04-13 21:36:56,526 DEBUG ecommerce.backend.rest.service.TwitterServiceImpl [main] Id:143203091
2022-04-13 21:36:56,528 DEBUG ecommerce.backend.rest.service.TwitterServiceImpl [main] Jorge
2022-04-13 21:36:56,528 DEBUG ecommerce.backend.rest.service.TwitterServiceImpl [main] 1
2022-04-13 21:36:56,528 DEBUG ecommerce.backend.rest.service.TwitterServiceImpl [main] 1
2022-04-13 21:36:56,528 DEBUG ecommerce.backend.rest.service.TwitterServiceImpl [main] Hello W
2022-04-13 21:36:56,529 DEBUG ecommerce.backend.rest.service.TwitterServiceImpl [main] Hello Wor
2022-04-13 21:36:56,529 DEBUG ecommerce.backend.rest.service.TwitterServiceImpl [main] NB HP 14 Pulgadas Procesador I3 Memoria 4GB Disco Duro 256G SSD Marketplace506
2022-04-13 21:36:56,529 DEBUG ecommerce.backend.rest.service.TwitterServiceImpl [main] Camisa Familiar Navidad Verde Reno Café Marketplace506
2022-04-13 21:36:56,529 DEBUG ecommerce.backend.rest.service.TwitterServiceImpl [main] Hello W
2022-04-13 21:36:56,566 INFO org.springframework.scheduling.concurrent.ExecutorConfigurationSupport [Thread-4] Shutting down ExecutorService 'applicationTaskExecutor'
2022-04-13 21:36:56,569 INFO org.springframework.orm.jpa.AbstractEntityManagerFactoryBean [Thread-4] Closing JPA EntityManagerFactory for persistence unit 'default'
2022-04-13 21:36:56,572 INFO com.zaxxer.hikari.HikariDataSource [Thread-4] HikariPool-1 - Shutdown initiated...
2022-04-13 21:36:56,585 INFO com.zaxxer.hikari.HikariDataSource [Thread-4] HikariPool-1 - Shutdown completed.
